# JRE version: Java(TM) SE Runtime Environment (8.0_181-b13) (build 1.8.0_181-b13)
# Java VM: Java HotSpot(TM) 64-Bit Server VM (25.181-b13 mixed mode bsd-amd64 compressed oops)
Heap:
 PSYoungGen      total 95232K, used 60954K [0x00000007aab00000, 0x00000007b2580000, 0x00000007c0000000)
  eden space 80384K, 69% used [0x00000007aab00000,0x00000007ae1467e8,0x00000007af980000)
  from space 14848K, 36% used [0x00000007b0d00000,0x00000007b1240150,0x00000007b1b80000)
  to   space 19968K, 0% used [0x00000007af980000,0x00000007af980000,0x00000007b0d00000)
 ParOldGen       total 75264K, used 33430K [0x0000000780000000, 0x0000000784980000, 0x00000007aab00000)
  object space 75264K, 44% used [0x0000000780000000,0x00000007820a59c8,0x0000000784980000)
 Metaspace       used 24831K, capacity 25175K, committed 25600K, reserved 1073152K
  class space    used 2456K, capacity 2558K, committed 2560K, reserved 1048576K
GC Heap History (10 events):
Event: 15.774 GC heap before
{Heap before GC invocations=6 (full 1):
 PSYoungGen      total 35328K, used 32768K [0x00000007aab00000, 0x00000007ad000000, 0x00000007c0000000)
  eden space 32768K, 100% used [0x00000007aab00000,0x00000007acb00000,0x00000007acb00000)
  from space 2560K, 0% used [0x00000007acd80000,0x00000007acd80000,0x00000007ad000000)
  to   space 2560K, 0% used [0x00000007acb00000,0x00000007acb00000,0x00000007acd80000)
 ParOldGen       total 33792K, used 7429K [0x0000000780000000, 0x0000000782100000, 0x00000007aab00000)
  object space 33792K, 21% used [0x0000000780000000,0x0000000780741548,0x0000000782100000)
 Metaspace       used 23903K, capacity 24263K, committed 24576K, reserved 1071104K
  class space    used 2440K, capacity 2554K, committed 2560K, reserved 1048576K
Event: 15.866 GC heap after
Heap after GC invocations=6 (full 1):
 PSYoungGen      total 35328K, used 2544K [0x00000007aab00000, 0x00000007af900000, 0x00000007c0000000)
  eden space 32768K, 0% used [0x00000007aab00000,0x00000007aab00000,0x00000007acb00000)
  from space 2560K, 99% used [0x00000007acb00000,0x00000007acd7c0b0,0x00000007acd80000)
  to   space 12288K, 0% used [0x00000007aed00000,0x00000007aed00000,0x00000007af900000)
 ParOldGen       total 33792K, used 18754K [0x0000000780000000, 0x0000000782100000, 0x00000007aab00000)
  object space 33792K, 55% used [0x0000000780000000,0x0000000781250b78,0x0000000782100000)
 Metaspace       used 23903K, capacity 24263K, committed 24576K, reserved 1071104K
  class space    used 2440K, capacity 2554K, committed 2560K, reserved 1048576K
}
Event: 21.684 GC heap before
{Heap before GC invocations=7 (full 1):
 PSYoungGen      total 35328K, used 35312K [0x00000007aab00000, 0x00000007af900000, 0x00000007c0000000)
  eden space 32768K, 100% used [0x00000007aab00000,0x00000007acb00000,0x00000007acb00000)
  from space 2560K, 99% used [0x00000007acb00000,0x00000007acd7c0b0,0x00000007acd80000)
  to   space 12288K, 0% used [0x00000007aed00000,0x00000007aed00000,0x00000007af900000)
 ParOldGen       total 33792K, used 18754K [0x0000000780000000, 0x0000000782100000, 0x00000007aab00000)
  object space 33792K, 55% used [0x0000000780000000,0x0000000781250b78,0x0000000782100000)
 Metaspace       used 24233K, capacity 24595K, committed 24832K, reserved 1071104K
  class space    used 2442K, capacity 2556K, committed 2560K, reserved 1048576K
Event: 21.705 GC heap after
Heap after GC invocations=7 (full 1):
 PSYoungGen      total 63488K, used 5456K [0x00000007aab00000, 0x00000007af680000, 0x00000007c0000000)
  eden space 53760K, 0% used [0x00000007aab00000,0x00000007aab00000,0x00000007adf80000)
  from space 9728K, 56% used [0x00000007aed00000,0x00000007af2541e0,0x00000007af680000)
  to   space 11776K, 0% used [0x00000007adf80000,0x00000007adf80000,0x00000007aeb00000)
 ParOldGen       total 33792K, used 18762K [0x0000000780000000, 0x0000000782100000, 0x00000007aab00000)
  object space 33792K, 55% used [0x0000000780000000,0x0000000781252b78,0x0000000782100000)
 Metaspace       used 24233K, capacity 24595K, committed 24832K, reserved 1071104K
  class space    used 2442K, capacity 2556K, committed 2560K, reserved 1048576K
}
Event: 28.670 GC heap before
{Heap before GC invocations=8 (full 1):
 PSYoungGen      total 63488K, used 59216K [0x00000007aab00000, 0x00000007af680000, 0x00000007c0000000)
  eden space 53760K, 100% used [0x00000007aab00000,0x00000007adf80000,0x00000007adf80000)
  from space 9728K, 56% used [0x00000007aed00000,0x00000007af2541e0,0x00000007af680000)
  to   space 11776K, 0% used [0x00000007adf80000,0x00000007adf80000,0x00000007aeb00000)
 ParOldGen       total 33792K, used 18762K [0x0000000780000000, 0x0000000782100000, 0x00000007aab00000)
  object space 33792K, 55% used [0x0000000780000000,0x0000000781252b78,0x0000000782100000)
 Metaspace       used 24426K, capacity 24787K, committed 25088K, reserved 1071104K
  class space    used 2443K, capacity 2556K, committed 2560K, reserved 1048576K
Event: 28.708 GC heap after
Heap after GC invocations=8 (full 1):
 PSYoungGen      total 65536K, used 11760K [0x00000007aab00000, 0x00000007b1b80000, 0x00000007c0000000)
  eden space 53760K, 0% used [0x00000007aab00000,0x00000007aab00000,0x00000007adf80000)
  from space 11776K, 99% used [0x00000007adf80000,0x00000007aeafc300,0x00000007aeb00000)
  to   space 14848K, 0% used [0x00000007b0d00000,0x00000007b0d00000,0x00000007b1b80000)
 ParOldGen       total 33792K, used 21036K [0x0000000780000000, 0x0000000782100000, 0x00000007aab00000)
  object space 33792K, 62% used [0x0000000780000000,0x000000078148b3f0,0x0000000782100000)
 Metaspace       used 24426K, capacity 24787K, committed 25088K, reserved 1071104K
  class space    used 2443K, capacity 2556K, committed 2560K, reserved 1048576K
}
Event: 34.033 GC heap before
{Heap before GC invocations=9 (full 1):
 PSYoungGen      total 65536K, used 65459K [0x00000007aab00000, 0x00000007b1b80000, 0x00000007c0000000)
  eden space 53760K, 99% used [0x00000007aab00000,0x00000007adf70c40,0x00000007adf80000)
  from space 11776K, 99% used [0x00000007adf80000,0x00000007aeafc300,0x00000007aeb00000)
  to   space 14848K, 0% used [0x00000007b0d00000,0x00000007b0d00000,0x00000007b1b80000)
 ParOldGen       total 33792K, used 21036K [0x0000000780000000, 0x0000000782100000, 0x00000007aab00000)
  object space 33792K, 62% used [0x0000000780000000,0x000000078148b3f0,0x0000000782100000)
 Metaspace       used 24638K, capacity 25043K, committed 25344K, reserved 1073152K
  class space    used 2444K, capacity 2556K, committed 2560K, reserved 1048576K
Event: 34.106 GC heap after
Heap after GC invocations=9 (full 1):
 PSYoungGen      total 95232K, used 14816K [0x00000007aab00000, 0x00000007b2580000, 0x00000007c0000000)
  eden space 80384K, 0% used [0x00000007aab00000,0x00000007aab00000,0x00000007af980000)
  from space 14848K, 99% used [0x00000007b0d00000,0x00000007b1b783b0,0x00000007b1b80000)
  to   space 19968K, 0% used [0x00000007af980000,0x00000007af980000,0x00000007b0d00000)
 ParOldGen       total 33792K, used 27495K [0x0000000780000000, 0x0000000782100000, 0x00000007aab00000)
  object space 33792K, 81% used [0x0000000780000000,0x0000000781ad9d30,0x0000000782100000)
 Metaspace       used 24638K, capacity 25043K, committed 25344K, reserved 1073152K
  class space    used 2444K, capacity 2556K, committed 2560K, reserved 1048576K
}
Event: 34.106 GC heap before
{Heap before GC invocations=10 (full 2):
 PSYoungGen      total 95232K, used 14816K [0x00000007aab00000, 0x00000007b2580000, 0x00000007c0000000)
  eden space 80384K, 0% used [0x00000007aab00000,0x00000007aab00000,0x00000007af980000)
  from space 14848K, 99% used [0x00000007b0d00000,0x00000007b1b783b0,0x00000007b1b80000)
  to   space 19968K, 0% used [0x00000007af980000,0x00000007af980000,0x00000007b0d00000)
 ParOldGen       total 33792K, used 27495K [0x0000000780000000, 0x0000000782100000, 0x00000007aab00000)
  object space 33792K, 81% used [0x0000000780000000,0x0000000781ad9d30,0x0000000782100000)
 Metaspace       used 24638K, capacity 25043K, committed 25344K, reserved 1073152K
  class space    used 2444K, capacity 2556K, committed 2560K, reserved 1048576K
Event: 34.340 GC heap after
Heap after GC invocations=10 (full 2):
 PSYoungGen      total 95232K, used 5376K [0x00000007aab00000, 0x00000007b2580000, 0x00000007c0000000)
  eden space 80384K, 0% used [0x00000007aab00000,0x00000007aab00000,0x00000007af980000)
  from space 14848K, 36% used [0x00000007b0d00000,0x00000007b1240150,0x00000007b1b80000)
  to   space 19968K, 0% used [0x00000007af980000,0x00000007af980000,0x00000007b0d00000)
 ParOldGen       total 75264K, used 33430K [0x0000000780000000, 0x0000000784980000, 0x00000007aab00000)
  object space 75264K, 44% used [0x0000000780000000,0x00000007820a59c8,0x0000000784980000)
 Metaspace       used 24638K, capacity 25043K, committed 25344K, reserved 1073152K
  class space    used 2444K, capacity 2556K, committed 2560K, reserved 1048576K
}

