# JRE version: Java(TM) SE Runtime Environment (8.0_181-b13) (build 1.8.0_181-b13)
# Java VM: Java HotSpot(TM) 64-Bit Server VM (25.181-b13 mixed mode bsd-amd64 compressed oops)
Heap:
 PSYoungGen      total 105984K, used 21562K [0x00000007aab00000, 0x00000007b2e80000, 0x00000007c0000000)
  eden space 78336K, 27% used [0x00000007aab00000,0x00000007ac00eb18,0x00000007af780000)
  from space 27648K, 0% used [0x00000007b1380000,0x00000007b1380000,0x00000007b2e80000)
  to   space 28160K, 0% used [0x00000007af780000,0x00000007af780000,0x00000007b1300000)
 ParOldGen       total 67584K, used 24829K [0x0000000780000000, 0x0000000784200000, 0x00000007aab00000)
  object space 67584K, 36% used [0x0000000780000000,0x000000078183f438,0x0000000784200000)
 Metaspace       used 21499K, capacity 21853K, committed 22272K, reserved 1069056K
  class space    used 2138K, capacity 2256K, committed 2304K, reserved 1048576K
GC Heap History (10 events):
Event: 34.640 GC heap before
{Heap before GC invocations=8 (full 1):
 PSYoungGen      total 48128K, used 42052K [0x00000007aab00000, 0x00000007af100000, 0x00000007c0000000)
  eden space 30720K, 100% used [0x00000007aab00000,0x00000007ac900000,0x00000007ac900000)
  from space 17408K, 65% used [0x00000007ae000000,0x00000007aeb11278,0x00000007af100000)
  to   space 20480K, 0% used [0x00000007ac900000,0x00000007ac900000,0x00000007add00000)
 ParOldGen       total 71680K, used 32607K [0x0000000780000000, 0x0000000784600000, 0x00000007aab00000)
  object space 71680K, 45% used [0x0000000780000000,0x0000000781fd7ce8,0x0000000784600000)
 Metaspace       used 19576K, capacity 19949K, committed 20096K, reserved 1067008K
  class space    used 2001K, capacity 2118K, committed 2176K, reserved 1048576K
Event: 34.717 GC heap after
Heap after GC invocations=8 (full 1):
 PSYoungGen      total 51200K, used 17777K [0x00000007aab00000, 0x00000007b1080000, 0x00000007c0000000)
  eden space 30720K, 0% used [0x00000007aab00000,0x00000007aab00000,0x00000007ac900000)
  from space 20480K, 86% used [0x00000007ac900000,0x00000007ada5c6c8,0x00000007add00000)
  to   space 23040K, 0% used [0x00000007afa00000,0x00000007afa00000,0x00000007b1080000)
 ParOldGen       total 71680K, used 32615K [0x0000000780000000, 0x0000000784600000, 0x00000007aab00000)
  object space 71680K, 45% used [0x0000000780000000,0x0000000781fd9ce8,0x0000000784600000)
 Metaspace       used 19576K, capacity 19949K, committed 20096K, reserved 1067008K
  class space    used 2001K, capacity 2118K, committed 2176K, reserved 1048576K
}
Event: 36.364 GC heap before
{Heap before GC invocations=9 (full 1):
 PSYoungGen      total 51200K, used 48348K [0x00000007aab00000, 0x00000007b1080000, 0x00000007c0000000)
  eden space 30720K, 99% used [0x00000007aab00000,0x00000007ac8dac38,0x00000007ac900000)
  from space 20480K, 86% used [0x00000007ac900000,0x00000007ada5c6c8,0x00000007add00000)
  to   space 23040K, 0% used [0x00000007afa00000,0x00000007afa00000,0x00000007b1080000)
 ParOldGen       total 71680K, used 32615K [0x0000000780000000, 0x0000000784600000, 0x00000007aab00000)
  object space 71680K, 45% used [0x0000000780000000,0x0000000781fd9ce8,0x0000000784600000)
 Metaspace       used 20750K, capacity 21129K, committed 21504K, reserved 1069056K
  class space    used 2099K, capacity 2190K, committed 2304K, reserved 1048576K
Event: 36.461 GC heap after
Heap after GC invocations=9 (full 1):
 PSYoungGen      total 74752K, used 23038K [0x00000007aab00000, 0x00000007b1c80000, 0x00000007c0000000)
  eden space 51712K, 0% used [0x00000007aab00000,0x00000007aab00000,0x00000007add80000)
  from space 23040K, 99% used [0x00000007afa00000,0x00000007b107faa8,0x00000007b1080000)
  to   space 29184K, 0% used [0x00000007add80000,0x00000007add80000,0x00000007afa00000)
 ParOldGen       total 71680K, used 37518K [0x0000000780000000, 0x0000000784600000, 0x00000007aab00000)
  object space 71680K, 52% used [0x0000000780000000,0x00000007824a3aa0,0x0000000784600000)
 Metaspace       used 20750K, capacity 21129K, committed 21504K, reserved 1069056K
  class space    used 2099K, capacity 2190K, committed 2304K, reserved 1048576K
}
Event: 39.175 GC heap before
{Heap before GC invocations=10 (full 1):
 PSYoungGen      total 74752K, used 74750K [0x00000007aab00000, 0x00000007b1c80000, 0x00000007c0000000)
  eden space 51712K, 100% used [0x00000007aab00000,0x00000007add80000,0x00000007add80000)
  from space 23040K, 99% used [0x00000007afa00000,0x00000007b107faa8,0x00000007b1080000)
  to   space 29184K, 0% used [0x00000007add80000,0x00000007add80000,0x00000007afa00000)
 ParOldGen       total 71680K, used 37518K [0x0000000780000000, 0x0000000784600000, 0x00000007aab00000)
  object space 71680K, 52% used [0x0000000780000000,0x00000007824a3aa0,0x0000000784600000)
 Metaspace       used 20991K, capacity 21339K, committed 21760K, reserved 1069056K
  class space    used 2100K, capacity 2191K, committed 2304K, reserved 1048576K
Event: 39.264 GC heap after
Heap after GC invocations=10 (full 1):
 PSYoungGen      total 80896K, used 15370K [0x00000007aab00000, 0x00000007b2f00000, 0x00000007c0000000)
  eden space 51712K, 0% used [0x00000007aab00000,0x00000007aab00000,0x00000007add80000)
  from space 29184K, 52% used [0x00000007add80000,0x00000007aec828f0,0x00000007afa00000)
  to   space 28160K, 0% used [0x00000007b1380000,0x00000007b1380000,0x00000007b2f00000)
 ParOldGen       total 71680K, used 48115K [0x0000000780000000, 0x0000000784600000, 0x00000007aab00000)
  object space 71680K, 67% used [0x0000000780000000,0x0000000782efcd18,0x0000000784600000)
 Metaspace       used 20991K, capacity 21339K, committed 21760K, reserved 1069056K
  class space    used 2100K, capacity 2191K, committed 2304K, reserved 1048576K
}
Event: 41.998 GC heap before
{Heap before GC invocations=11 (full 1):
 PSYoungGen      total 80896K, used 67082K [0x00000007aab00000, 0x00000007b2f00000, 0x00000007c0000000)
  eden space 51712K, 100% used [0x00000007aab00000,0x00000007add80000,0x00000007add80000)
  from space 29184K, 52% used [0x00000007add80000,0x00000007aec828f0,0x00000007afa00000)
  to   space 28160K, 0% used [0x00000007b1380000,0x00000007b1380000,0x00000007b2f00000)
 ParOldGen       total 71680K, used 48115K [0x0000000780000000, 0x0000000784600000, 0x00000007aab00000)
  object space 71680K, 67% used [0x0000000780000000,0x0000000782efcd18,0x0000000784600000)
 Metaspace       used 21222K, capacity 21627K, committed 22016K, reserved 1069056K
  class space    used 2123K, capacity 2223K, committed 2304K, reserved 1048576K
Event: 42.047 GC heap after
Heap after GC invocations=11 (full 1):
 PSYoungGen      total 105984K, used 4530K [0x00000007aab00000, 0x00000007b2e80000, 0x00000007c0000000)
  eden space 78336K, 0% used [0x00000007aab00000,0x00000007aab00000,0x00000007af780000)
  from space 27648K, 16% used [0x00000007b1380000,0x00000007b17eca28,0x00000007b2e80000)
  to   space 28160K, 0% used [0x00000007af780000,0x00000007af780000,0x00000007b1300000)
 ParOldGen       total 71680K, used 59238K [0x0000000780000000, 0x0000000784600000, 0x00000007aab00000)
  object space 71680K, 82% used [0x0000000780000000,0x00000007839d99e8,0x0000000784600000)
 Metaspace       used 21222K, capacity 21627K, committed 22016K, reserved 1069056K
  class space    used 2123K, capacity 2223K, committed 2304K, reserved 1048576K
}
Event: 42.047 GC heap before
{Heap before GC invocations=12 (full 2):
 PSYoungGen      total 105984K, used 4530K [0x00000007aab00000, 0x00000007b2e80000, 0x00000007c0000000)
  eden space 78336K, 0% used [0x00000007aab00000,0x00000007aab00000,0x00000007af780000)
  from space 27648K, 16% used [0x00000007b1380000,0x00000007b17eca28,0x00000007b2e80000)
  to   space 28160K, 0% used [0x00000007af780000,0x00000007af780000,0x00000007b1300000)
 ParOldGen       total 71680K, used 59238K [0x0000000780000000, 0x0000000784600000, 0x00000007aab00000)
  object space 71680K, 82% used [0x0000000780000000,0x00000007839d99e8,0x0000000784600000)
 Metaspace       used 21222K, capacity 21627K, committed 22016K, reserved 1069056K
  class space    used 2123K, capacity 2223K, committed 2304K, reserved 1048576K
Event: 42.186 GC heap after
Heap after GC invocations=12 (full 2):
 PSYoungGen      total 105984K, used 0K [0x00000007aab00000, 0x00000007b2e80000, 0x00000007c0000000)
  eden space 78336K, 0% used [0x00000007aab00000,0x00000007aab00000,0x00000007af780000)
  from space 27648K, 0% used [0x00000007b1380000,0x00000007b1380000,0x00000007b2e80000)
  to   space 28160K, 0% used [0x00000007af780000,0x00000007af780000,0x00000007b1300000)
 ParOldGen       total 67584K, used 24829K [0x0000000780000000, 0x0000000784200000, 0x00000007aab00000)
  object space 67584K, 36% used [0x0000000780000000,0x000000078183f438,0x0000000784200000)
 Metaspace       used 21218K, capacity 21619K, committed 22016K, reserved 1069056K
  class space    used 2122K, capacity 2221K, committed 2304K, reserved 1048576K
}

