# JRE version: Java(TM) SE Runtime Environment (8.0_181-b13) (build 1.8.0_181-b13)
# Java VM: Java HotSpot(TM) 64-Bit Server VM (25.181-b13 mixed mode bsd-amd64 compressed oops)
Heap:
 PSYoungGen      total 147968K, used 142154K [0x00000007aab00000, 0x00000007ba800000, 0x00000007c0000000)
  eden space 112640K, 94% used [0x00000007aab00000,0x00000007b1355880,0x00000007b1900000)
  from space 35328K, 99% used [0x00000007b1900000,0x00000007b3b7d0d0,0x00000007b3b80000)
  to   space 48128K, 0% used [0x00000007b7900000,0x00000007b7900000,0x00000007ba800000)
 ParOldGen       total 84992K, used 62910K [0x0000000780000000, 0x0000000785300000, 0x00000007aab00000)
  object space 84992K, 74% used [0x0000000780000000,0x0000000783d6fb18,0x0000000785300000)
 Metaspace       used 18580K, capacity 18973K, committed 19200K, reserved 1067008K
  class space    used 1908K, capacity 2022K, committed 2048K, reserved 1048576K
GC Heap History (10 events):
Event: 10.761 GC heap before
{Heap before GC invocations=6 (full 0):
 PSYoungGen      total 35328K, used 35318K [0x00000007aab00000, 0x00000007b0c00000, 0x00000007c0000000)
  eden space 32768K, 100% used [0x00000007aab00000,0x00000007acb00000,0x00000007acb00000)
  from space 2560K, 99% used [0x00000007acb00000,0x00000007acd7d9e8,0x00000007acd80000)
  to   space 16896K, 0% used [0x00000007afb80000,0x00000007afb80000,0x00000007b0c00000)
 ParOldGen       total 44032K, used 28584K [0x0000000780000000, 0x0000000782b00000, 0x00000007aab00000)
  object space 44032K, 64% used [0x0000000780000000,0x0000000781bea330,0x0000000782b00000)
 Metaspace       used 18021K, capacity 18359K, committed 18688K, reserved 1067008K
  class space    used 1865K, capacity 1989K, committed 2048K, reserved 1048576K
Event: 10.836 GC heap after
Heap after GC invocations=6 (full 0):
 PSYoungGen      total 79360K, used 15660K [0x00000007aab00000, 0x00000007b1200000, 0x00000007c0000000)
  eden space 62464K, 0% used [0x00000007aab00000,0x00000007aab00000,0x00000007ae800000)
  from space 16896K, 92% used [0x00000007afb80000,0x00000007b0acb188,0x00000007b0c00000)
  to   space 19968K, 0% used [0x00000007ae800000,0x00000007ae800000,0x00000007afb80000)
 ParOldGen       total 44032K, used 28584K [0x0000000780000000, 0x0000000782b00000, 0x00000007aab00000)
  object space 44032K, 64% used [0x0000000780000000,0x0000000781bea330,0x0000000782b00000)
 Metaspace       used 18021K, capacity 18359K, committed 18688K, reserved 1067008K
  class space    used 1865K, capacity 1989K, committed 2048K, reserved 1048576K
}
Event: 15.167 GC heap before
{Heap before GC invocations=7 (full 0):
 PSYoungGen      total 79360K, used 78124K [0x00000007aab00000, 0x00000007b1200000, 0x00000007c0000000)
  eden space 62464K, 100% used [0x00000007aab00000,0x00000007ae800000,0x00000007ae800000)
  from space 16896K, 92% used [0x00000007afb80000,0x00000007b0acb188,0x00000007b0c00000)
  to   space 19968K, 0% used [0x00000007ae800000,0x00000007ae800000,0x00000007afb80000)
 ParOldGen       total 44032K, used 28584K [0x0000000780000000, 0x0000000782b00000, 0x00000007aab00000)
  object space 44032K, 64% used [0x0000000780000000,0x0000000781bea330,0x0000000782b00000)
 Metaspace       used 18315K, capacity 18647K, committed 18944K, reserved 1067008K
  class space    used 1896K, capacity 2021K, committed 2048K, reserved 1048576K
Event: 15.406 GC heap after
Heap after GC invocations=7 (full 0):
 PSYoungGen      total 82432K, used 19965K [0x00000007aab00000, 0x00000007b6400000, 0x00000007c0000000)
  eden space 62464K, 0% used [0x00000007aab00000,0x00000007aab00000,0x00000007ae800000)
  from space 19968K, 99% used [0x00000007ae800000,0x00000007afb7f4d8,0x00000007afb80000)
  to   space 32256K, 0% used [0x00000007b4480000,0x00000007b4480000,0x00000007b6400000)
 ParOldGen       total 46080K, used 45874K [0x0000000780000000, 0x0000000782d00000, 0x00000007aab00000)
  object space 46080K, 99% used [0x0000000780000000,0x0000000782ccc978,0x0000000782d00000)
 Metaspace       used 18315K, capacity 18647K, committed 18944K, reserved 1067008K
  class space    used 1896K, capacity 2021K, committed 2048K, reserved 1048576K
}
Event: 15.407 GC heap before
{Heap before GC invocations=8 (full 1):
 PSYoungGen      total 82432K, used 19965K [0x00000007aab00000, 0x00000007b6400000, 0x00000007c0000000)
  eden space 62464K, 0% used [0x00000007aab00000,0x00000007aab00000,0x00000007ae800000)
  from space 19968K, 99% used [0x00000007ae800000,0x00000007afb7f4d8,0x00000007afb80000)
  to   space 32256K, 0% used [0x00000007b4480000,0x00000007b4480000,0x00000007b6400000)
 ParOldGen       total 46080K, used 45874K [0x0000000780000000, 0x0000000782d00000, 0x00000007aab00000)
  object space 46080K, 99% used [0x0000000780000000,0x0000000782ccc978,0x0000000782d00000)
 Metaspace       used 18315K, capacity 18647K, committed 18944K, reserved 1067008K
  class space    used 1896K, capacity 2021K, committed 2048K, reserved 1048576K
Event: 16.005 GC heap after
Heap after GC invocations=8 (full 1):
 PSYoungGen      total 82432K, used 1924K [0x00000007aab00000, 0x00000007b6400000, 0x00000007c0000000)
  eden space 62464K, 0% used [0x00000007aab00000,0x00000007aab00000,0x00000007ae800000)
  from space 19968K, 9% used [0x00000007ae800000,0x00000007ae9e11e0,0x00000007afb80000)
  to   space 32256K, 0% used [0x00000007b4480000,0x00000007b4480000,0x00000007b6400000)
 ParOldGen       total 84992K, used 45990K [0x0000000780000000, 0x0000000785300000, 0x00000007aab00000)
  object space 84992K, 54% used [0x0000000780000000,0x0000000782ce9b18,0x0000000785300000)
 Metaspace       used 18314K, capacity 18645K, committed 18944K, reserved 1067008K
  class space    used 1895K, capacity 2020K, committed 2048K, reserved 1048576K
}
Event: 16.281 GC heap before
{Heap before GC invocations=9 (full 1):
 PSYoungGen      total 82432K, used 64388K [0x00000007aab00000, 0x00000007b6400000, 0x00000007c0000000)
  eden space 62464K, 100% used [0x00000007aab00000,0x00000007ae800000,0x00000007ae800000)
  from space 19968K, 9% used [0x00000007ae800000,0x00000007ae9e11e0,0x00000007afb80000)
  to   space 32256K, 0% used [0x00000007b4480000,0x00000007b4480000,0x00000007b6400000)
 ParOldGen       total 84992K, used 45990K [0x0000000780000000, 0x0000000785300000, 0x00000007aab00000)
  object space 84992K, 54% used [0x0000000780000000,0x0000000782ce9b18,0x0000000785300000)
 Metaspace       used 18314K, capacity 18645K, committed 18944K, reserved 1067008K
  class space    used 1895K, capacity 2020K, committed 2048K, reserved 1048576K
Event: 16.421 GC heap after
Heap after GC invocations=9 (full 1):
 PSYoungGen      total 137728K, used 25741K [0x00000007aab00000, 0x00000007b5e00000, 0x00000007c0000000)
  eden space 111616K, 0% used [0x00000007aab00000,0x00000007aab00000,0x00000007b1800000)
  from space 26112K, 98% used [0x00000007b4480000,0x00000007b5da3468,0x00000007b5e00000)
  to   space 35328K, 0% used [0x00000007b1900000,0x00000007b1900000,0x00000007b3b80000)
 ParOldGen       total 84992K, used 45990K [0x0000000780000000, 0x0000000785300000, 0x00000007aab00000)
  object space 84992K, 54% used [0x0000000780000000,0x0000000782ce9b18,0x0000000785300000)
 Metaspace       used 18314K, capacity 18645K, committed 18944K, reserved 1067008K
  class space    used 1895K, capacity 2020K, committed 2048K, reserved 1048576K
}
Event: 20.348 GC heap before
{Heap before GC invocations=10 (full 1):
 PSYoungGen      total 137728K, used 137357K [0x00000007aab00000, 0x00000007b5e00000, 0x00000007c0000000)
  eden space 111616K, 100% used [0x00000007aab00000,0x00000007b1800000,0x00000007b1800000)
  from space 26112K, 98% used [0x00000007b4480000,0x00000007b5da3468,0x00000007b5e00000)
  to   space 35328K, 0% used [0x00000007b1900000,0x00000007b1900000,0x00000007b3b80000)
 ParOldGen       total 84992K, used 45990K [0x0000000780000000, 0x0000000785300000, 0x00000007aab00000)
  object space 84992K, 54% used [0x0000000780000000,0x0000000782ce9b18,0x0000000785300000)
 Metaspace       used 18315K, capacity 18645K, committed 18944K, reserved 1067008K
  class space    used 1895K, capacity 2020K, committed 2048K, reserved 1048576K
Event: 20.700 GC heap after
Heap after GC invocations=10 (full 1):
 PSYoungGen      total 147968K, used 35316K [0x00000007aab00000, 0x00000007ba800000, 0x00000007c0000000)
  eden space 112640K, 0% used [0x00000007aab00000,0x00000007aab00000,0x00000007b1900000)
  from space 35328K, 99% used [0x00000007b1900000,0x00000007b3b7d0d0,0x00000007b3b80000)
  to   space 48128K, 0% used [0x00000007b7900000,0x00000007b7900000,0x00000007ba800000)
 ParOldGen       total 84992K, used 62910K [0x0000000780000000, 0x0000000785300000, 0x00000007aab00000)
  object space 84992K, 74% used [0x0000000780000000,0x0000000783d6fb18,0x0000000785300000)
 Metaspace       used 18315K, capacity 18645K, committed 18944K, reserved 1067008K
  class space    used 1895K, capacity 2020K, committed 2048K, reserved 1048576K
}

