# JRE version: Java(TM) SE Runtime Environment (8.0_181-b13) (build 1.8.0_181-b13)
# Java VM: Java HotSpot(TM) 64-Bit Server VM (25.181-b13 mixed mode bsd-amd64 compressed oops)
Heap:
 PSYoungGen      total 225792K, used 40812K [0x00000007aab00000, 0x00000007b9c00000, 0x00000007c0000000)
  eden space 217088K, 18% used [0x00000007aab00000,0x00000007ad2cb248,0x00000007b7f00000)
  from space 8704K, 0% used [0x00000007b9380000,0x00000007b9390000,0x00000007b9c00000)
  to   space 14848K, 0% used [0x00000007b7f00000,0x00000007b7f00000,0x00000007b8d80000)
 ParOldGen       total 44032K, used 29415K [0x0000000780000000, 0x0000000782b00000, 0x00000007aab00000)
  object space 44032K, 66% used [0x0000000780000000,0x0000000781cb9cb8,0x0000000782b00000)
 Metaspace       used 28253K, capacity 28639K, committed 29056K, reserved 1075200K
  class space    used 2241K, capacity 2346K, committed 2432K, reserved 1048576K
GC Heap History (10 events):
Event: 30.130 GC heap before
{Heap before GC invocations=9 (full 1):
 PSYoungGen      total 73216K, used 73203K [0x00000007aab00000, 0x00000007b3400000, 0x00000007c0000000)
  eden space 62464K, 100% used [0x00000007aab00000,0x00000007ae800000,0x00000007ae800000)
  from space 10752K, 99% used [0x00000007ae800000,0x00000007af27cca0,0x00000007af280000)
  to   space 12800K, 0% used [0x00000007b2780000,0x00000007b2780000,0x00000007b3400000)
 ParOldGen       total 44032K, used 18659K [0x0000000780000000, 0x0000000782b00000, 0x00000007aab00000)
  object space 44032K, 42% used [0x0000000780000000,0x0000000781238e68,0x0000000782b00000)
 Metaspace       used 27978K, capacity 28379K, committed 28800K, reserved 1075200K
  class space    used 2227K, capacity 2344K, committed 2432K, reserved 1048576K
Event: 30.147 GC heap after
Heap after GC invocations=9 (full 1):
 PSYoungGen      total 125952K, used 11140K [0x00000007aab00000, 0x00000007b3480000, 0x00000007c0000000)
  eden space 113152K, 0% used [0x00000007aab00000,0x00000007aab00000,0x00000007b1980000)
  from space 12800K, 87% used [0x00000007b2780000,0x00000007b3261278,0x00000007b3400000)
  to   space 13824K, 0% used [0x00000007b1980000,0x00000007b1980000,0x00000007b2700000)
 ParOldGen       total 44032K, used 18667K [0x0000000780000000, 0x0000000782b00000, 0x00000007aab00000)
  object space 44032K, 42% used [0x0000000780000000,0x000000078123ae68,0x0000000782b00000)
 Metaspace       used 27978K, capacity 28379K, committed 28800K, reserved 1075200K
  class space    used 2227K, capacity 2344K, committed 2432K, reserved 1048576K
}
Event: 51.084 GC heap before
{Heap before GC invocations=10 (full 1):
 PSYoungGen      total 125952K, used 124292K [0x00000007aab00000, 0x00000007b3480000, 0x00000007c0000000)
  eden space 113152K, 100% used [0x00000007aab00000,0x00000007b1980000,0x00000007b1980000)
  from space 12800K, 87% used [0x00000007b2780000,0x00000007b3261278,0x00000007b3400000)
  to   space 13824K, 0% used [0x00000007b1980000,0x00000007b1980000,0x00000007b2700000)
 ParOldGen       total 44032K, used 18667K [0x0000000780000000, 0x0000000782b00000, 0x00000007aab00000)
  object space 44032K, 42% used [0x0000000780000000,0x000000078123ae68,0x0000000782b00000)
 Metaspace       used 28137K, capacity 28507K, committed 28800K, reserved 1075200K
  class space    used 2227K, capacity 2344K, committed 2432K, reserved 1048576K
Event: 51.117 GC heap after
Heap after GC invocations=10 (full 1):
 PSYoungGen      total 126976K, used 4512K [0x00000007aab00000, 0x00000007b6700000, 0x00000007c0000000)
  eden space 113152K, 0% used [0x00000007aab00000,0x00000007aab00000,0x00000007b1980000)
  from space 13824K, 32% used [0x00000007b1980000,0x00000007b1de80e0,0x00000007b2700000)
  to   space 13824K, 0% used [0x00000007b5980000,0x00000007b5980000,0x00000007b6700000)
 ParOldGen       total 44032K, used 24927K [0x0000000780000000, 0x0000000782b00000, 0x00000007aab00000)
  object space 44032K, 56% used [0x0000000780000000,0x0000000781857d08,0x0000000782b00000)
 Metaspace       used 28137K, capacity 28507K, committed 28800K, reserved 1075200K
  class space    used 2227K, capacity 2344K, committed 2432K, reserved 1048576K
}
Event: 66.516 GC heap before
{Heap before GC invocations=11 (full 1):
 PSYoungGen      total 126976K, used 117664K [0x00000007aab00000, 0x00000007b6700000, 0x00000007c0000000)
  eden space 113152K, 100% used [0x00000007aab00000,0x00000007b1980000,0x00000007b1980000)
  from space 13824K, 32% used [0x00000007b1980000,0x00000007b1de80e0,0x00000007b2700000)
  to   space 13824K, 0% used [0x00000007b5980000,0x00000007b5980000,0x00000007b6700000)
 ParOldGen       total 44032K, used 24927K [0x0000000780000000, 0x0000000782b00000, 0x00000007aab00000)
  object space 44032K, 56% used [0x0000000780000000,0x0000000781857d08,0x0000000782b00000)
 Metaspace       used 28162K, capacity 28507K, committed 28800K, reserved 1075200K
  class space    used 2227K, capacity 2344K, committed 2432K, reserved 1048576K
Event: 66.526 GC heap after
Heap after GC invocations=11 (full 1):
 PSYoungGen      total 172544K, used 192K [0x00000007aab00000, 0x00000007b6480000, 0x00000007c0000000)
  eden space 161280K, 0% used [0x00000007aab00000,0x00000007aab00000,0x00000007b4880000)
  from space 11264K, 1% used [0x00000007b5980000,0x00000007b59b0000,0x00000007b6480000)
  to   space 14336K, 0% used [0x00000007b4880000,0x00000007b4880000,0x00000007b5680000)
 ParOldGen       total 44032K, used 29191K [0x0000000780000000, 0x0000000782b00000, 0x00000007aab00000)
  object space 44032K, 66% used [0x0000000780000000,0x0000000781c81cb8,0x0000000782b00000)
 Metaspace       used 28162K, capacity 28507K, committed 28800K, reserved 1075200K
  class space    used 2227K, capacity 2344K, committed 2432K, reserved 1048576K
}
Event: 115.147 GC heap before
{Heap before GC invocations=12 (full 1):
 PSYoungGen      total 172544K, used 161472K [0x00000007aab00000, 0x00000007b6480000, 0x00000007c0000000)
  eden space 161280K, 100% used [0x00000007aab00000,0x00000007b4880000,0x00000007b4880000)
  from space 11264K, 1% used [0x00000007b5980000,0x00000007b59b0000,0x00000007b6480000)
  to   space 14336K, 0% used [0x00000007b4880000,0x00000007b4880000,0x00000007b5680000)
 ParOldGen       total 44032K, used 29191K [0x0000000780000000, 0x0000000782b00000, 0x00000007aab00000)
  object space 44032K, 66% used [0x0000000780000000,0x0000000781c81cb8,0x0000000782b00000)
 Metaspace       used 28163K, capacity 28507K, committed 28800K, reserved 1075200K
  class space    used 2227K, capacity 2344K, committed 2432K, reserved 1048576K
Event: 115.150 GC heap after
Heap after GC invocations=12 (full 1):
 PSYoungGen      total 175616K, used 96K [0x00000007aab00000, 0x00000007ba200000, 0x00000007c0000000)
  eden space 161280K, 0% used [0x00000007aab00000,0x00000007aab00000,0x00000007b4880000)
  from space 14336K, 0% used [0x00000007b4880000,0x00000007b4898000,0x00000007b5680000)
  to   space 14848K, 0% used [0x00000007b9380000,0x00000007b9380000,0x00000007ba200000)
 ParOldGen       total 44032K, used 29327K [0x0000000780000000, 0x0000000782b00000, 0x00000007aab00000)
  object space 44032K, 66% used [0x0000000780000000,0x0000000781ca3cb8,0x0000000782b00000)
 Metaspace       used 28163K, capacity 28507K, committed 28800K, reserved 1075200K
  class space    used 2227K, capacity 2344K, committed 2432K, reserved 1048576K
}
Event: 177.404 GC heap before
{Heap before GC invocations=13 (full 1):
 PSYoungGen      total 175616K, used 161376K [0x00000007aab00000, 0x00000007ba200000, 0x00000007c0000000)
  eden space 161280K, 100% used [0x00000007aab00000,0x00000007b4880000,0x00000007b4880000)
  from space 14336K, 0% used [0x00000007b4880000,0x00000007b4898000,0x00000007b5680000)
  to   space 14848K, 0% used [0x00000007b9380000,0x00000007b9380000,0x00000007ba200000)
 ParOldGen       total 44032K, used 29327K [0x0000000780000000, 0x0000000782b00000, 0x00000007aab00000)
  object space 44032K, 66% used [0x0000000780000000,0x0000000781ca3cb8,0x0000000782b00000)
 Metaspace       used 28163K, capacity 28507K, committed 28800K, reserved 1075200K
  class space    used 2227K, capacity 2344K, committed 2432K, reserved 1048576K
Event: 177.406 GC heap after
Heap after GC invocations=13 (full 1):
 PSYoungGen      total 225792K, used 64K [0x00000007aab00000, 0x00000007b9c00000, 0x00000007c0000000)
  eden space 217088K, 0% used [0x00000007aab00000,0x00000007aab00000,0x00000007b7f00000)
  from space 8704K, 0% used [0x00000007b9380000,0x00000007b9390000,0x00000007b9c00000)
  to   space 14848K, 0% used [0x00000007b7f00000,0x00000007b7f00000,0x00000007b8d80000)
 ParOldGen       total 44032K, used 29415K [0x0000000780000000, 0x0000000782b00000, 0x00000007aab00000)
  object space 44032K, 66% used [0x0000000780000000,0x0000000781cb9cb8,0x0000000782b00000)
 Metaspace       used 28163K, capacity 28507K, committed 28800K, reserved 1075200K
  class space    used 2227K, capacity 2344K, committed 2432K, reserved 1048576K
}

