# JRE version: Java(TM) SE Runtime Environment (8.0_181-b13) (build 1.8.0_181-b13)
# Java VM: Java HotSpot(TM) 64-Bit Server VM (25.181-b13 mixed mode bsd-amd64 compressed oops)
Heap:
 PSYoungGen      total 27648K, used 8308K [0x00000007aab00000, 0x00000007ac800000, 0x00000007c0000000)
  eden space 26112K, 31% used [0x00000007aab00000,0x00000007ab30d310,0x00000007ac480000)
  from space 1536K, 4% used [0x00000007ac500000,0x00000007ac510000,0x00000007ac680000)
  to   space 1536K, 0% used [0x00000007ac680000,0x00000007ac680000,0x00000007ac800000)
 ParOldGen       total 49664K, used 29963K [0x0000000780000000, 0x0000000783080000, 0x00000007aab00000)
  object space 49664K, 60% used [0x0000000780000000,0x0000000781d42d80,0x0000000783080000)
 Metaspace       used 27958K, capacity 28315K, committed 28800K, reserved 1075200K
  class space    used 2216K, capacity 2346K, committed 2432K, reserved 1048576K
GC Heap History (10 events):
Event: 3002.817 GC heap before
{Heap before GC invocations=66 (full 1):
 PSYoungGen      total 30208K, used 28704K [0x00000007aab00000, 0x00000007acb00000, 0x00000007c0000000)
  eden space 28672K, 100% used [0x00000007aab00000,0x00000007ac700000,0x00000007ac700000)
  from space 1536K, 2% used [0x00000007ac980000,0x00000007ac988000,0x00000007acb00000)
  to   space 2048K, 0% used [0x00000007ac700000,0x00000007ac700000,0x00000007ac900000)
 ParOldGen       total 49664K, used 29963K [0x0000000780000000, 0x0000000783080000, 0x00000007aab00000)
  object space 49664K, 60% used [0x0000000780000000,0x0000000781d42d80,0x0000000783080000)
 Metaspace       used 27911K, capacity 28311K, committed 28800K, reserved 1075200K
  class space    used 2206K, capacity 2344K, committed 2432K, reserved 1048576K
Event: 3002.818 GC heap after
Heap after GC invocations=66 (full 1):
 PSYoungGen      total 28672K, used 64K [0x00000007aab00000, 0x00000007aca00000, 0x00000007c0000000)
  eden space 28160K, 0% used [0x00000007aab00000,0x00000007aab00000,0x00000007ac680000)
  from space 512K, 12% used [0x00000007ac700000,0x00000007ac710000,0x00000007ac780000)
  to   space 1536K, 0% used [0x00000007ac880000,0x00000007ac880000,0x00000007aca00000)
 ParOldGen       total 49664K, used 29963K [0x0000000780000000, 0x0000000783080000, 0x00000007aab00000)
  object space 49664K, 60% used [0x0000000780000000,0x0000000781d42d80,0x0000000783080000)
 Metaspace       used 27911K, capacity 28311K, committed 28800K, reserved 1075200K
  class space    used 2206K, capacity 2344K, committed 2432K, reserved 1048576K
}
Event: 3025.483 GC heap before
{Heap before GC invocations=67 (full 1):
 PSYoungGen      total 28672K, used 28224K [0x00000007aab00000, 0x00000007aca00000, 0x00000007c0000000)
  eden space 28160K, 100% used [0x00000007aab00000,0x00000007ac680000,0x00000007ac680000)
  from space 512K, 12% used [0x00000007ac700000,0x00000007ac710000,0x00000007ac780000)
  to   space 1536K, 0% used [0x00000007ac880000,0x00000007ac880000,0x00000007aca00000)
 ParOldGen       total 49664K, used 29963K [0x0000000780000000, 0x0000000783080000, 0x00000007aab00000)
  object space 49664K, 60% used [0x0000000780000000,0x0000000781d42d80,0x0000000783080000)
 Metaspace       used 27911K, capacity 28311K, committed 28800K, reserved 1075200K
  class space    used 2206K, capacity 2344K, committed 2432K, reserved 1048576K
Event: 3025.485 GC heap after
Heap after GC invocations=67 (full 1):
 PSYoungGen      total 28160K, used 64K [0x00000007aab00000, 0x00000007ac900000, 0x00000007c0000000)
  eden space 27648K, 0% used [0x00000007aab00000,0x00000007aab00000,0x00000007ac600000)
  from space 512K, 12% used [0x00000007ac880000,0x00000007ac890000,0x00000007ac900000)
  to   space 1536K, 0% used [0x00000007ac600000,0x00000007ac600000,0x00000007ac780000)
 ParOldGen       total 49664K, used 29963K [0x0000000780000000, 0x0000000783080000, 0x00000007aab00000)
  object space 49664K, 60% used [0x0000000780000000,0x0000000781d42d80,0x0000000783080000)
 Metaspace       used 27911K, capacity 28311K, committed 28800K, reserved 1075200K
  class space    used 2206K, capacity 2344K, committed 2432K, reserved 1048576K
}
Event: 3048.631 GC heap before
{Heap before GC invocations=68 (full 1):
 PSYoungGen      total 28160K, used 27712K [0x00000007aab00000, 0x00000007ac900000, 0x00000007c0000000)
  eden space 27648K, 100% used [0x00000007aab00000,0x00000007ac600000,0x00000007ac600000)
  from space 512K, 12% used [0x00000007ac880000,0x00000007ac890000,0x00000007ac900000)
  to   space 1536K, 0% used [0x00000007ac600000,0x00000007ac600000,0x00000007ac780000)
 ParOldGen       total 49664K, used 29963K [0x0000000780000000, 0x0000000783080000, 0x00000007aab00000)
  object space 49664K, 60% used [0x0000000780000000,0x0000000781d42d80,0x0000000783080000)
 Metaspace       used 27911K, capacity 28311K, committed 28800K, reserved 1075200K
  class space    used 2206K, capacity 2344K, committed 2432K, reserved 1048576K
Event: 3048.634 GC heap after
Heap after GC invocations=68 (full 1):
 PSYoungGen      total 28672K, used 64K [0x00000007aab00000, 0x00000007ac900000, 0x00000007c0000000)
  eden space 27136K, 0% used [0x00000007aab00000,0x00000007aab00000,0x00000007ac580000)
  from space 1536K, 4% used [0x00000007ac600000,0x00000007ac610000,0x00000007ac780000)
  to   space 1536K, 0% used [0x00000007ac780000,0x00000007ac780000,0x00000007ac900000)
 ParOldGen       total 49664K, used 29963K [0x0000000780000000, 0x0000000783080000, 0x00000007aab00000)
  object space 49664K, 60% used [0x0000000780000000,0x0000000781d42d80,0x0000000783080000)
 Metaspace       used 27911K, capacity 28311K, committed 28800K, reserved 1075200K
  class space    used 2206K, capacity 2344K, committed 2432K, reserved 1048576K
}
Event: 3071.315 GC heap before
{Heap before GC invocations=69 (full 1):
 PSYoungGen      total 28672K, used 27200K [0x00000007aab00000, 0x00000007ac900000, 0x00000007c0000000)
  eden space 27136K, 100% used [0x00000007aab00000,0x00000007ac580000,0x00000007ac580000)
  from space 1536K, 4% used [0x00000007ac600000,0x00000007ac610000,0x00000007ac780000)
  to   space 1536K, 0% used [0x00000007ac780000,0x00000007ac780000,0x00000007ac900000)
 ParOldGen       total 49664K, used 29963K [0x0000000780000000, 0x0000000783080000, 0x00000007aab00000)
  object space 49664K, 60% used [0x0000000780000000,0x0000000781d42d80,0x0000000783080000)
 Metaspace       used 27911K, capacity 28311K, committed 28800K, reserved 1075200K
  class space    used 2206K, capacity 2344K, committed 2432K, reserved 1048576K
Event: 3071.317 GC heap after
Heap after GC invocations=69 (full 1):
 PSYoungGen      total 27136K, used 32K [0x00000007aab00000, 0x00000007ac800000, 0x00000007c0000000)
  eden space 26624K, 0% used [0x00000007aab00000,0x00000007aab00000,0x00000007ac500000)
  from space 512K, 6% used [0x00000007ac780000,0x00000007ac788000,0x00000007ac800000)
  to   space 1536K, 0% used [0x00000007ac500000,0x00000007ac500000,0x00000007ac680000)
 ParOldGen       total 49664K, used 29963K [0x0000000780000000, 0x0000000783080000, 0x00000007aab00000)
  object space 49664K, 60% used [0x0000000780000000,0x0000000781d42d80,0x0000000783080000)
 Metaspace       used 27911K, capacity 28311K, committed 28800K, reserved 1075200K
  class space    used 2206K, capacity 2344K, committed 2432K, reserved 1048576K
}
Event: 3096.380 GC heap before
{Heap before GC invocations=70 (full 1):
 PSYoungGen      total 27136K, used 26656K [0x00000007aab00000, 0x00000007ac800000, 0x00000007c0000000)
  eden space 26624K, 100% used [0x00000007aab00000,0x00000007ac500000,0x00000007ac500000)
  from space 512K, 6% used [0x00000007ac780000,0x00000007ac788000,0x00000007ac800000)
  to   space 1536K, 0% used [0x00000007ac500000,0x00000007ac500000,0x00000007ac680000)
 ParOldGen       total 49664K, used 29963K [0x0000000780000000, 0x0000000783080000, 0x00000007aab00000)
  object space 49664K, 60% used [0x0000000780000000,0x0000000781d42d80,0x0000000783080000)
 Metaspace       used 27911K, capacity 28311K, committed 28800K, reserved 1075200K
  class space    used 2206K, capacity 2344K, committed 2432K, reserved 1048576K
Event: 3096.393 GC heap after
Heap after GC invocations=70 (full 1):
 PSYoungGen      total 27648K, used 64K [0x00000007aab00000, 0x00000007ac800000, 0x00000007c0000000)
  eden space 26112K, 0% used [0x00000007aab00000,0x00000007aab00000,0x00000007ac480000)
  from space 1536K, 4% used [0x00000007ac500000,0x00000007ac510000,0x00000007ac680000)
  to   space 1536K, 0% used [0x00000007ac680000,0x00000007ac680000,0x00000007ac800000)
 ParOldGen       total 49664K, used 29963K [0x0000000780000000, 0x0000000783080000, 0x00000007aab00000)
  object space 49664K, 60% used [0x0000000780000000,0x0000000781d42d80,0x0000000783080000)
 Metaspace       used 27911K, capacity 28311K, committed 28800K, reserved 1075200K
  class space    used 2206K, capacity 2344K, committed 2432K, reserved 1048576K
}

