# JRE version: Java(TM) SE Runtime Environment (8.0_181-b13) (build 1.8.0_181-b13)
# Java VM: Java HotSpot(TM) 64-Bit Server VM (25.181-b13 mixed mode bsd-amd64 compressed oops)
Heap:
 PSYoungGen      total 110592K, used 68006K [0x00000007aab00000, 0x00000007b6400000, 0x00000007c0000000)
  eden space 73728K, 92% used [0x00000007aab00000,0x00000007aed699a8,0x00000007af300000)
  from space 36864K, 0% used [0x00000007af300000,0x00000007af300000,0x00000007b1700000)
  to   space 38912K, 0% used [0x00000007b3e00000,0x00000007b3e00000,0x00000007b6400000)
 ParOldGen       total 110592K, used 62398K [0x0000000780000000, 0x0000000786c00000, 0x00000007aab00000)
  object space 110592K, 56% used [0x0000000780000000,0x0000000783cefbb8,0x0000000786c00000)
 Metaspace       used 18482K, capacity 18779K, committed 18944K, reserved 1067008K
  class space    used 1902K, capacity 2021K, committed 2048K, reserved 1048576K
GC Heap History (10 events):
Event: 10.979 GC heap before
{Heap before GC invocations=9 (full 1):
 PSYoungGen      total 74752K, used 19442K [0x00000007aab00000, 0x00000007b1c00000, 0x00000007c0000000)
  eden space 55296K, 0% used [0x00000007aab00000,0x00000007aab00000,0x00000007ae100000)
  from space 19456K, 99% used [0x00000007afb00000,0x00000007b0dfc9f8,0x00000007b0e00000)
  to   space 26624K, 0% used [0x00000007ae100000,0x00000007ae100000,0x00000007afb00000)
 ParOldGen       total 44032K, used 37800K [0x0000000780000000, 0x0000000782b00000, 0x00000007aab00000)
  object space 44032K, 85% used [0x0000000780000000,0x00000007824ea320,0x0000000782b00000)
 Metaspace       used 18027K, capacity 18353K, committed 18432K, reserved 1064960K
  class space    used 1868K, capacity 1986K, committed 2048K, reserved 1048576K
Event: 11.563 GC heap after
Heap after GC invocations=9 (full 1):
 PSYoungGen      total 74752K, used 0K [0x00000007aab00000, 0x00000007b1c00000, 0x00000007c0000000)
  eden space 55296K, 0% used [0x00000007aab00000,0x00000007aab00000,0x00000007ae100000)
  from space 19456K, 0% used [0x00000007afb00000,0x00000007afb00000,0x00000007b0e00000)
  to   space 26624K, 0% used [0x00000007ae100000,0x00000007ae100000,0x00000007afb00000)
 ParOldGen       total 74240K, used 43068K [0x0000000780000000, 0x0000000784880000, 0x00000007aab00000)
  object space 74240K, 58% used [0x0000000780000000,0x0000000782a0f1c8,0x0000000784880000)
 Metaspace       used 18025K, capacity 18347K, committed 18432K, reserved 1064960K
  class space    used 1868K, capacity 1985K, committed 2048K, reserved 1048576K
}
Event: 11.886 GC heap before
{Heap before GC invocations=10 (full 1):
 PSYoungGen      total 74752K, used 55296K [0x00000007aab00000, 0x00000007b1c00000, 0x00000007c0000000)
  eden space 55296K, 100% used [0x00000007aab00000,0x00000007ae100000,0x00000007ae100000)
  from space 19456K, 0% used [0x00000007afb00000,0x00000007afb00000,0x00000007b0e00000)
  to   space 26624K, 0% used [0x00000007ae100000,0x00000007ae100000,0x00000007afb00000)
 ParOldGen       total 74240K, used 43068K [0x0000000780000000, 0x0000000784880000, 0x00000007aab00000)
  object space 74240K, 58% used [0x0000000780000000,0x0000000782a0f1c8,0x0000000784880000)
 Metaspace       used 18040K, capacity 18411K, committed 18688K, reserved 1067008K
  class space    used 1870K, capacity 1985K, committed 2048K, reserved 1048576K
Event: 11.945 GC heap after
Heap after GC invocations=10 (full 1):
 PSYoungGen      total 81920K, used 20547K [0x00000007aab00000, 0x00000007b3300000, 0x00000007c0000000)
  eden space 55296K, 0% used [0x00000007aab00000,0x00000007aab00000,0x00000007ae100000)
  from space 26624K, 77% used [0x00000007ae100000,0x00000007af510fc0,0x00000007afb00000)
  to   space 28672K, 0% used [0x00000007b1700000,0x00000007b1700000,0x00000007b3300000)
 ParOldGen       total 74240K, used 43068K [0x0000000780000000, 0x0000000784880000, 0x00000007aab00000)
  object space 74240K, 58% used [0x0000000780000000,0x0000000782a0f1c8,0x0000000784880000)
 Metaspace       used 18040K, capacity 18411K, committed 18688K, reserved 1067008K
  class space    used 1870K, capacity 1985K, committed 2048K, reserved 1048576K
}
Event: 12.065 GC heap before
{Heap before GC invocations=11 (full 1):
 PSYoungGen      total 81920K, used 75843K [0x00000007aab00000, 0x00000007b3300000, 0x00000007c0000000)
  eden space 55296K, 100% used [0x00000007aab00000,0x00000007ae100000,0x00000007ae100000)
  from space 26624K, 77% used [0x00000007ae100000,0x00000007af510fc0,0x00000007afb00000)
  to   space 28672K, 0% used [0x00000007b1700000,0x00000007b1700000,0x00000007b3300000)
 ParOldGen       total 74240K, used 43068K [0x0000000780000000, 0x0000000784880000, 0x00000007aab00000)
  object space 74240K, 58% used [0x0000000780000000,0x0000000782a0f1c8,0x0000000784880000)
 Metaspace       used 18040K, capacity 18411K, committed 18688K, reserved 1067008K
  class space    used 1870K, capacity 1985K, committed 2048K, reserved 1048576K
Event: 12.217 GC heap after
Heap after GC invocations=11 (full 1):
 PSYoungGen      total 102400K, used 28651K [0x00000007aab00000, 0x00000007b4500000, 0x00000007c0000000)
  eden space 73728K, 0% used [0x00000007aab00000,0x00000007aab00000,0x00000007af300000)
  from space 28672K, 99% used [0x00000007b1700000,0x00000007b32faf40,0x00000007b3300000)
  to   space 36864K, 0% used [0x00000007af300000,0x00000007af300000,0x00000007b1700000)
 ParOldGen       total 74240K, used 53789K [0x0000000780000000, 0x0000000784880000, 0x00000007aab00000)
  object space 74240K, 72% used [0x0000000780000000,0x00000007834876c8,0x0000000784880000)
 Metaspace       used 18040K, capacity 18411K, committed 18688K, reserved 1067008K
  class space    used 1870K, capacity 1985K, committed 2048K, reserved 1048576K
}
Event: 12.739 GC heap before
{Heap before GC invocations=12 (full 1):
 PSYoungGen      total 102400K, used 102379K [0x00000007aab00000, 0x00000007b4500000, 0x00000007c0000000)
  eden space 73728K, 100% used [0x00000007aab00000,0x00000007af300000,0x00000007af300000)
  from space 28672K, 99% used [0x00000007b1700000,0x00000007b32faf40,0x00000007b3300000)
  to   space 36864K, 0% used [0x00000007af300000,0x00000007af300000,0x00000007b1700000)
 ParOldGen       total 74240K, used 53789K [0x0000000780000000, 0x0000000784880000, 0x00000007aab00000)
  object space 74240K, 72% used [0x0000000780000000,0x00000007834876c8,0x0000000784880000)
 Metaspace       used 18047K, capacity 18411K, committed 18688K, reserved 1067008K
  class space    used 1870K, capacity 1985K, committed 2048K, reserved 1048576K
Event: 12.917 GC heap after
Heap after GC invocations=12 (full 1):
 PSYoungGen      total 110592K, used 26822K [0x00000007aab00000, 0x00000007b6400000, 0x00000007c0000000)
  eden space 73728K, 0% used [0x00000007aab00000,0x00000007aab00000,0x00000007af300000)
  from space 36864K, 72% used [0x00000007af300000,0x00000007b0d31938,0x00000007b1700000)
  to   space 38912K, 0% used [0x00000007b3e00000,0x00000007b3e00000,0x00000007b6400000)
 ParOldGen       total 80384K, used 80347K [0x0000000780000000, 0x0000000784e80000, 0x00000007aab00000)
  object space 80384K, 99% used [0x0000000780000000,0x0000000784e76e68,0x0000000784e80000)
 Metaspace       used 18047K, capacity 18411K, committed 18688K, reserved 1067008K
  class space    used 1870K, capacity 1985K, committed 2048K, reserved 1048576K
}
Event: 12.918 GC heap before
{Heap before GC invocations=13 (full 2):
 PSYoungGen      total 110592K, used 26822K [0x00000007aab00000, 0x00000007b6400000, 0x00000007c0000000)
  eden space 73728K, 0% used [0x00000007aab00000,0x00000007aab00000,0x00000007af300000)
  from space 36864K, 72% used [0x00000007af300000,0x00000007b0d31938,0x00000007b1700000)
  to   space 38912K, 0% used [0x00000007b3e00000,0x00000007b3e00000,0x00000007b6400000)
 ParOldGen       total 80384K, used 80347K [0x0000000780000000, 0x0000000784e80000, 0x00000007aab00000)
  object space 80384K, 99% used [0x0000000780000000,0x0000000784e76e68,0x0000000784e80000)
 Metaspace       used 18047K, capacity 18411K, committed 18688K, reserved 1067008K
  class space    used 1870K, capacity 1985K, committed 2048K, reserved 1048576K
Event: 13.643 GC heap after
Heap after GC invocations=13 (full 2):
 PSYoungGen      total 110592K, used 0K [0x00000007aab00000, 0x00000007b6400000, 0x00000007c0000000)
  eden space 73728K, 0% used [0x00000007aab00000,0x00000007aab00000,0x00000007af300000)
  from space 36864K, 0% used [0x00000007af300000,0x00000007af300000,0x00000007b1700000)
  to   space 38912K, 0% used [0x00000007b3e00000,0x00000007b3e00000,0x00000007b6400000)
 ParOldGen       total 110592K, used 62398K [0x0000000780000000, 0x0000000786c00000, 0x00000007aab00000)
  object space 110592K, 56% used [0x0000000780000000,0x0000000783cefbb8,0x0000000786c00000)
 Metaspace       used 18047K, capacity 18411K, committed 18688K, reserved 1067008K
  class space    used 1870K, capacity 1985K, committed 2048K, reserved 1048576K
}

