# JRE version: Java(TM) SE Runtime Environment (8.0_181-b13) (build 1.8.0_181-b13)
# Java VM: Java HotSpot(TM) 64-Bit Server VM (25.181-b13 mixed mode bsd-amd64 compressed oops)
Heap:
 PSYoungGen      total 212480K, used 64927K [0x00000007aab00000, 0x00000007b8880000, 0x00000007c0000000)
  eden space 199168K, 32% used [0x00000007aab00000,0x00000007ae99fe40,0x00000007b6d80000)
  from space 13312K, 6% used [0x00000007b7b80000,0x00000007b7c48040,0x00000007b8880000)
  to   space 13824K, 0% used [0x00000007b6d80000,0x00000007b6d80000,0x00000007b7b00000)
 ParOldGen       total 105984K, used 69054K [0x0000000780000000, 0x0000000786780000, 0x00000007aab00000)
  object space 105984K, 65% used [0x0000000780000000,0x000000078436f8b8,0x0000000786780000)
 Metaspace       used 26721K, capacity 27067K, committed 27392K, reserved 1075200K
  class space    used 2121K, capacity 2216K, committed 2304K, reserved 1048576K
GC Heap History (10 events):
Event: 41.284 GC heap before
{Heap before GC invocations=40 (full 2):
 PSYoungGen      total 214016K, used 196832K [0x00000007aab00000, 0x00000007b8d80000, 0x00000007c0000000)
  eden space 196096K, 100% used [0x00000007aab00000,0x00000007b6a80000,0x00000007b6a80000)
  from space 17920K, 4% used [0x00000007b6a80000,0x00000007b6b38030,0x00000007b7c00000)
  to   space 17408K, 0% used [0x00000007b7c80000,0x00000007b7c80000,0x00000007b8d80000)
 ParOldGen       total 105984K, used 68998K [0x0000000780000000, 0x0000000786780000, 0x00000007aab00000)
  object space 105984K, 65% used [0x0000000780000000,0x00000007843618b8,0x0000000786780000)
 Metaspace       used 26490K, capacity 26871K, committed 27136K, reserved 1075200K
  class space    used 2107K, capacity 2214K, committed 2304K, reserved 1048576K
Event: 41.286 GC heap after
Heap after GC invocations=40 (full 2):
 PSYoungGen      total 212480K, used 800K [0x00000007aab00000, 0x00000007b8b80000, 0x00000007c0000000)
  eden space 197120K, 0% used [0x00000007aab00000,0x00000007aab00000,0x00000007b6b80000)
  from space 15360K, 5% used [0x00000007b7c80000,0x00000007b7d48040,0x00000007b8b80000)
  to   space 16384K, 0% used [0x00000007b6b80000,0x00000007b6b80000,0x00000007b7b80000)
 ParOldGen       total 105984K, used 69014K [0x0000000780000000, 0x0000000786780000, 0x00000007aab00000)
  object space 105984K, 65% used [0x0000000780000000,0x00000007843658b8,0x0000000786780000)
 Metaspace       used 26490K, capacity 26871K, committed 27136K, reserved 1075200K
  class space    used 2107K, capacity 2214K, committed 2304K, reserved 1048576K
}
Event: 42.556 GC heap before
{Heap before GC invocations=41 (full 2):
 PSYoungGen      total 212480K, used 197920K [0x00000007aab00000, 0x00000007b8b80000, 0x00000007c0000000)
  eden space 197120K, 100% used [0x00000007aab00000,0x00000007b6b80000,0x00000007b6b80000)
  from space 15360K, 5% used [0x00000007b7c80000,0x00000007b7d48040,0x00000007b8b80000)
  to   space 16384K, 0% used [0x00000007b6b80000,0x00000007b6b80000,0x00000007b7b80000)
 ParOldGen       total 105984K, used 69014K [0x0000000780000000, 0x0000000786780000, 0x00000007aab00000)
  object space 105984K, 65% used [0x0000000780000000,0x00000007843658b8,0x0000000786780000)
 Metaspace       used 26523K, capacity 26871K, committed 27136K, reserved 1075200K
  class space    used 2107K, capacity 2214K, committed 2304K, reserved 1048576K
Event: 42.559 GC heap after
Heap after GC invocations=41 (full 2):
 PSYoungGen      total 213504K, used 800K [0x00000007aab00000, 0x00000007b8b80000, 0x00000007c0000000)
  eden space 197120K, 0% used [0x00000007aab00000,0x00000007aab00000,0x00000007b6b80000)
  from space 16384K, 4% used [0x00000007b6b80000,0x00000007b6c48040,0x00000007b7b80000)
  to   space 15872K, 0% used [0x00000007b7c00000,0x00000007b7c00000,0x00000007b8b80000)
 ParOldGen       total 105984K, used 69030K [0x0000000780000000, 0x0000000786780000, 0x00000007aab00000)
  object space 105984K, 65% used [0x0000000780000000,0x00000007843698b8,0x0000000786780000)
 Metaspace       used 26523K, capacity 26871K, committed 27136K, reserved 1075200K
  class space    used 2107K, capacity 2214K, committed 2304K, reserved 1048576K
}
Event: 43.800 GC heap before
{Heap before GC invocations=42 (full 2):
 PSYoungGen      total 213504K, used 197920K [0x00000007aab00000, 0x00000007b8b80000, 0x00000007c0000000)
  eden space 197120K, 100% used [0x00000007aab00000,0x00000007b6b80000,0x00000007b6b80000)
  from space 16384K, 4% used [0x00000007b6b80000,0x00000007b6c48040,0x00000007b7b80000)
  to   space 15872K, 0% used [0x00000007b7c00000,0x00000007b7c00000,0x00000007b8b80000)
 ParOldGen       total 105984K, used 69030K [0x0000000780000000, 0x0000000786780000, 0x00000007aab00000)
  object space 105984K, 65% used [0x0000000780000000,0x00000007843698b8,0x0000000786780000)
 Metaspace       used 26626K, capacity 26935K, committed 27392K, reserved 1075200K
  class space    used 2107K, capacity 2214K, committed 2304K, reserved 1048576K
Event: 43.803 GC heap after
Heap after GC invocations=42 (full 2):
 PSYoungGen      total 212992K, used 800K [0x00000007aab00000, 0x00000007b8a80000, 0x00000007c0000000)
  eden space 198144K, 0% used [0x00000007aab00000,0x00000007aab00000,0x00000007b6c80000)
  from space 14848K, 5% used [0x00000007b7c00000,0x00000007b7cc8040,0x00000007b8a80000)
  to   space 15360K, 0% used [0x00000007b6c80000,0x00000007b6c80000,0x00000007b7b80000)
 ParOldGen       total 105984K, used 69038K [0x0000000780000000, 0x0000000786780000, 0x00000007aab00000)
  object space 105984K, 65% used [0x0000000780000000,0x000000078436b8b8,0x0000000786780000)
 Metaspace       used 26626K, capacity 26935K, committed 27392K, reserved 1075200K
  class space    used 2107K, capacity 2214K, committed 2304K, reserved 1048576K
}
Event: 45.059 GC heap before
{Heap before GC invocations=43 (full 2):
 PSYoungGen      total 212992K, used 198944K [0x00000007aab00000, 0x00000007b8a80000, 0x00000007c0000000)
  eden space 198144K, 100% used [0x00000007aab00000,0x00000007b6c80000,0x00000007b6c80000)
  from space 14848K, 5% used [0x00000007b7c00000,0x00000007b7cc8040,0x00000007b8a80000)
  to   space 15360K, 0% used [0x00000007b6c80000,0x00000007b6c80000,0x00000007b7b80000)
 ParOldGen       total 105984K, used 69038K [0x0000000780000000, 0x0000000786780000, 0x00000007aab00000)
  object space 105984K, 65% used [0x0000000780000000,0x000000078436b8b8,0x0000000786780000)
 Metaspace       used 26628K, capacity 26935K, committed 27392K, reserved 1075200K
  class space    used 2107K, capacity 2214K, committed 2304K, reserved 1048576K
Event: 45.063 GC heap after
Heap after GC invocations=43 (full 2):
 PSYoungGen      total 213504K, used 768K [0x00000007aab00000, 0x00000007b8980000, 0x00000007c0000000)
  eden space 198144K, 0% used [0x00000007aab00000,0x00000007aab00000,0x00000007b6c80000)
  from space 15360K, 5% used [0x00000007b6c80000,0x00000007b6d40040,0x00000007b7b80000)
  to   space 14336K, 0% used [0x00000007b7b80000,0x00000007b7b80000,0x00000007b8980000)
 ParOldGen       total 105984K, used 69046K [0x0000000780000000, 0x0000000786780000, 0x00000007aab00000)
  object space 105984K, 65% used [0x0000000780000000,0x000000078436d8b8,0x0000000786780000)
 Metaspace       used 26628K, capacity 26935K, committed 27392K, reserved 1075200K
  class space    used 2107K, capacity 2214K, committed 2304K, reserved 1048576K
}
Event: 46.326 GC heap before
{Heap before GC invocations=44 (full 2):
 PSYoungGen      total 213504K, used 198912K [0x00000007aab00000, 0x00000007b8980000, 0x00000007c0000000)
  eden space 198144K, 100% used [0x00000007aab00000,0x00000007b6c80000,0x00000007b6c80000)
  from space 15360K, 5% used [0x00000007b6c80000,0x00000007b6d40040,0x00000007b7b80000)
  to   space 14336K, 0% used [0x00000007b7b80000,0x00000007b7b80000,0x00000007b8980000)
 ParOldGen       total 105984K, used 69046K [0x0000000780000000, 0x0000000786780000, 0x00000007aab00000)
  object space 105984K, 65% used [0x0000000780000000,0x000000078436d8b8,0x0000000786780000)
 Metaspace       used 26629K, capacity 26935K, committed 27392K, reserved 1075200K
  class space    used 2107K, capacity 2214K, committed 2304K, reserved 1048576K
Event: 46.328 GC heap after
Heap after GC invocations=44 (full 2):
 PSYoungGen      total 212480K, used 800K [0x00000007aab00000, 0x00000007b8880000, 0x00000007c0000000)
  eden space 199168K, 0% used [0x00000007aab00000,0x00000007aab00000,0x00000007b6d80000)
  from space 13312K, 6% used [0x00000007b7b80000,0x00000007b7c48040,0x00000007b8880000)
  to   space 13824K, 0% used [0x00000007b6d80000,0x00000007b6d80000,0x00000007b7b00000)
 ParOldGen       total 105984K, used 69054K [0x0000000780000000, 0x0000000786780000, 0x00000007aab00000)
  object space 105984K, 65% used [0x0000000780000000,0x000000078436f8b8,0x0000000786780000)
 Metaspace       used 26629K, capacity 26935K, committed 27392K, reserved 1075200K
  class space    used 2107K, capacity 2214K, committed 2304K, reserved 1048576K
}

