# JRE version: Java(TM) SE Runtime Environment (8.0_181-b13) (build 1.8.0_181-b13)
# Java VM: Java HotSpot(TM) 64-Bit Server VM (25.181-b13 mixed mode bsd-amd64 compressed oops)
Heap:
 PSYoungGen      total 151552K, used 17066K [0x00000007aab00000, 0x00000007bbb80000, 0x00000007c0000000)
  eden space 116736K, 14% used [0x00000007aab00000,0x00000007abbaab00,0x00000007b1d00000)
  from space 34816K, 0% used [0x00000007b1d00000,0x00000007b1d00000,0x00000007b3f00000)
  to   space 50688K, 0% used [0x00000007b8a00000,0x00000007b8a00000,0x00000007bbb80000)
 ParOldGen       total 88576K, used 37575K [0x0000000780000000, 0x0000000785680000, 0x00000007aab00000)
  object space 88576K, 42% used [0x0000000780000000,0x00000007824b1d28,0x0000000785680000)
 Metaspace       used 18312K, capacity 18641K, committed 18688K, reserved 1067008K
  class space    used 1900K, capacity 2022K, committed 2048K, reserved 1048576K
GC Heap History (10 events):
Event: 12.438 GC heap before
{Heap before GC invocations=7 (full 0):
 PSYoungGen      total 78848K, used 78170K [0x00000007aab00000, 0x00000007b1100000, 0x00000007c0000000)
  eden space 62464K, 100% used [0x00000007aab00000,0x00000007ae800000,0x00000007ae800000)
  from space 16384K, 95% used [0x00000007afb00000,0x00000007b0a56a78,0x00000007b0b00000)
  to   space 19456K, 0% used [0x00000007ae800000,0x00000007ae800000,0x00000007afb00000)
 ParOldGen       total 44032K, used 27169K [0x0000000780000000, 0x0000000782b00000, 0x00000007aab00000)
  object space 44032K, 61% used [0x0000000780000000,0x0000000781a88798,0x0000000782b00000)
 Metaspace       used 18192K, capacity 18537K, committed 18688K, reserved 1067008K
  class space    used 1887K, capacity 1988K, committed 2048K, reserved 1048576K
Event: 12.659 GC heap after
Heap after GC invocations=7 (full 0):
 PSYoungGen      total 81920K, used 19428K [0x00000007aab00000, 0x00000007b6500000, 0x00000007c0000000)
  eden space 62464K, 0% used [0x00000007aab00000,0x00000007aab00000,0x00000007ae800000)
  from space 19456K, 99% used [0x00000007ae800000,0x00000007afaf9248,0x00000007afb00000)
  to   space 32768K, 0% used [0x00000007b4500000,0x00000007b4500000,0x00000007b6500000)
 ParOldGen       total 46080K, used 46066K [0x0000000780000000, 0x0000000782d00000, 0x00000007aab00000)
  object space 46080K, 99% used [0x0000000780000000,0x0000000782cfc928,0x0000000782d00000)
 Metaspace       used 18192K, capacity 18537K, committed 18688K, reserved 1067008K
  class space    used 1887K, capacity 1988K, committed 2048K, reserved 1048576K
}
Event: 12.659 GC heap before
{Heap before GC invocations=8 (full 1):
 PSYoungGen      total 81920K, used 19428K [0x00000007aab00000, 0x00000007b6500000, 0x00000007c0000000)
  eden space 62464K, 0% used [0x00000007aab00000,0x00000007aab00000,0x00000007ae800000)
  from space 19456K, 99% used [0x00000007ae800000,0x00000007afaf9248,0x00000007afb00000)
  to   space 32768K, 0% used [0x00000007b4500000,0x00000007b4500000,0x00000007b6500000)
 ParOldGen       total 46080K, used 46066K [0x0000000780000000, 0x0000000782d00000, 0x00000007aab00000)
  object space 46080K, 99% used [0x0000000780000000,0x0000000782cfc928,0x0000000782d00000)
 Metaspace       used 18192K, capacity 18537K, committed 18688K, reserved 1067008K
  class space    used 1887K, capacity 1988K, committed 2048K, reserved 1048576K
Event: 13.116 GC heap after
Heap after GC invocations=8 (full 1):
 PSYoungGen      total 81920K, used 0K [0x00000007aab00000, 0x00000007b6500000, 0x00000007c0000000)
  eden space 62464K, 0% used [0x00000007aab00000,0x00000007aab00000,0x00000007ae800000)
  from space 19456K, 0% used [0x00000007ae800000,0x00000007ae800000,0x00000007afb00000)
  to   space 32768K, 0% used [0x00000007b4500000,0x00000007b4500000,0x00000007b6500000)
 ParOldGen       total 82944K, used 44758K [0x0000000780000000, 0x0000000785100000, 0x00000007aab00000)
  object space 82944K, 53% used [0x0000000780000000,0x0000000782bb5948,0x0000000785100000)
 Metaspace       used 18192K, capacity 18537K, committed 18688K, reserved 1067008K
  class space    used 1887K, capacity 1988K, committed 2048K, reserved 1048576K
}
Event: 13.302 GC heap before
{Heap before GC invocations=9 (full 1):
 PSYoungGen      total 81920K, used 62464K [0x00000007aab00000, 0x00000007b6500000, 0x00000007c0000000)
  eden space 62464K, 100% used [0x00000007aab00000,0x00000007ae800000,0x00000007ae800000)
  from space 19456K, 0% used [0x00000007ae800000,0x00000007ae800000,0x00000007afb00000)
  to   space 32768K, 0% used [0x00000007b4500000,0x00000007b4500000,0x00000007b6500000)
 ParOldGen       total 82944K, used 44758K [0x0000000780000000, 0x0000000785100000, 0x00000007aab00000)
  object space 82944K, 53% used [0x0000000780000000,0x0000000782bb5948,0x0000000785100000)
 Metaspace       used 18193K, capacity 18537K, committed 18688K, reserved 1067008K
  class space    used 1887K, capacity 1988K, committed 2048K, reserved 1048576K
Event: 13.481 GC heap after
Heap after GC invocations=9 (full 1):
 PSYoungGen      total 145408K, used 23509K [0x00000007aab00000, 0x00000007b6100000, 0x00000007c0000000)
  eden space 116736K, 0% used [0x00000007aab00000,0x00000007aab00000,0x00000007b1d00000)
  from space 28672K, 81% used [0x00000007b4500000,0x00000007b5bf57a0,0x00000007b6100000)
  to   space 34816K, 0% used [0x00000007b1d00000,0x00000007b1d00000,0x00000007b3f00000)
 ParOldGen       total 82944K, used 44758K [0x0000000780000000, 0x0000000785100000, 0x00000007aab00000)
  object space 82944K, 53% used [0x0000000780000000,0x0000000782bb5948,0x0000000785100000)
 Metaspace       used 18193K, capacity 18537K, committed 18688K, reserved 1067008K
  class space    used 1887K, capacity 1988K, committed 2048K, reserved 1048576K
}
Event: 14.429 GC heap before
{Heap before GC invocations=10 (full 1):
 PSYoungGen      total 145408K, used 140245K [0x00000007aab00000, 0x00000007b6100000, 0x00000007c0000000)
  eden space 116736K, 100% used [0x00000007aab00000,0x00000007b1d00000,0x00000007b1d00000)
  from space 28672K, 81% used [0x00000007b4500000,0x00000007b5bf57a0,0x00000007b6100000)
  to   space 34816K, 0% used [0x00000007b1d00000,0x00000007b1d00000,0x00000007b3f00000)
 ParOldGen       total 82944K, used 44758K [0x0000000780000000, 0x0000000785100000, 0x00000007aab00000)
  object space 82944K, 53% used [0x0000000780000000,0x0000000782bb5948,0x0000000785100000)
 Metaspace       used 18195K, capacity 18537K, committed 18688K, reserved 1067008K
  class space    used 1887K, capacity 1988K, committed 2048K, reserved 1048576K
Event: 14.743 GC heap after
Heap after GC invocations=10 (full 1):
 PSYoungGen      total 151552K, used 34795K [0x00000007aab00000, 0x00000007bbb80000, 0x00000007c0000000)
  eden space 116736K, 0% used [0x00000007aab00000,0x00000007aab00000,0x00000007b1d00000)
  from space 34816K, 99% used [0x00000007b1d00000,0x00000007b3efaf40,0x00000007b3f00000)
  to   space 50688K, 0% used [0x00000007b8a00000,0x00000007b8a00000,0x00000007bbb80000)
 ParOldGen       total 82944K, used 69157K [0x0000000780000000, 0x0000000785100000, 0x00000007aab00000)
  object space 82944K, 83% used [0x0000000780000000,0x0000000784389580,0x0000000785100000)
 Metaspace       used 18195K, capacity 18537K, committed 18688K, reserved 1067008K
  class space    used 1887K, capacity 1988K, committed 2048K, reserved 1048576K
}
Event: 14.743 GC heap before
{Heap before GC invocations=11 (full 2):
 PSYoungGen      total 151552K, used 34795K [0x00000007aab00000, 0x00000007bbb80000, 0x00000007c0000000)
  eden space 116736K, 0% used [0x00000007aab00000,0x00000007aab00000,0x00000007b1d00000)
  from space 34816K, 99% used [0x00000007b1d00000,0x00000007b3efaf40,0x00000007b3f00000)
  to   space 50688K, 0% used [0x00000007b8a00000,0x00000007b8a00000,0x00000007bbb80000)
 ParOldGen       total 82944K, used 69157K [0x0000000780000000, 0x0000000785100000, 0x00000007aab00000)
  object space 82944K, 83% used [0x0000000780000000,0x0000000784389580,0x0000000785100000)
 Metaspace       used 18195K, capacity 18537K, committed 18688K, reserved 1067008K
  class space    used 1887K, capacity 1988K, committed 2048K, reserved 1048576K
Event: 15.283 GC heap after
Heap after GC invocations=11 (full 2):
 PSYoungGen      total 151552K, used 0K [0x00000007aab00000, 0x00000007bbb80000, 0x00000007c0000000)
  eden space 116736K, 0% used [0x00000007aab00000,0x00000007aab00000,0x00000007b1d00000)
  from space 34816K, 0% used [0x00000007b1d00000,0x00000007b1d00000,0x00000007b3f00000)
  to   space 50688K, 0% used [0x00000007b8a00000,0x00000007b8a00000,0x00000007bbb80000)
 ParOldGen       total 88576K, used 37575K [0x0000000780000000, 0x0000000785680000, 0x00000007aab00000)
  object space 88576K, 42% used [0x0000000780000000,0x00000007824b1d28,0x0000000785680000)
 Metaspace       used 18195K, capacity 18537K, committed 18688K, reserved 1067008K
  class space    used 1887K, capacity 1988K, committed 2048K, reserved 1048576K
}

