# JRE version: Java(TM) SE Runtime Environment (8.0_181-b13) (build 1.8.0_181-b13)
# Java VM: Java HotSpot(TM) 64-Bit Server VM (25.181-b13 mixed mode bsd-amd64 compressed oops)
Heap:
 PSYoungGen      total 103424K, used 73529K [0x00000007aab00000, 0x00000007b3980000, 0x00000007c0000000)
  eden space 71680K, 75% used [0x00000007aab00000,0x00000007adfb13e8,0x00000007af100000)
  from space 31744K, 61% used [0x00000007af100000,0x00000007b041d048,0x00000007b1000000)
  to   space 31744K, 0% used [0x00000007b1a80000,0x00000007b1a80000,0x00000007b3980000)
 ParOldGen       total 96768K, used 43966K [0x0000000780000000, 0x0000000785e80000, 0x00000007aab00000)
  object space 96768K, 45% used [0x0000000780000000,0x0000000782aefaa8,0x0000000785e80000)
 Metaspace       used 21417K, capacity 21761K, committed 22016K, reserved 1069056K
  class space    used 2140K, capacity 2258K, committed 2304K, reserved 1048576K
GC Heap History (10 events):
Event: 28.488 GC heap before
{Heap before GC invocations=8 (full 1):
 PSYoungGen      total 52224K, used 52189K [0x00000007aab00000, 0x00000007b0e00000, 0x00000007c0000000)
  eden space 45568K, 100% used [0x00000007aab00000,0x00000007ad780000,0x00000007ad780000)
  from space 6656K, 99% used [0x00000007b0780000,0x00000007b0df7440,0x00000007b0e00000)
  to   space 27648K, 0% used [0x00000007ad800000,0x00000007ad800000,0x00000007af300000)
 ParOldGen       total 96768K, used 43942K [0x0000000780000000, 0x0000000785e80000, 0x00000007aab00000)
  object space 96768K, 45% used [0x0000000780000000,0x0000000782ae9aa8,0x0000000785e80000)
 Metaspace       used 21002K, capacity 21329K, committed 21760K, reserved 1069056K
  class space    used 2122K, capacity 2222K, committed 2304K, reserved 1048576K
Event: 28.660 GC heap after
Heap after GC invocations=8 (full 1):
 PSYoungGen      total 73728K, used 18854K [0x00000007aab00000, 0x00000007b2180000, 0x00000007c0000000)
  eden space 46080K, 0% used [0x00000007aab00000,0x00000007aab00000,0x00000007ad800000)
  from space 27648K, 68% used [0x00000007ad800000,0x00000007aea69930,0x00000007af300000)
  to   space 29184K, 0% used [0x00000007b0500000,0x00000007b0500000,0x00000007b2180000)
 ParOldGen       total 96768K, used 43950K [0x0000000780000000, 0x0000000785e80000, 0x00000007aab00000)
  object space 96768K, 45% used [0x0000000780000000,0x0000000782aebaa8,0x0000000785e80000)
 Metaspace       used 21002K, capacity 21329K, committed 21760K, reserved 1069056K
  class space    used 2122K, capacity 2222K, committed 2304K, reserved 1048576K
}
Event: 35.070 GC heap before
{Heap before GC invocations=9 (full 1):
 PSYoungGen      total 73728K, used 64934K [0x00000007aab00000, 0x00000007b2180000, 0x00000007c0000000)
  eden space 46080K, 100% used [0x00000007aab00000,0x00000007ad800000,0x00000007ad800000)
  from space 27648K, 68% used [0x00000007ad800000,0x00000007aea69930,0x00000007af300000)
  to   space 29184K, 0% used [0x00000007b0500000,0x00000007b0500000,0x00000007b2180000)
 ParOldGen       total 96768K, used 43950K [0x0000000780000000, 0x0000000785e80000, 0x00000007aab00000)
  object space 96768K, 45% used [0x0000000780000000,0x0000000782aebaa8,0x0000000785e80000)
 Metaspace       used 21196K, capacity 21591K, committed 22016K, reserved 1069056K
  class space    used 2122K, capacity 2223K, committed 2304K, reserved 1048576K
Event: 35.138 GC heap after
Heap after GC invocations=9 (full 1):
 PSYoungGen      total 90624K, used 19700K [0x00000007aab00000, 0x00000007b2380000, 0x00000007c0000000)
  eden space 61440K, 0% used [0x00000007aab00000,0x00000007aab00000,0x00000007ae700000)
  from space 29184K, 67% used [0x00000007b0500000,0x00000007b183d068,0x00000007b2180000)
  to   space 30720K, 0% used [0x00000007ae700000,0x00000007ae700000,0x00000007b0500000)
 ParOldGen       total 96768K, used 43958K [0x0000000780000000, 0x0000000785e80000, 0x00000007aab00000)
  object space 96768K, 45% used [0x0000000780000000,0x0000000782aedaa8,0x0000000785e80000)
 Metaspace       used 21196K, capacity 21591K, committed 22016K, reserved 1069056K
  class space    used 2122K, capacity 2223K, committed 2304K, reserved 1048576K
}
Event: 41.392 GC heap before
{Heap before GC invocations=10 (full 1):
 PSYoungGen      total 90624K, used 81140K [0x00000007aab00000, 0x00000007b2380000, 0x00000007c0000000)
  eden space 61440K, 100% used [0x00000007aab00000,0x00000007ae700000,0x00000007ae700000)
  from space 29184K, 67% used [0x00000007b0500000,0x00000007b183d068,0x00000007b2180000)
  to   space 30720K, 0% used [0x00000007ae700000,0x00000007ae700000,0x00000007b0500000)
 ParOldGen       total 96768K, used 43958K [0x0000000780000000, 0x0000000785e80000, 0x00000007aab00000)
  object space 96768K, 45% used [0x0000000780000000,0x0000000782aedaa8,0x0000000785e80000)
 Metaspace       used 21229K, capacity 21591K, committed 22016K, reserved 1069056K
  class space    used 2122K, capacity 2223K, committed 2304K, reserved 1048576K
Event: 41.495 GC heap after
Heap after GC invocations=10 (full 1):
 PSYoungGen      total 92160K, used 19572K [0x00000007aab00000, 0x00000007b2f80000, 0x00000007c0000000)
  eden space 61440K, 0% used [0x00000007aab00000,0x00000007aab00000,0x00000007ae700000)
  from space 30720K, 63% used [0x00000007ae700000,0x00000007afa1d048,0x00000007b0500000)
  to   space 31232K, 0% used [0x00000007b1100000,0x00000007b1100000,0x00000007b2f80000)
 ParOldGen       total 96768K, used 43958K [0x0000000780000000, 0x0000000785e80000, 0x00000007aab00000)
  object space 96768K, 45% used [0x0000000780000000,0x0000000782aedaa8,0x0000000785e80000)
 Metaspace       used 21229K, capacity 21591K, committed 22016K, reserved 1069056K
  class space    used 2122K, capacity 2223K, committed 2304K, reserved 1048576K
}
Event: 50.263 GC heap before
{Heap before GC invocations=11 (full 1):
 PSYoungGen      total 92160K, used 81012K [0x00000007aab00000, 0x00000007b2f80000, 0x00000007c0000000)
  eden space 61440K, 100% used [0x00000007aab00000,0x00000007ae700000,0x00000007ae700000)
  from space 30720K, 63% used [0x00000007ae700000,0x00000007afa1d048,0x00000007b0500000)
  to   space 31232K, 0% used [0x00000007b1100000,0x00000007b1100000,0x00000007b2f80000)
 ParOldGen       total 96768K, used 43958K [0x0000000780000000, 0x0000000785e80000, 0x00000007aab00000)
  object space 96768K, 45% used [0x0000000780000000,0x0000000782aedaa8,0x0000000785e80000)
 Metaspace       used 21250K, capacity 21591K, committed 22016K, reserved 1069056K
  class space    used 2122K, capacity 2223K, committed 2304K, reserved 1048576K
Event: 50.307 GC heap after
Heap after GC invocations=11 (full 1):
 PSYoungGen      total 102400K, used 19556K [0x00000007aab00000, 0x00000007b2f00000, 0x00000007c0000000)
  eden space 71680K, 0% used [0x00000007aab00000,0x00000007aab00000,0x00000007af100000)
  from space 30720K, 63% used [0x00000007b1100000,0x00000007b2419038,0x00000007b2f00000)
  to   space 31744K, 0% used [0x00000007af100000,0x00000007af100000,0x00000007b1000000)
 ParOldGen       total 96768K, used 43966K [0x0000000780000000, 0x0000000785e80000, 0x00000007aab00000)
  object space 96768K, 45% used [0x0000000780000000,0x0000000782aefaa8,0x0000000785e80000)
 Metaspace       used 21250K, capacity 21591K, committed 22016K, reserved 1069056K
  class space    used 2122K, capacity 2223K, committed 2304K, reserved 1048576K
}
Event: 58.340 GC heap before
{Heap before GC invocations=12 (full 1):
 PSYoungGen      total 102400K, used 91236K [0x00000007aab00000, 0x00000007b2f00000, 0x00000007c0000000)
  eden space 71680K, 100% used [0x00000007aab00000,0x00000007af100000,0x00000007af100000)
  from space 30720K, 63% used [0x00000007b1100000,0x00000007b2419038,0x00000007b2f00000)
  to   space 31744K, 0% used [0x00000007af100000,0x00000007af100000,0x00000007b1000000)
 ParOldGen       total 96768K, used 43966K [0x0000000780000000, 0x0000000785e80000, 0x00000007aab00000)
  object space 96768K, 45% used [0x0000000780000000,0x0000000782aefaa8,0x0000000785e80000)
 Metaspace       used 21277K, capacity 21655K, committed 22016K, reserved 1069056K
  class space    used 2122K, capacity 2223K, committed 2304K, reserved 1048576K
Event: 58.396 GC heap after
Heap after GC invocations=12 (full 1):
 PSYoungGen      total 103424K, used 19572K [0x00000007aab00000, 0x00000007b3980000, 0x00000007c0000000)
  eden space 71680K, 0% used [0x00000007aab00000,0x00000007aab00000,0x00000007af100000)
  from space 31744K, 61% used [0x00000007af100000,0x00000007b041d048,0x00000007b1000000)
  to   space 31744K, 0% used [0x00000007b1a80000,0x00000007b1a80000,0x00000007b3980000)
 ParOldGen       total 96768K, used 43966K [0x0000000780000000, 0x0000000785e80000, 0x00000007aab00000)
  object space 96768K, 45% used [0x0000000780000000,0x0000000782aefaa8,0x0000000785e80000)
 Metaspace       used 21277K, capacity 21655K, committed 22016K, reserved 1069056K
  class space    used 2122K, capacity 2223K, committed 2304K, reserved 1048576K
}

