# JRE version: Java(TM) SE Runtime Environment (8.0_181-b13) (build 1.8.0_181-b13)
# Java VM: Java HotSpot(TM) 64-Bit Server VM (25.181-b13 mixed mode bsd-amd64 compressed oops)
Heap:
 PSYoungGen      total 164864K, used 102713K [0x00000007aab00000, 0x00000007b5d80000, 0x00000007c0000000)
  eden space 153088K, 66% used [0x00000007aab00000,0x00000007b0f0e430,0x00000007b4080000)
  from space 11776K, 2% used [0x00000007b5200000,0x00000007b5240000,0x00000007b5d80000)
  to   space 14848K, 0% used [0x00000007b4080000,0x00000007b4080000,0x00000007b4f00000)
 ParOldGen       total 44032K, used 28812K [0x0000000780000000, 0x0000000782b00000, 0x00000007aab00000)
  object space 44032K, 65% used [0x0000000780000000,0x0000000781c23238,0x0000000782b00000)
 Metaspace       used 28255K, capacity 28623K, committed 29056K, reserved 1075200K
  class space    used 2239K, capacity 2346K, committed 2432K, reserved 1048576K
GC Heap History (10 events):
Event: 13.553 GC heap before
{Heap before GC invocations=7 (full 1):
 PSYoungGen      total 35328K, used 32768K [0x00000007aab00000, 0x00000007b0100000, 0x00000007c0000000)
  eden space 32768K, 100% used [0x00000007aab00000,0x00000007acb00000,0x00000007acb00000)
  from space 2560K, 0% used [0x00000007acb00000,0x00000007acb00000,0x00000007acd80000)
  to   space 11264K, 0% used [0x00000007af600000,0x00000007af600000,0x00000007b0100000)
 ParOldGen       total 44032K, used 16876K [0x0000000780000000, 0x0000000782b00000, 0x00000007aab00000)
  object space 44032K, 38% used [0x0000000780000000,0x000000078107b130,0x0000000782b00000)
 Metaspace       used 26661K, capacity 26972K, committed 27392K, reserved 1075200K
  class space    used 2172K, capacity 2279K, committed 2304K, reserved 1048576K
Event: 13.571 GC heap after
Heap after GC invocations=7 (full 1):
 PSYoungGen      total 69120K, used 7694K [0x00000007aab00000, 0x00000007afe00000, 0x00000007c0000000)
  eden space 60928K, 0% used [0x00000007aab00000,0x00000007aab00000,0x00000007ae680000)
  from space 8192K, 93% used [0x00000007af600000,0x00000007afd83810,0x00000007afe00000)
  to   space 11264K, 0% used [0x00000007ae800000,0x00000007ae800000,0x00000007af300000)
 ParOldGen       total 44032K, used 16884K [0x0000000780000000, 0x0000000782b00000, 0x00000007aab00000)
  object space 44032K, 38% used [0x0000000780000000,0x000000078107d130,0x0000000782b00000)
 Metaspace       used 26661K, capacity 26972K, committed 27392K, reserved 1075200K
  class space    used 2172K, capacity 2279K, committed 2304K, reserved 1048576K
}
Event: 18.738 GC heap before
{Heap before GC invocations=8 (full 1):
 PSYoungGen      total 69120K, used 68622K [0x00000007aab00000, 0x00000007afe00000, 0x00000007c0000000)
  eden space 60928K, 100% used [0x00000007aab00000,0x00000007ae680000,0x00000007ae680000)
  from space 8192K, 93% used [0x00000007af600000,0x00000007afd83810,0x00000007afe00000)
  to   space 11264K, 0% used [0x00000007ae800000,0x00000007ae800000,0x00000007af300000)
 ParOldGen       total 44032K, used 16884K [0x0000000780000000, 0x0000000782b00000, 0x00000007aab00000)
  object space 44032K, 38% used [0x0000000780000000,0x000000078107d130,0x0000000782b00000)
 Metaspace       used 27631K, capacity 27979K, committed 28288K, reserved 1075200K
  class space    used 2226K, capacity 2344K, committed 2432K, reserved 1048576K
Event: 18.755 GC heap after
Heap after GC invocations=8 (full 1):
 PSYoungGen      total 73728K, used 11259K [0x00000007aab00000, 0x00000007b3100000, 0x00000007c0000000)
  eden space 62464K, 0% used [0x00000007aab00000,0x00000007aab00000,0x00000007ae800000)
  from space 11264K, 99% used [0x00000007ae800000,0x00000007af2fed78,0x00000007af300000)
  to   space 13312K, 0% used [0x00000007b2400000,0x00000007b2400000,0x00000007b3100000)
 ParOldGen       total 44032K, used 17788K [0x0000000780000000, 0x0000000782b00000, 0x00000007aab00000)
  object space 44032K, 40% used [0x0000000780000000,0x000000078115f1c0,0x0000000782b00000)
 Metaspace       used 27631K, capacity 27979K, committed 28288K, reserved 1075200K
  class space    used 2226K, capacity 2344K, committed 2432K, reserved 1048576K
}
Event: 27.557 GC heap before
{Heap before GC invocations=9 (full 1):
 PSYoungGen      total 73728K, used 73723K [0x00000007aab00000, 0x00000007b3100000, 0x00000007c0000000)
  eden space 62464K, 100% used [0x00000007aab00000,0x00000007ae800000,0x00000007ae800000)
  from space 11264K, 99% used [0x00000007ae800000,0x00000007af2fed78,0x00000007af300000)
  to   space 13312K, 0% used [0x00000007b2400000,0x00000007b2400000,0x00000007b3100000)
 ParOldGen       total 44032K, used 17788K [0x0000000780000000, 0x0000000782b00000, 0x00000007aab00000)
  object space 44032K, 40% used [0x0000000780000000,0x000000078115f1c0,0x0000000782b00000)
 Metaspace       used 27968K, capacity 28299K, committed 28800K, reserved 1075200K
  class space    used 2226K, capacity 2344K, committed 2432K, reserved 1048576K
Event: 27.575 GC heap after
Heap after GC invocations=9 (full 1):
 PSYoungGen      total 122880K, used 11305K [0x00000007aab00000, 0x00000007b3300000, 0x00000007c0000000)
  eden space 109568K, 0% used [0x00000007aab00000,0x00000007aab00000,0x00000007b1600000)
  from space 13312K, 84% used [0x00000007b2400000,0x00000007b2f0a7a0,0x00000007b3100000)
  to   space 14336K, 0% used [0x00000007b1600000,0x00000007b1600000,0x00000007b2400000)
 ParOldGen       total 44032K, used 17796K [0x0000000780000000, 0x0000000782b00000, 0x00000007aab00000)
  object space 44032K, 40% used [0x0000000780000000,0x00000007811611c0,0x0000000782b00000)
 Metaspace       used 27968K, capacity 28299K, committed 28800K, reserved 1075200K
  class space    used 2226K, capacity 2344K, committed 2432K, reserved 1048576K
}
Event: 46.571 GC heap before
{Heap before GC invocations=10 (full 1):
 PSYoungGen      total 122880K, used 120873K [0x00000007aab00000, 0x00000007b3300000, 0x00000007c0000000)
  eden space 109568K, 100% used [0x00000007aab00000,0x00000007b1600000,0x00000007b1600000)
  from space 13312K, 84% used [0x00000007b2400000,0x00000007b2f0a7a0,0x00000007b3100000)
  to   space 14336K, 0% used [0x00000007b1600000,0x00000007b1600000,0x00000007b2400000)
 ParOldGen       total 44032K, used 17796K [0x0000000780000000, 0x0000000782b00000, 0x00000007aab00000)
  object space 44032K, 40% used [0x0000000780000000,0x00000007811611c0,0x0000000782b00000)
 Metaspace       used 28180K, capacity 28555K, committed 29056K, reserved 1075200K
  class space    used 2227K, capacity 2344K, committed 2432K, reserved 1048576K
Event: 46.587 GC heap after
Heap after GC invocations=10 (full 1):
 PSYoungGen      total 123904K, used 4128K [0x00000007aab00000, 0x00000007b6000000, 0x00000007c0000000)
  eden space 109568K, 0% used [0x00000007aab00000,0x00000007aab00000,0x00000007b1600000)
  from space 14336K, 28% used [0x00000007b1600000,0x00000007b1a080d0,0x00000007b2400000)
  to   space 14336K, 0% used [0x00000007b5200000,0x00000007b5200000,0x00000007b6000000)
 ParOldGen       total 44032K, used 24714K [0x0000000780000000, 0x0000000782b00000, 0x00000007aab00000)
  object space 44032K, 56% used [0x0000000780000000,0x0000000781822928,0x0000000782b00000)
 Metaspace       used 28180K, capacity 28555K, committed 29056K, reserved 1075200K
  class space    used 2227K, capacity 2344K, committed 2432K, reserved 1048576K
}
Event: 62.940 GC heap before
{Heap before GC invocations=11 (full 1):
 PSYoungGen      total 123904K, used 113696K [0x00000007aab00000, 0x00000007b6000000, 0x00000007c0000000)
  eden space 109568K, 100% used [0x00000007aab00000,0x00000007b1600000,0x00000007b1600000)
  from space 14336K, 28% used [0x00000007b1600000,0x00000007b1a080d0,0x00000007b2400000)
  to   space 14336K, 0% used [0x00000007b5200000,0x00000007b5200000,0x00000007b6000000)
 ParOldGen       total 44032K, used 24714K [0x0000000780000000, 0x0000000782b00000, 0x00000007aab00000)
  object space 44032K, 56% used [0x0000000780000000,0x0000000781822928,0x0000000782b00000)
 Metaspace       used 28192K, capacity 28555K, committed 29056K, reserved 1075200K
  class space    used 2227K, capacity 2344K, committed 2432K, reserved 1048576K
Event: 62.949 GC heap after
Heap after GC invocations=11 (full 1):
 PSYoungGen      total 164864K, used 256K [0x00000007aab00000, 0x00000007b5d80000, 0x00000007c0000000)
  eden space 153088K, 0% used [0x00000007aab00000,0x00000007aab00000,0x00000007b4080000)
  from space 11776K, 2% used [0x00000007b5200000,0x00000007b5240000,0x00000007b5d80000)
  to   space 14848K, 0% used [0x00000007b4080000,0x00000007b4080000,0x00000007b4f00000)
 ParOldGen       total 44032K, used 28812K [0x0000000780000000, 0x0000000782b00000, 0x00000007aab00000)
  object space 44032K, 65% used [0x0000000780000000,0x0000000781c23238,0x0000000782b00000)
 Metaspace       used 28192K, capacity 28555K, committed 29056K, reserved 1075200K
  class space    used 2227K, capacity 2344K, committed 2432K, reserved 1048576K
}

