# JRE version: Java(TM) SE Runtime Environment (8.0_181-b13) (build 1.8.0_181-b13)
# Java VM: Java HotSpot(TM) 64-Bit Server VM (25.181-b13 mixed mode bsd-amd64 compressed oops)
Heap:
 PSYoungGen      total 121344K, used 27349K [0x00000007aab00000, 0x00000007b5a80000, 0x00000007c0000000)
  eden space 108544K, 20% used [0x00000007aab00000,0x00000007ac12d400,0x00000007b1500000)
  from space 12800K, 36% used [0x00000007b1500000,0x00000007b19880b0,0x00000007b2180000)
  to   space 12288K, 0% used [0x00000007b4e80000,0x00000007b4e80000,0x00000007b5a80000)
 ParOldGen       total 45056K, used 25119K [0x0000000780000000, 0x0000000782c00000, 0x00000007aab00000)
  object space 45056K, 55% used [0x0000000780000000,0x0000000781887d88,0x0000000782c00000)
 Metaspace       used 27810K, capacity 28175K, committed 28544K, reserved 1075200K
  class space    used 2215K, capacity 2346K, committed 2432K, reserved 1048576K
GC Heap History (10 events):
Event: 10.776 GC heap before
{Heap before GC invocations=6 (full 1):
 PSYoungGen      total 35328K, used 2552K [0x00000007aab00000, 0x00000007b0000000, 0x00000007c0000000)
  eden space 32768K, 0% used [0x00000007aab00000,0x00000007aab00000,0x00000007acb00000)
  from space 2560K, 99% used [0x00000007acb00000,0x00000007acd7e0c0,0x00000007acd80000)
  to   space 10752K, 0% used [0x00000007af580000,0x00000007af580000,0x00000007b0000000)
 ParOldGen       total 44032K, used 18896K [0x0000000780000000, 0x0000000782b00000, 0x00000007aab00000)
  object space 44032K, 42% used [0x0000000780000000,0x0000000781274180,0x0000000782b00000)
 Metaspace       used 20807K, capacity 21104K, committed 21296K, reserved 1069056K
  class space    used 2045K, capacity 2151K, committed 2176K, reserved 1048576K
Event: 10.864 GC heap after
Heap after GC invocations=6 (full 1):
 PSYoungGen      total 35328K, used 0K [0x00000007aab00000, 0x00000007b0000000, 0x00000007c0000000)
  eden space 32768K, 0% used [0x00000007aab00000,0x00000007aab00000,0x00000007acb00000)
  from space 2560K, 0% used [0x00000007acb00000,0x00000007acb00000,0x00000007acd80000)
  to   space 10752K, 0% used [0x00000007af580000,0x00000007af580000,0x00000007b0000000)
 ParOldGen       total 45056K, used 18076K [0x0000000780000000, 0x0000000782c00000, 0x00000007aab00000)
  object space 45056K, 40% used [0x0000000780000000,0x00000007811a70e0,0x0000000782c00000)
 Metaspace       used 20806K, capacity 21102K, committed 21296K, reserved 1069056K
  class space    used 2045K, capacity 2150K, committed 2176K, reserved 1048576K
}
Event: 13.838 GC heap before
{Heap before GC invocations=7 (full 1):
 PSYoungGen      total 35328K, used 32636K [0x00000007aab00000, 0x00000007b0000000, 0x00000007c0000000)
  eden space 32768K, 99% used [0x00000007aab00000,0x00000007acadf340,0x00000007acb00000)
  from space 2560K, 0% used [0x00000007acb00000,0x00000007acb00000,0x00000007acd80000)
  to   space 10752K, 0% used [0x00000007af580000,0x00000007af580000,0x00000007b0000000)
 ParOldGen       total 45056K, used 18076K [0x0000000780000000, 0x0000000782c00000, 0x00000007aab00000)
  object space 45056K, 40% used [0x0000000780000000,0x00000007811a70e0,0x0000000782c00000)
 Metaspace       used 25911K, capacity 26268K, committed 26624K, reserved 1073152K
  class space    used 2108K, capacity 2215K, committed 2304K, reserved 1048576K
Event: 13.857 GC heap after
Heap after GC invocations=7 (full 1):
 PSYoungGen      total 66560K, used 5785K [0x00000007aab00000, 0x00000007afb80000, 0x00000007c0000000)
  eden space 60416K, 0% used [0x00000007aab00000,0x00000007aab00000,0x00000007ae600000)
  from space 6144K, 94% used [0x00000007af580000,0x00000007afb266c0,0x00000007afb80000)
  to   space 10240K, 0% used [0x00000007ae780000,0x00000007ae780000,0x00000007af180000)
 ParOldGen       total 45056K, used 18084K [0x0000000780000000, 0x0000000782c00000, 0x00000007aab00000)
  object space 45056K, 40% used [0x0000000780000000,0x00000007811a90e0,0x0000000782c00000)
 Metaspace       used 25911K, capacity 26268K, committed 26624K, reserved 1073152K
  class space    used 2108K, capacity 2215K, committed 2304K, reserved 1048576K
}
Event: 21.842 GC heap before
{Heap before GC invocations=8 (full 1):
 PSYoungGen      total 66560K, used 66201K [0x00000007aab00000, 0x00000007afb80000, 0x00000007c0000000)
  eden space 60416K, 100% used [0x00000007aab00000,0x00000007ae600000,0x00000007ae600000)
  from space 6144K, 94% used [0x00000007af580000,0x00000007afb266c0,0x00000007afb80000)
  to   space 10240K, 0% used [0x00000007ae780000,0x00000007ae780000,0x00000007af180000)
 ParOldGen       total 45056K, used 18084K [0x0000000780000000, 0x0000000782c00000, 0x00000007aab00000)
  object space 45056K, 40% used [0x0000000780000000,0x00000007811a90e0,0x0000000782c00000)
 Metaspace       used 27558K, capacity 27845K, committed 28160K, reserved 1075200K
  class space    used 2200K, capacity 2279K, committed 2304K, reserved 1048576K
Event: 21.868 GC heap after
Heap after GC invocations=8 (full 1):
 PSYoungGen      total 72192K, used 10153K [0x00000007aab00000, 0x00000007b2d00000, 0x00000007c0000000)
  eden space 61952K, 0% used [0x00000007aab00000,0x00000007aab00000,0x00000007ae780000)
  from space 10240K, 99% used [0x00000007ae780000,0x00000007af16a760,0x00000007af180000)
  to   space 11776K, 0% used [0x00000007b2180000,0x00000007b2180000,0x00000007b2d00000)
 ParOldGen       total 45056K, used 19884K [0x0000000780000000, 0x0000000782c00000, 0x00000007aab00000)
  object space 45056K, 44% used [0x0000000780000000,0x000000078136b150,0x0000000782c00000)
 Metaspace       used 27558K, capacity 27845K, committed 28160K, reserved 1075200K
  class space    used 2200K, capacity 2279K, committed 2304K, reserved 1048576K
}
Event: 38.081 GC heap before
{Heap before GC invocations=9 (full 1):
 PSYoungGen      total 72192K, used 72105K [0x00000007aab00000, 0x00000007b2d00000, 0x00000007c0000000)
  eden space 61952K, 100% used [0x00000007aab00000,0x00000007ae780000,0x00000007ae780000)
  from space 10240K, 99% used [0x00000007ae780000,0x00000007af16a760,0x00000007af180000)
  to   space 11776K, 0% used [0x00000007b2180000,0x00000007b2180000,0x00000007b2d00000)
 ParOldGen       total 45056K, used 19884K [0x0000000780000000, 0x0000000782c00000, 0x00000007aab00000)
  object space 45056K, 44% used [0x0000000780000000,0x000000078136b150,0x0000000782c00000)
 Metaspace       used 27694K, capacity 28037K, committed 28416K, reserved 1075200K
  class space    used 2200K, capacity 2279K, committed 2304K, reserved 1048576K
Event: 38.101 GC heap after
Heap after GC invocations=9 (full 1):
 PSYoungGen      total 120320K, used 10091K [0x00000007aab00000, 0x00000007b2e80000, 0x00000007c0000000)
  eden space 108544K, 0% used [0x00000007aab00000,0x00000007aab00000,0x00000007b1500000)
  from space 11776K, 85% used [0x00000007b2180000,0x00000007b2b5ad48,0x00000007b2d00000)
  to   space 12800K, 0% used [0x00000007b1500000,0x00000007b1500000,0x00000007b2180000)
 ParOldGen       total 45056K, used 19892K [0x0000000780000000, 0x0000000782c00000, 0x00000007aab00000)
  object space 45056K, 44% used [0x0000000780000000,0x000000078136d150,0x0000000782c00000)
 Metaspace       used 27694K, capacity 28037K, committed 28416K, reserved 1075200K
  class space    used 2200K, capacity 2279K, committed 2304K, reserved 1048576K
}
Event: 66.242 GC heap before
{Heap before GC invocations=10 (full 1):
 PSYoungGen      total 120320K, used 118635K [0x00000007aab00000, 0x00000007b2e80000, 0x00000007c0000000)
  eden space 108544K, 100% used [0x00000007aab00000,0x00000007b1500000,0x00000007b1500000)
  from space 11776K, 85% used [0x00000007b2180000,0x00000007b2b5ad48,0x00000007b2d00000)
  to   space 12800K, 0% used [0x00000007b1500000,0x00000007b1500000,0x00000007b2180000)
 ParOldGen       total 45056K, used 19892K [0x0000000780000000, 0x0000000782c00000, 0x00000007aab00000)
  object space 45056K, 44% used [0x0000000780000000,0x000000078136d150,0x0000000782c00000)
 Metaspace       used 27694K, capacity 28037K, committed 28416K, reserved 1075200K
  class space    used 2200K, capacity 2279K, committed 2304K, reserved 1048576K
Event: 66.259 GC heap after
Heap after GC invocations=10 (full 1):
 PSYoungGen      total 121344K, used 4640K [0x00000007aab00000, 0x00000007b5a80000, 0x00000007c0000000)
  eden space 108544K, 0% used [0x00000007aab00000,0x00000007aab00000,0x00000007b1500000)
  from space 12800K, 36% used [0x00000007b1500000,0x00000007b19880b0,0x00000007b2180000)
  to   space 12288K, 0% used [0x00000007b4e80000,0x00000007b4e80000,0x00000007b5a80000)
 ParOldGen       total 45056K, used 25119K [0x0000000780000000, 0x0000000782c00000, 0x00000007aab00000)
  object space 45056K, 55% used [0x0000000780000000,0x0000000781887d88,0x0000000782c00000)
 Metaspace       used 27694K, capacity 28037K, committed 28416K, reserved 1075200K
  class space    used 2200K, capacity 2279K, committed 2304K, reserved 1048576K
}

