# JRE version: Java(TM) SE Runtime Environment (8.0_181-b13) (build 1.8.0_181-b13)
# Java VM: Java HotSpot(TM) 64-Bit Server VM (25.181-b13 mixed mode bsd-amd64 compressed oops)
Heap:
 PSYoungGen      total 96768K, used 62806K [0x00000007aab00000, 0x00000007b1980000, 0x00000007c0000000)
  eden space 83456K, 74% used [0x00000007aab00000,0x00000007ae793880,0x00000007afc80000)
  from space 13312K, 5% used [0x00000007b0c80000,0x00000007b0d42040,0x00000007b1980000)
  to   space 14848K, 0% used [0x00000007afc80000,0x00000007afc80000,0x00000007b0b00000)
 ParOldGen       total 43008K, used 28775K [0x0000000780000000, 0x0000000782a00000, 0x00000007aab00000)
  object space 43008K, 66% used [0x0000000780000000,0x0000000781c19da8,0x0000000782a00000)
 Metaspace       used 28095K, capacity 28419K, committed 28800K, reserved 1075200K
  class space    used 2239K, capacity 2346K, committed 2432K, reserved 1048576K
GC Heap History (10 events):
Event: 13.509 GC heap before
{Heap before GC invocations=7 (full 1):
 PSYoungGen      total 18944K, used 16384K [0x00000007aab00000, 0x00000007adf00000, 0x00000007c0000000)
  eden space 16384K, 100% used [0x00000007aab00000,0x00000007abb00000,0x00000007abb00000)
  from space 2560K, 0% used [0x00000007abb00000,0x00000007abb00000,0x00000007abd80000)
  to   space 10240K, 0% used [0x00000007ad500000,0x00000007ad500000,0x00000007adf00000)
 ParOldGen       total 43008K, used 17367K [0x0000000780000000, 0x0000000782a00000, 0x00000007aab00000)
  object space 43008K, 40% used [0x0000000780000000,0x00000007810f5df0,0x0000000782a00000)
 Metaspace       used 25570K, capacity 25932K, committed 26368K, reserved 1073152K
  class space    used 2081K, capacity 2183K, committed 2304K, reserved 1048576K
Event: 13.513 GC heap after
Heap after GC invocations=7 (full 1):
 PSYoungGen      total 41472K, used 1428K [0x00000007aab00000, 0x00000007adf80000, 0x00000007c0000000)
  eden space 31232K, 0% used [0x00000007aab00000,0x00000007aab00000,0x00000007ac980000)
  from space 10240K, 13% used [0x00000007ad500000,0x00000007ad665200,0x00000007adf00000)
  to   space 11264K, 0% used [0x00000007ac980000,0x00000007ac980000,0x00000007ad480000)
 ParOldGen       total 43008K, used 17375K [0x0000000780000000, 0x0000000782a00000, 0x00000007aab00000)
  object space 43008K, 40% used [0x0000000780000000,0x00000007810f7df0,0x0000000782a00000)
 Metaspace       used 25570K, capacity 25932K, committed 26368K, reserved 1073152K
  class space    used 2081K, capacity 2183K, committed 2304K, reserved 1048576K
}
Event: 16.035 GC heap before
{Heap before GC invocations=8 (full 1):
 PSYoungGen      total 41472K, used 32660K [0x00000007aab00000, 0x00000007adf80000, 0x00000007c0000000)
  eden space 31232K, 100% used [0x00000007aab00000,0x00000007ac980000,0x00000007ac980000)
  from space 10240K, 13% used [0x00000007ad500000,0x00000007ad665200,0x00000007adf00000)
  to   space 11264K, 0% used [0x00000007ac980000,0x00000007ac980000,0x00000007ad480000)
 ParOldGen       total 43008K, used 17375K [0x0000000780000000, 0x0000000782a00000, 0x00000007aab00000)
  object space 43008K, 40% used [0x0000000780000000,0x00000007810f7df0,0x0000000782a00000)
 Metaspace       used 27197K, capacity 27545K, committed 28032K, reserved 1075200K
  class space    used 2203K, capacity 2311K, committed 2432K, reserved 1048576K
Event: 16.054 GC heap after
Heap after GC invocations=8 (full 1):
 PSYoungGen      total 42496K, used 8617K [0x00000007aab00000, 0x00000007afb80000, 0x00000007c0000000)
  eden space 31232K, 0% used [0x00000007aab00000,0x00000007aab00000,0x00000007ac980000)
  from space 11264K, 76% used [0x00000007ac980000,0x00000007ad1ea5b0,0x00000007ad480000)
  to   space 11776K, 0% used [0x00000007af000000,0x00000007af000000,0x00000007afb80000)
 ParOldGen       total 43008K, used 17383K [0x0000000780000000, 0x0000000782a00000, 0x00000007aab00000)
  object space 43008K, 40% used [0x0000000780000000,0x00000007810f9df0,0x0000000782a00000)
 Metaspace       used 27197K, capacity 27545K, committed 28032K, reserved 1075200K
  class space    used 2203K, capacity 2311K, committed 2432K, reserved 1048576K
}
Event: 17.948 GC heap before
{Heap before GC invocations=9 (full 1):
 PSYoungGen      total 42496K, used 39740K [0x00000007aab00000, 0x00000007afb80000, 0x00000007c0000000)
  eden space 31232K, 99% used [0x00000007aab00000,0x00000007ac964d30,0x00000007ac980000)
  from space 11264K, 76% used [0x00000007ac980000,0x00000007ad1ea5b0,0x00000007ad480000)
  to   space 11776K, 0% used [0x00000007af000000,0x00000007af000000,0x00000007afb80000)
 ParOldGen       total 43008K, used 17383K [0x0000000780000000, 0x0000000782a00000, 0x00000007aab00000)
  object space 43008K, 40% used [0x0000000780000000,0x00000007810f9df0,0x0000000782a00000)
 Metaspace       used 27408K, capacity 27737K, committed 28288K, reserved 1075200K
  class space    used 2203K, capacity 2311K, committed 2432K, reserved 1048576K
Event: 17.989 GC heap after
Heap after GC invocations=9 (full 1):
 PSYoungGen      total 68608K, used 11679K [0x00000007aab00000, 0x00000007afe80000, 0x00000007c0000000)
  eden space 56832K, 0% used [0x00000007aab00000,0x00000007aab00000,0x00000007ae280000)
  from space 11776K, 99% used [0x00000007af000000,0x00000007afb67d18,0x00000007afb80000)
  to   space 13824K, 0% used [0x00000007ae280000,0x00000007ae280000,0x00000007af000000)
 ParOldGen       total 43008K, used 17391K [0x0000000780000000, 0x0000000782a00000, 0x00000007aab00000)
  object space 43008K, 40% used [0x0000000780000000,0x00000007810fbdf0,0x0000000782a00000)
 Metaspace       used 27408K, capacity 27737K, committed 28288K, reserved 1075200K
  class space    used 2203K, capacity 2311K, committed 2432K, reserved 1048576K
}
Event: 29.006 GC heap before
{Heap before GC invocations=10 (full 1):
 PSYoungGen      total 68608K, used 68511K [0x00000007aab00000, 0x00000007afe80000, 0x00000007c0000000)
  eden space 56832K, 100% used [0x00000007aab00000,0x00000007ae280000,0x00000007ae280000)
  from space 11776K, 99% used [0x00000007af000000,0x00000007afb67d18,0x00000007afb80000)
  to   space 13824K, 0% used [0x00000007ae280000,0x00000007ae280000,0x00000007af000000)
 ParOldGen       total 43008K, used 17391K [0x0000000780000000, 0x0000000782a00000, 0x00000007aab00000)
  object space 43008K, 40% used [0x0000000780000000,0x00000007810fbdf0,0x0000000782a00000)
 Metaspace       used 27717K, capacity 28063K, committed 28544K, reserved 1075200K
  class space    used 2205K, capacity 2312K, committed 2432K, reserved 1048576K
Event: 29.031 GC heap after
Heap after GC invocations=10 (full 1):
 PSYoungGen      total 70656K, used 10842K [0x00000007aab00000, 0x00000007b1b00000, 0x00000007c0000000)
  eden space 56832K, 0% used [0x00000007aab00000,0x00000007aab00000,0x00000007ae280000)
  from space 13824K, 78% used [0x00000007ae280000,0x00000007aed16b78,0x00000007af000000)
  to   space 14848K, 0% used [0x00000007b0c80000,0x00000007b0c80000,0x00000007b1b00000)
 ParOldGen       total 43008K, used 18593K [0x0000000780000000, 0x0000000782a00000, 0x00000007aab00000)
  object space 43008K, 43% used [0x0000000780000000,0x00000007812287b0,0x0000000782a00000)
 Metaspace       used 27717K, capacity 28063K, committed 28544K, reserved 1075200K
  class space    used 2205K, capacity 2312K, committed 2432K, reserved 1048576K
}
Event: 37.423 GC heap before
{Heap before GC invocations=11 (full 1):
 PSYoungGen      total 70656K, used 67674K [0x00000007aab00000, 0x00000007b1b00000, 0x00000007c0000000)
  eden space 56832K, 100% used [0x00000007aab00000,0x00000007ae280000,0x00000007ae280000)
  from space 13824K, 78% used [0x00000007ae280000,0x00000007aed16b78,0x00000007af000000)
  to   space 14848K, 0% used [0x00000007b0c80000,0x00000007b0c80000,0x00000007b1b00000)
 ParOldGen       total 43008K, used 18593K [0x0000000780000000, 0x0000000782a00000, 0x00000007aab00000)
  object space 43008K, 43% used [0x0000000780000000,0x00000007812287b0,0x0000000782a00000)
 Metaspace       used 28004K, capacity 28351K, committed 28800K, reserved 1075200K
  class space    used 2226K, capacity 2344K, committed 2432K, reserved 1048576K
Event: 37.442 GC heap after
Heap after GC invocations=11 (full 1):
 PSYoungGen      total 96768K, used 776K [0x00000007aab00000, 0x00000007b1980000, 0x00000007c0000000)
  eden space 83456K, 0% used [0x00000007aab00000,0x00000007aab00000,0x00000007afc80000)
  from space 13312K, 5% used [0x00000007b0c80000,0x00000007b0d42040,0x00000007b1980000)
  to   space 14848K, 0% used [0x00000007afc80000,0x00000007afc80000,0x00000007b0b00000)
 ParOldGen       total 43008K, used 28775K [0x0000000780000000, 0x0000000782a00000, 0x00000007aab00000)
  object space 43008K, 66% used [0x0000000780000000,0x0000000781c19da8,0x0000000782a00000)
 Metaspace       used 28004K, capacity 28351K, committed 28800K, reserved 1075200K
  class space    used 2226K, capacity 2344K, committed 2432K, reserved 1048576K
}

