# JRE version: Java(TM) SE Runtime Environment (8.0_181-b13) (build 1.8.0_181-b13)
# Java VM: Java HotSpot(TM) 64-Bit Server VM (25.181-b13 mixed mode bsd-amd64 compressed oops)
Heap:
 PSYoungGen      total 123904K, used 83497K [0x00000007aab00000, 0x00000007b6000000, 0x00000007c0000000)
  eden space 110592K, 71% used [0x00000007aab00000,0x00000007af7c2418,0x00000007b1700000)
  from space 13312K, 36% used [0x00000007b1700000,0x00000007b1bc8100,0x00000007b2400000)
  to   space 13312K, 0% used [0x00000007b5300000,0x00000007b5300000,0x00000007b6000000)
 ParOldGen       total 44032K, used 24530K [0x0000000780000000, 0x0000000782b00000, 0x00000007aab00000)
  object space 44032K, 55% used [0x0000000780000000,0x00000007817f48c0,0x0000000782b00000)
 Metaspace       used 28018K, capacity 28367K, committed 28800K, reserved 1075200K
  class space    used 2245K, capacity 2346K, committed 2432K, reserved 1048576K
GC Heap History (10 events):
Event: 9.791 GC heap before
{Heap before GC invocations=6 (full 1):
 PSYoungGen      total 35328K, used 2536K [0x00000007aab00000, 0x00000007aff00000, 0x00000007c0000000)
  eden space 32768K, 0% used [0x00000007aab00000,0x00000007aab00000,0x00000007acb00000)
  from space 2560K, 99% used [0x00000007acb00000,0x00000007acd7a0b0,0x00000007acd80000)
  to   space 10240K, 0% used [0x00000007af500000,0x00000007af500000,0x00000007aff00000)
 ParOldGen       total 44032K, used 18477K [0x0000000780000000, 0x0000000782b00000, 0x00000007aab00000)
  object space 44032K, 41% used [0x0000000780000000,0x000000078120b6c0,0x0000000782b00000)
 Metaspace       used 20869K, capacity 21172K, committed 21296K, reserved 1069056K
  class space    used 2050K, capacity 2151K, committed 2176K, reserved 1048576K
Event: 9.877 GC heap after
Heap after GC invocations=6 (full 1):
 PSYoungGen      total 35328K, used 0K [0x00000007aab00000, 0x00000007aff00000, 0x00000007c0000000)
  eden space 32768K, 0% used [0x00000007aab00000,0x00000007aab00000,0x00000007acb00000)
  from space 2560K, 0% used [0x00000007acb00000,0x00000007acb00000,0x00000007acd80000)
  to   space 10240K, 0% used [0x00000007af500000,0x00000007af500000,0x00000007aff00000)
 ParOldGen       total 44032K, used 17685K [0x0000000780000000, 0x0000000782b00000, 0x00000007aab00000)
  object space 44032K, 40% used [0x0000000780000000,0x0000000781145518,0x0000000782b00000)
 Metaspace       used 20867K, capacity 21166K, committed 21296K, reserved 1069056K
  class space    used 2049K, capacity 2150K, committed 2176K, reserved 1048576K
}
Event: 12.291 GC heap before
{Heap before GC invocations=7 (full 1):
 PSYoungGen      total 35328K, used 32767K [0x00000007aab00000, 0x00000007aff00000, 0x00000007c0000000)
  eden space 32768K, 99% used [0x00000007aab00000,0x00000007acaffee8,0x00000007acb00000)
  from space 2560K, 0% used [0x00000007acb00000,0x00000007acb00000,0x00000007acd80000)
  to   space 10240K, 0% used [0x00000007af500000,0x00000007af500000,0x00000007aff00000)
 ParOldGen       total 44032K, used 17685K [0x0000000780000000, 0x0000000782b00000, 0x00000007aab00000)
  object space 44032K, 40% used [0x0000000780000000,0x0000000781145518,0x0000000782b00000)
 Metaspace       used 25978K, capacity 26332K, committed 26624K, reserved 1073152K
  class space    used 2120K, capacity 2215K, committed 2304K, reserved 1048576K
Event: 12.307 GC heap after
Heap after GC invocations=7 (full 1):
 PSYoungGen      total 68608K, used 7246K [0x00000007aab00000, 0x00000007afc80000, 0x00000007c0000000)
  eden space 60928K, 0% used [0x00000007aab00000,0x00000007aab00000,0x00000007ae680000)
  from space 7680K, 94% used [0x00000007af500000,0x00000007afc13810,0x00000007afc80000)
  to   space 10240K, 0% used [0x00000007ae880000,0x00000007ae880000,0x00000007af280000)
 ParOldGen       total 44032K, used 17693K [0x0000000780000000, 0x0000000782b00000, 0x00000007aab00000)
  object space 44032K, 40% used [0x0000000780000000,0x0000000781147518,0x0000000782b00000)
 Metaspace       used 25978K, capacity 26332K, committed 26624K, reserved 1073152K
  class space    used 2120K, capacity 2215K, committed 2304K, reserved 1048576K
}
Event: 18.278 GC heap before
{Heap before GC invocations=8 (full 1):
 PSYoungGen      total 68608K, used 68174K [0x00000007aab00000, 0x00000007afc80000, 0x00000007c0000000)
  eden space 60928K, 100% used [0x00000007aab00000,0x00000007ae680000,0x00000007ae680000)
  from space 7680K, 94% used [0x00000007af500000,0x00000007afc13810,0x00000007afc80000)
  to   space 10240K, 0% used [0x00000007ae880000,0x00000007ae880000,0x00000007af280000)
 ParOldGen       total 44032K, used 17693K [0x0000000780000000, 0x0000000782b00000, 0x00000007aab00000)
  object space 44032K, 40% used [0x0000000780000000,0x0000000781147518,0x0000000782b00000)
 Metaspace       used 27444K, capacity 27819K, committed 28288K, reserved 1075200K
  class space    used 2209K, capacity 2312K, committed 2432K, reserved 1048576K
Event: 18.313 GC heap after
Heap after GC invocations=8 (full 1):
 PSYoungGen      total 73216K, used 10232K [0x00000007aab00000, 0x00000007b3080000, 0x00000007c0000000)
  eden space 62976K, 0% used [0x00000007aab00000,0x00000007aab00000,0x00000007ae880000)
  from space 10240K, 99% used [0x00000007ae880000,0x00000007af27e3b8,0x00000007af280000)
  to   space 12800K, 0% used [0x00000007b2400000,0x00000007b2400000,0x00000007b3080000)
 ParOldGen       total 44032K, used 19449K [0x0000000780000000, 0x0000000782b00000, 0x00000007aab00000)
  object space 44032K, 44% used [0x0000000780000000,0x00000007812fe4f0,0x0000000782b00000)
 Metaspace       used 27444K, capacity 27819K, committed 28288K, reserved 1075200K
  class space    used 2209K, capacity 2312K, committed 2432K, reserved 1048576K
}
Event: 29.333 GC heap before
{Heap before GC invocations=9 (full 1):
 PSYoungGen      total 73216K, used 73208K [0x00000007aab00000, 0x00000007b3080000, 0x00000007c0000000)
  eden space 62976K, 100% used [0x00000007aab00000,0x00000007ae880000,0x00000007ae880000)
  from space 10240K, 99% used [0x00000007ae880000,0x00000007af27e3b8,0x00000007af280000)
  to   space 12800K, 0% used [0x00000007b2400000,0x00000007b2400000,0x00000007b3080000)
 ParOldGen       total 44032K, used 19449K [0x0000000780000000, 0x0000000782b00000, 0x00000007aab00000)
  object space 44032K, 44% used [0x0000000780000000,0x00000007812fe4f0,0x0000000782b00000)
 Metaspace       used 27720K, capacity 28075K, committed 28544K, reserved 1075200K
  class space    used 2209K, capacity 2312K, committed 2432K, reserved 1048576K
Event: 29.349 GC heap after
Heap after GC invocations=9 (full 1):
 PSYoungGen      total 123392K, used 10264K [0x00000007aab00000, 0x00000007b3200000, 0x00000007c0000000)
  eden space 110592K, 0% used [0x00000007aab00000,0x00000007aab00000,0x00000007b1700000)
  from space 12800K, 80% used [0x00000007b2400000,0x00000007b2e063b8,0x00000007b3080000)
  to   space 13312K, 0% used [0x00000007b1700000,0x00000007b1700000,0x00000007b2400000)
 ParOldGen       total 44032K, used 19457K [0x0000000780000000, 0x0000000782b00000, 0x00000007aab00000)
  object space 44032K, 44% used [0x0000000780000000,0x00000007813004f0,0x0000000782b00000)
 Metaspace       used 27720K, capacity 28075K, committed 28544K, reserved 1075200K
  class space    used 2209K, capacity 2312K, committed 2432K, reserved 1048576K
}
Event: 49.856 GC heap before
{Heap before GC invocations=10 (full 1):
 PSYoungGen      total 123392K, used 120856K [0x00000007aab00000, 0x00000007b3200000, 0x00000007c0000000)
  eden space 110592K, 100% used [0x00000007aab00000,0x00000007b1700000,0x00000007b1700000)
  from space 12800K, 80% used [0x00000007b2400000,0x00000007b2e063b8,0x00000007b3080000)
  to   space 13312K, 0% used [0x00000007b1700000,0x00000007b1700000,0x00000007b2400000)
 ParOldGen       total 44032K, used 19457K [0x0000000780000000, 0x0000000782b00000, 0x00000007aab00000)
  object space 44032K, 44% used [0x0000000780000000,0x00000007813004f0,0x0000000782b00000)
 Metaspace       used 27721K, capacity 28075K, committed 28544K, reserved 1075200K
  class space    used 2209K, capacity 2312K, committed 2432K, reserved 1048576K
Event: 49.875 GC heap after
Heap after GC invocations=10 (full 1):
 PSYoungGen      total 123904K, used 4896K [0x00000007aab00000, 0x00000007b6000000, 0x00000007c0000000)
  eden space 110592K, 0% used [0x00000007aab00000,0x00000007aab00000,0x00000007b1700000)
  from space 13312K, 36% used [0x00000007b1700000,0x00000007b1bc8100,0x00000007b2400000)
  to   space 13312K, 0% used [0x00000007b5300000,0x00000007b5300000,0x00000007b6000000)
 ParOldGen       total 44032K, used 24530K [0x0000000780000000, 0x0000000782b00000, 0x00000007aab00000)
  object space 44032K, 55% used [0x0000000780000000,0x00000007817f48c0,0x0000000782b00000)
 Metaspace       used 27721K, capacity 28075K, committed 28544K, reserved 1075200K
  class space    used 2209K, capacity 2312K, committed 2432K, reserved 1048576K
}

