# JRE version: Java(TM) SE Runtime Environment (8.0_181-b13) (build 1.8.0_181-b13)
# Java VM: Java HotSpot(TM) 64-Bit Server VM (25.181-b13 mixed mode bsd-amd64 compressed oops)
Heap:
 PSYoungGen      total 194048K, used 75822K [0x00000007aab00000, 0x00000007b7c00000, 0x00000007c0000000)
  eden space 184320K, 41% used [0x00000007aab00000,0x00000007af4ebb28,0x00000007b5f00000)
  from space 9728K, 1% used [0x00000007b7280000,0x00000007b72a0000,0x00000007b7c00000)
  to   space 14848K, 0% used [0x00000007b5f00000,0x00000007b5f00000,0x00000007b6d80000)
 ParOldGen       total 44544K, used 29063K [0x0000000780000000, 0x0000000782b80000, 0x00000007aab00000)
  object space 44544K, 65% used [0x0000000780000000,0x0000000781c61dc8,0x0000000782b80000)
 Metaspace       used 28007K, capacity 28313K, committed 28544K, reserved 1075200K
  class space    used 2221K, capacity 2311K, committed 2432K, reserved 1048576K
GC Heap History (10 events):
Event: 118.642 GC heap before
{Heap before GC invocations=11 (full 1):
 PSYoungGen      total 72704K, used 70089K [0x00000007aab00000, 0x00000007b2000000, 0x00000007c0000000)
  eden space 59392K, 100% used [0x00000007aab00000,0x00000007ae500000,0x00000007ae500000)
  from space 13312K, 80% used [0x00000007ae500000,0x00000007aef72700,0x00000007af200000)
  to   space 14336K, 0% used [0x00000007b1200000,0x00000007b1200000,0x00000007b2000000)
 ParOldGen       total 44544K, used 18577K [0x0000000780000000, 0x0000000782b80000, 0x00000007aab00000)
  object space 44544K, 41% used [0x0000000780000000,0x0000000781224700,0x0000000782b80000)
 Metaspace       used 27828K, capacity 28181K, committed 28544K, reserved 1075200K
  class space    used 2212K, capacity 2309K, committed 2432K, reserved 1048576K
Event: 118.746 GC heap after
Heap after GC invocations=11 (full 1):
 PSYoungGen      total 104448K, used 608K [0x00000007aab00000, 0x00000007b2000000, 0x00000007c0000000)
  eden space 90112K, 0% used [0x00000007aab00000,0x00000007aab00000,0x00000007b0300000)
  from space 14336K, 4% used [0x00000007b1200000,0x00000007b1298010,0x00000007b2000000)
  to   space 14848K, 0% used [0x00000007b0300000,0x00000007b0300000,0x00000007b1180000)
 ParOldGen       total 44544K, used 28554K [0x0000000780000000, 0x0000000782b80000, 0x00000007aab00000)
  object space 44544K, 64% used [0x0000000780000000,0x0000000781be2968,0x0000000782b80000)
 Metaspace       used 27828K, capacity 28181K, committed 28544K, reserved 1075200K
  class space    used 2212K, capacity 2309K, committed 2432K, reserved 1048576K
}
Event: 145.446 GC heap before
{Heap before GC invocations=12 (full 1):
 PSYoungGen      total 104448K, used 90720K [0x00000007aab00000, 0x00000007b2000000, 0x00000007c0000000)
  eden space 90112K, 100% used [0x00000007aab00000,0x00000007b0300000,0x00000007b0300000)
  from space 14336K, 4% used [0x00000007b1200000,0x00000007b1298010,0x00000007b2000000)
  to   space 14848K, 0% used [0x00000007b0300000,0x00000007b0300000,0x00000007b1180000)
 ParOldGen       total 44544K, used 28554K [0x0000000780000000, 0x0000000782b80000, 0x00000007aab00000)
  object space 44544K, 64% used [0x0000000780000000,0x0000000781be2968,0x0000000782b80000)
 Metaspace       used 27892K, capacity 28181K, committed 28544K, reserved 1075200K
  class space    used 2212K, capacity 2309K, committed 2432K, reserved 1048576K
Event: 145.462 GC heap after
Heap after GC invocations=12 (full 1):
 PSYoungGen      total 104960K, used 96K [0x00000007aab00000, 0x00000007b4b80000, 0x00000007c0000000)
  eden space 90112K, 0% used [0x00000007aab00000,0x00000007aab00000,0x00000007b0300000)
  from space 14848K, 0% used [0x00000007b0300000,0x00000007b0318000,0x00000007b1180000)
  to   space 14848K, 0% used [0x00000007b3d00000,0x00000007b3d00000,0x00000007b4b80000)
 ParOldGen       total 44544K, used 28951K [0x0000000780000000, 0x0000000782b80000, 0x00000007aab00000)
  object space 44544K, 64% used [0x0000000780000000,0x0000000781c45dc8,0x0000000782b80000)
 Metaspace       used 27892K, capacity 28181K, committed 28544K, reserved 1075200K
  class space    used 2212K, capacity 2309K, committed 2432K, reserved 1048576K
}
Event: 169.289 GC heap before
{Heap before GC invocations=13 (full 1):
 PSYoungGen      total 104960K, used 90208K [0x00000007aab00000, 0x00000007b4b80000, 0x00000007c0000000)
  eden space 90112K, 100% used [0x00000007aab00000,0x00000007b0300000,0x00000007b0300000)
  from space 14848K, 0% used [0x00000007b0300000,0x00000007b0318000,0x00000007b1180000)
  to   space 14848K, 0% used [0x00000007b3d00000,0x00000007b3d00000,0x00000007b4b80000)
 ParOldGen       total 44544K, used 28951K [0x0000000780000000, 0x0000000782b80000, 0x00000007aab00000)
  object space 44544K, 64% used [0x0000000780000000,0x0000000781c45dc8,0x0000000782b80000)
 Metaspace       used 27932K, capacity 28309K, committed 28544K, reserved 1075200K
  class space    used 2213K, capacity 2309K, committed 2432K, reserved 1048576K
Event: 169.293 GC heap after
Heap after GC invocations=13 (full 1):
 PSYoungGen      total 144384K, used 96K [0x00000007aab00000, 0x00000007b4900000, 0x00000007c0000000)
  eden space 132096K, 0% used [0x00000007aab00000,0x00000007aab00000,0x00000007b2c00000)
  from space 12288K, 0% used [0x00000007b3d00000,0x00000007b3d18000,0x00000007b4900000)
  to   space 14848K, 0% used [0x00000007b2c00000,0x00000007b2c00000,0x00000007b3a80000)
 ParOldGen       total 44544K, used 28975K [0x0000000780000000, 0x0000000782b80000, 0x00000007aab00000)
  object space 44544K, 65% used [0x0000000780000000,0x0000000781c4bdc8,0x0000000782b80000)
 Metaspace       used 27932K, capacity 28309K, committed 28544K, reserved 1075200K
  class space    used 2213K, capacity 2309K, committed 2432K, reserved 1048576K
}
Event: 204.449 GC heap before
{Heap before GC invocations=14 (full 1):
 PSYoungGen      total 144384K, used 132192K [0x00000007aab00000, 0x00000007b4900000, 0x00000007c0000000)
  eden space 132096K, 100% used [0x00000007aab00000,0x00000007b2c00000,0x00000007b2c00000)
  from space 12288K, 0% used [0x00000007b3d00000,0x00000007b3d18000,0x00000007b4900000)
  to   space 14848K, 0% used [0x00000007b2c00000,0x00000007b2c00000,0x00000007b3a80000)
 ParOldGen       total 44544K, used 28975K [0x0000000780000000, 0x0000000782b80000, 0x00000007aab00000)
  object space 44544K, 65% used [0x0000000780000000,0x0000000781c4bdc8,0x0000000782b80000)
 Metaspace       used 27932K, capacity 28309K, committed 28544K, reserved 1075200K
  class space    used 2213K, capacity 2309K, committed 2432K, reserved 1048576K
Event: 204.452 GC heap after
Heap after GC invocations=14 (full 1):
 PSYoungGen      total 146944K, used 64K [0x00000007aab00000, 0x00000007b8100000, 0x00000007c0000000)
  eden space 132096K, 0% used [0x00000007aab00000,0x00000007aab00000,0x00000007b2c00000)
  from space 14848K, 0% used [0x00000007b2c00000,0x00000007b2c10000,0x00000007b3a80000)
  to   space 14848K, 0% used [0x00000007b7280000,0x00000007b7280000,0x00000007b8100000)
 ParOldGen       total 44544K, used 29047K [0x0000000780000000, 0x0000000782b80000, 0x00000007aab00000)
  object space 44544K, 65% used [0x0000000780000000,0x0000000781c5ddc8,0x0000000782b80000)
 Metaspace       used 27932K, capacity 28309K, committed 28544K, reserved 1075200K
  class space    used 2213K, capacity 2309K, committed 2432K, reserved 1048576K
}
Event: 234.892 GC heap before
{Heap before GC invocations=15 (full 1):
 PSYoungGen      total 146944K, used 132160K [0x00000007aab00000, 0x00000007b8100000, 0x00000007c0000000)
  eden space 132096K, 100% used [0x00000007aab00000,0x00000007b2c00000,0x00000007b2c00000)
  from space 14848K, 0% used [0x00000007b2c00000,0x00000007b2c10000,0x00000007b3a80000)
  to   space 14848K, 0% used [0x00000007b7280000,0x00000007b7280000,0x00000007b8100000)
 ParOldGen       total 44544K, used 29047K [0x0000000780000000, 0x0000000782b80000, 0x00000007aab00000)
  object space 44544K, 65% used [0x0000000780000000,0x0000000781c5ddc8,0x0000000782b80000)
 Metaspace       used 27963K, capacity 28309K, committed 28544K, reserved 1075200K
  class space    used 2213K, capacity 2309K, committed 2432K, reserved 1048576K
Event: 234.895 GC heap after
Heap after GC invocations=15 (full 1):
 PSYoungGen      total 194048K, used 128K [0x00000007aab00000, 0x00000007b7c00000, 0x00000007c0000000)
  eden space 184320K, 0% used [0x00000007aab00000,0x00000007aab00000,0x00000007b5f00000)
  from space 9728K, 1% used [0x00000007b7280000,0x00000007b72a0000,0x00000007b7c00000)
  to   space 14848K, 0% used [0x00000007b5f00000,0x00000007b5f00000,0x00000007b6d80000)
 ParOldGen       total 44544K, used 29063K [0x0000000780000000, 0x0000000782b80000, 0x00000007aab00000)
  object space 44544K, 65% used [0x0000000780000000,0x0000000781c61dc8,0x0000000782b80000)
 Metaspace       used 27963K, capacity 28309K, committed 28544K, reserved 1075200K
  class space    used 2213K, capacity 2309K, committed 2432K, reserved 1048576K
}

