# JRE version: Java(TM) SE Runtime Environment (8.0_181-b13) (build 1.8.0_181-b13)
# Java VM: Java HotSpot(TM) 64-Bit Server VM (25.181-b13 mixed mode bsd-amd64 compressed oops)
Heap:
 PSYoungGen      total 329728K, used 308998K [0x00000007aab00000, 0x00000007bfd00000, 0x00000007c0000000)
  eden space 317440K, 97% used [0x00000007aab00000,0x00000007bd835b88,0x00000007be100000)
  from space 12288K, 4% used [0x00000007bf100000,0x00000007bf18c070,0x00000007bfd00000)
  to   space 14336K, 0% used [0x00000007be100000,0x00000007be100000,0x00000007bef00000)
 ParOldGen       total 88064K, used 62880K [0x0000000780000000, 0x0000000785600000, 0x00000007aab00000)
  object space 88064K, 71% used [0x0000000780000000,0x0000000783d68258,0x0000000785600000)
 Metaspace       used 26590K, capacity 26891K, committed 27136K, reserved 1075200K
  class space    used 2120K, capacity 2216K, committed 2304K, reserved 1048576K
GC Heap History (10 events):
Event: 55.590 GC heap before
{Heap before GC invocations=25 (full 1):
 PSYoungGen      total 324608K, used 304672K [0x00000007aab00000, 0x00000007c0000000, 0x00000007c0000000)
  eden space 304128K, 100% used [0x00000007aab00000,0x00000007bd400000,0x00000007bd400000)
  from space 20480K, 2% used [0x00000007bd400000,0x00000007bd488080,0x00000007be800000)
  to   space 19456K, 0% used [0x00000007bed00000,0x00000007bed00000,0x00000007c0000000)
 ParOldGen       total 88064K, used 62840K [0x0000000780000000, 0x0000000785600000, 0x00000007aab00000)
  object space 88064K, 71% used [0x0000000780000000,0x0000000783d5e258,0x0000000785600000)
 Metaspace       used 26324K, capacity 26631K, committed 26880K, reserved 1073152K
  class space    used 2106K, capacity 2214K, committed 2304K, reserved 1048576K
Event: 55.593 GC heap after
Heap after GC invocations=25 (full 1):
 PSYoungGen      total 325632K, used 544K [0x00000007aab00000, 0x00000007bfd00000, 0x00000007c0000000)
  eden space 309248K, 0% used [0x00000007aab00000,0x00000007aab00000,0x00000007bd900000)
  from space 16384K, 3% used [0x00000007bed00000,0x00000007bed88080,0x00000007bfd00000)
  to   space 18432K, 0% used [0x00000007bd900000,0x00000007bd900000,0x00000007beb00000)
 ParOldGen       total 88064K, used 62848K [0x0000000780000000, 0x0000000785600000, 0x00000007aab00000)
  object space 88064K, 71% used [0x0000000780000000,0x0000000783d60258,0x0000000785600000)
 Metaspace       used 26324K, capacity 26631K, committed 26880K, reserved 1073152K
  class space    used 2106K, capacity 2214K, committed 2304K, reserved 1048576K
}
Event: 57.396 GC heap before
{Heap before GC invocations=26 (full 1):
 PSYoungGen      total 325632K, used 309792K [0x00000007aab00000, 0x00000007bfd00000, 0x00000007c0000000)
  eden space 309248K, 100% used [0x00000007aab00000,0x00000007bd900000,0x00000007bd900000)
  from space 16384K, 3% used [0x00000007bed00000,0x00000007bed88080,0x00000007bfd00000)
  to   space 18432K, 0% used [0x00000007bd900000,0x00000007bd900000,0x00000007beb00000)
 ParOldGen       total 88064K, used 62848K [0x0000000780000000, 0x0000000785600000, 0x00000007aab00000)
  object space 88064K, 71% used [0x0000000780000000,0x0000000783d60258,0x0000000785600000)
 Metaspace       used 26336K, capacity 26695K, committed 27136K, reserved 1075200K
  class space    used 2106K, capacity 2214K, committed 2304K, reserved 1048576K
Event: 57.404 GC heap after
Heap after GC invocations=26 (full 1):
 PSYoungGen      total 327680K, used 528K [0x00000007aab00000, 0x00000007c0000000, 0x00000007c0000000)
  eden space 309248K, 0% used [0x00000007aab00000,0x00000007aab00000,0x00000007bd900000)
  from space 18432K, 2% used [0x00000007bd900000,0x00000007bd984070,0x00000007beb00000)
  to   space 17408K, 0% used [0x00000007bef00000,0x00000007bef00000,0x00000007c0000000)
 ParOldGen       total 88064K, used 62856K [0x0000000780000000, 0x0000000785600000, 0x00000007aab00000)
  object space 88064K, 71% used [0x0000000780000000,0x0000000783d62258,0x0000000785600000)
 Metaspace       used 26336K, capacity 26695K, committed 27136K, reserved 1075200K
  class space    used 2106K, capacity 2214K, committed 2304K, reserved 1048576K
}
Event: 59.227 GC heap before
{Heap before GC invocations=27 (full 1):
 PSYoungGen      total 327680K, used 309776K [0x00000007aab00000, 0x00000007c0000000, 0x00000007c0000000)
  eden space 309248K, 100% used [0x00000007aab00000,0x00000007bd900000,0x00000007bd900000)
  from space 18432K, 2% used [0x00000007bd900000,0x00000007bd984070,0x00000007beb00000)
  to   space 17408K, 0% used [0x00000007bef00000,0x00000007bef00000,0x00000007c0000000)
 ParOldGen       total 88064K, used 62856K [0x0000000780000000, 0x0000000785600000, 0x00000007aab00000)
  object space 88064K, 71% used [0x0000000780000000,0x0000000783d62258,0x0000000785600000)
 Metaspace       used 26372K, capacity 26759K, committed 27136K, reserved 1075200K
  class space    used 2106K, capacity 2214K, committed 2304K, reserved 1048576K
Event: 59.233 GC heap after
Heap after GC invocations=27 (full 1):
 PSYoungGen      total 327680K, used 560K [0x00000007aab00000, 0x00000007bfd00000, 0x00000007c0000000)
  eden space 313344K, 0% used [0x00000007aab00000,0x00000007aab00000,0x00000007bdd00000)
  from space 14336K, 3% used [0x00000007bef00000,0x00000007bef8c070,0x00000007bfd00000)
  to   space 16384K, 0% used [0x00000007bdd00000,0x00000007bdd00000,0x00000007bed00000)
 ParOldGen       total 88064K, used 62864K [0x0000000780000000, 0x0000000785600000, 0x00000007aab00000)
  object space 88064K, 71% used [0x0000000780000000,0x0000000783d64258,0x0000000785600000)
 Metaspace       used 26372K, capacity 26759K, committed 27136K, reserved 1075200K
  class space    used 2106K, capacity 2214K, committed 2304K, reserved 1048576K
}
Event: 61.165 GC heap before
{Heap before GC invocations=28 (full 1):
 PSYoungGen      total 327680K, used 313904K [0x00000007aab00000, 0x00000007bfd00000, 0x00000007c0000000)
  eden space 313344K, 100% used [0x00000007aab00000,0x00000007bdd00000,0x00000007bdd00000)
  from space 14336K, 3% used [0x00000007bef00000,0x00000007bef8c070,0x00000007bfd00000)
  to   space 16384K, 0% used [0x00000007bdd00000,0x00000007bdd00000,0x00000007bed00000)
 ParOldGen       total 88064K, used 62864K [0x0000000780000000, 0x0000000785600000, 0x00000007aab00000)
  object space 88064K, 71% used [0x0000000780000000,0x0000000783d64258,0x0000000785600000)
 Metaspace       used 26478K, capacity 26823K, committed 27136K, reserved 1075200K
  class space    used 2106K, capacity 2214K, committed 2304K, reserved 1048576K
Event: 61.171 GC heap after
Heap after GC invocations=28 (full 1):
 PSYoungGen      total 329728K, used 544K [0x00000007aab00000, 0x00000007c0000000, 0x00000007c0000000)
  eden space 313344K, 0% used [0x00000007aab00000,0x00000007aab00000,0x00000007bdd00000)
  from space 16384K, 3% used [0x00000007bdd00000,0x00000007bdd88080,0x00000007bed00000)
  to   space 15360K, 0% used [0x00000007bf100000,0x00000007bf100000,0x00000007c0000000)
 ParOldGen       total 88064K, used 62872K [0x0000000780000000, 0x0000000785600000, 0x00000007aab00000)
  object space 88064K, 71% used [0x0000000780000000,0x0000000783d66258,0x0000000785600000)
 Metaspace       used 26478K, capacity 26823K, committed 27136K, reserved 1075200K
  class space    used 2106K, capacity 2214K, committed 2304K, reserved 1048576K
}
Event: 62.952 GC heap before
{Heap before GC invocations=29 (full 1):
 PSYoungGen      total 329728K, used 313888K [0x00000007aab00000, 0x00000007c0000000, 0x00000007c0000000)
  eden space 313344K, 100% used [0x00000007aab00000,0x00000007bdd00000,0x00000007bdd00000)
  from space 16384K, 3% used [0x00000007bdd00000,0x00000007bdd88080,0x00000007bed00000)
  to   space 15360K, 0% used [0x00000007bf100000,0x00000007bf100000,0x00000007c0000000)
 ParOldGen       total 88064K, used 62872K [0x0000000780000000, 0x0000000785600000, 0x00000007aab00000)
  object space 88064K, 71% used [0x0000000780000000,0x0000000783d66258,0x0000000785600000)
 Metaspace       used 26479K, capacity 26823K, committed 27136K, reserved 1075200K
  class space    used 2106K, capacity 2214K, committed 2304K, reserved 1048576K
Event: 62.955 GC heap after
Heap after GC invocations=29 (full 1):
 PSYoungGen      total 329728K, used 560K [0x00000007aab00000, 0x00000007bfd00000, 0x00000007c0000000)
  eden space 317440K, 0% used [0x00000007aab00000,0x00000007aab00000,0x00000007be100000)
  from space 12288K, 4% used [0x00000007bf100000,0x00000007bf18c070,0x00000007bfd00000)
  to   space 14336K, 0% used [0x00000007be100000,0x00000007be100000,0x00000007bef00000)
 ParOldGen       total 88064K, used 62880K [0x0000000780000000, 0x0000000785600000, 0x00000007aab00000)
  object space 88064K, 71% used [0x0000000780000000,0x0000000783d68258,0x0000000785600000)
 Metaspace       used 26479K, capacity 26823K, committed 27136K, reserved 1075200K
  class space    used 2106K, capacity 2214K, committed 2304K, reserved 1048576K
}

