# JRE version: Java(TM) SE Runtime Environment (8.0_181-b13) (build 1.8.0_181-b13)
# Java VM: Java HotSpot(TM) 64-Bit Server VM (25.181-b13 mixed mode bsd-amd64 compressed oops)
Heap:
 PSYoungGen      total 92160K, used 7704K [0x00000007aab00000, 0x00000007b3780000, 0x00000007c0000000)
  eden space 81408K, 9% used [0x00000007aab00000,0x00000007ab266318,0x00000007afa80000)
  from space 10752K, 1% used [0x00000007b2280000,0x00000007b22a0000,0x00000007b2d00000)
  to   space 10240K, 0% used [0x00000007b2d80000,0x00000007b2d80000,0x00000007b3780000)
 ParOldGen       total 46080K, used 15540K [0x0000000780000000, 0x0000000782d00000, 0x00000007aab00000)
  object space 46080K, 33% used [0x0000000780000000,0x0000000780f2d2b8,0x0000000782d00000)
 Metaspace       used 21384K, capacity 21697K, committed 22016K, reserved 1069056K
  class space    used 2121K, capacity 2224K, committed 2304K, reserved 1048576K
GC Heap History (10 events):
Event: 417.404 GC heap before
{Heap before GC invocations=10 (full 1):
 PSYoungGen      total 98816K, used 98432K [0x00000007aab00000, 0x00000007b4c80000, 0x00000007c0000000)
  eden space 98304K, 100% used [0x00000007aab00000,0x00000007b0b00000,0x00000007b0b00000)
  from space 512K, 25% used [0x00000007b4c00000,0x00000007b4c20000,0x00000007b4c80000)
  to   space 12288K, 0% used [0x00000007b3480000,0x00000007b3480000,0x00000007b4080000)
 ParOldGen       total 46080K, used 15532K [0x0000000780000000, 0x0000000782d00000, 0x00000007aab00000)
  object space 46080K, 33% used [0x0000000780000000,0x0000000780f2b2b8,0x0000000782d00000)
 Metaspace       used 21317K, capacity 21693K, committed 22016K, reserved 1069056K
  class space    used 2108K, capacity 2222K, committed 2304K, reserved 1048576K
Event: 417.407 GC heap after
Heap after GC invocations=10 (full 1):
 PSYoungGen      total 107008K, used 160K [0x00000007aab00000, 0x00000007b4c80000, 0x00000007c0000000)
  eden space 94720K, 0% used [0x00000007aab00000,0x00000007aab00000,0x00000007b0780000)
  from space 12288K, 1% used [0x00000007b3480000,0x00000007b34a8000,0x00000007b4080000)
  to   space 11776K, 0% used [0x00000007b4100000,0x00000007b4100000,0x00000007b4c80000)
 ParOldGen       total 46080K, used 15532K [0x0000000780000000, 0x0000000782d00000, 0x00000007aab00000)
  object space 46080K, 33% used [0x0000000780000000,0x0000000780f2b2b8,0x0000000782d00000)
 Metaspace       used 21317K, capacity 21693K, committed 22016K, reserved 1069056K
  class space    used 2108K, capacity 2222K, committed 2304K, reserved 1048576K
}
Event: 507.345 GC heap before
{Heap before GC invocations=11 (full 1):
 PSYoungGen      total 107008K, used 94880K [0x00000007aab00000, 0x00000007b4c80000, 0x00000007c0000000)
  eden space 94720K, 100% used [0x00000007aab00000,0x00000007b0780000,0x00000007b0780000)
  from space 12288K, 1% used [0x00000007b3480000,0x00000007b34a8000,0x00000007b4080000)
  to   space 11776K, 0% used [0x00000007b4100000,0x00000007b4100000,0x00000007b4c80000)
 ParOldGen       total 46080K, used 15532K [0x0000000780000000, 0x0000000782d00000, 0x00000007aab00000)
  object space 46080K, 33% used [0x0000000780000000,0x0000000780f2b2b8,0x0000000782d00000)
 Metaspace       used 21317K, capacity 21693K, committed 22016K, reserved 1069056K
  class space    used 2108K, capacity 2222K, committed 2304K, reserved 1048576K
Event: 507.347 GC heap after
Heap after GC invocations=11 (full 1):
 PSYoungGen      total 91648K, used 128K [0x00000007aab00000, 0x00000007b4180000, 0x00000007c0000000)
  eden space 91136K, 0% used [0x00000007aab00000,0x00000007aab00000,0x00000007b0400000)
  from space 512K, 25% used [0x00000007b4100000,0x00000007b4120000,0x00000007b4180000)
  to   space 11264K, 0% used [0x00000007b2b80000,0x00000007b2b80000,0x00000007b3680000)
 ParOldGen       total 46080K, used 15532K [0x0000000780000000, 0x0000000782d00000, 0x00000007aab00000)
  object space 46080K, 33% used [0x0000000780000000,0x0000000780f2b2b8,0x0000000782d00000)
 Metaspace       used 21317K, capacity 21693K, committed 22016K, reserved 1069056K
  class space    used 2108K, capacity 2222K, committed 2304K, reserved 1048576K
}
Event: 593.201 GC heap before
{Heap before GC invocations=12 (full 1):
 PSYoungGen      total 91648K, used 91264K [0x00000007aab00000, 0x00000007b4180000, 0x00000007c0000000)
  eden space 91136K, 100% used [0x00000007aab00000,0x00000007b0400000,0x00000007b0400000)
  from space 512K, 25% used [0x00000007b4100000,0x00000007b4120000,0x00000007b4180000)
  to   space 11264K, 0% used [0x00000007b2b80000,0x00000007b2b80000,0x00000007b3680000)
 ParOldGen       total 46080K, used 15532K [0x0000000780000000, 0x0000000782d00000, 0x00000007aab00000)
  object space 46080K, 33% used [0x0000000780000000,0x0000000780f2b2b8,0x0000000782d00000)
 Metaspace       used 21317K, capacity 21693K, committed 22016K, reserved 1069056K
  class space    used 2108K, capacity 2222K, committed 2304K, reserved 1048576K
Event: 593.205 GC heap after
Heap after GC invocations=12 (full 1):
 PSYoungGen      total 98816K, used 160K [0x00000007aab00000, 0x00000007b4180000, 0x00000007c0000000)
  eden space 87552K, 0% used [0x00000007aab00000,0x00000007aab00000,0x00000007b0080000)
  from space 11264K, 1% used [0x00000007b2b80000,0x00000007b2ba8000,0x00000007b3680000)
  to   space 10752K, 0% used [0x00000007b3700000,0x00000007b3700000,0x00000007b4180000)
 ParOldGen       total 46080K, used 15532K [0x0000000780000000, 0x0000000782d00000, 0x00000007aab00000)
  object space 46080K, 33% used [0x0000000780000000,0x0000000780f2b2b8,0x0000000782d00000)
 Metaspace       used 21317K, capacity 21693K, committed 22016K, reserved 1069056K
  class space    used 2108K, capacity 2222K, committed 2304K, reserved 1048576K
}
Event: 665.303 GC heap before
{Heap before GC invocations=13 (full 1):
 PSYoungGen      total 98816K, used 87712K [0x00000007aab00000, 0x00000007b4180000, 0x00000007c0000000)
  eden space 87552K, 100% used [0x00000007aab00000,0x00000007b0080000,0x00000007b0080000)
  from space 11264K, 1% used [0x00000007b2b80000,0x00000007b2ba8000,0x00000007b3680000)
  to   space 10752K, 0% used [0x00000007b3700000,0x00000007b3700000,0x00000007b4180000)
 ParOldGen       total 46080K, used 15532K [0x0000000780000000, 0x0000000782d00000, 0x00000007aab00000)
  object space 46080K, 33% used [0x0000000780000000,0x0000000780f2b2b8,0x0000000782d00000)
 Metaspace       used 21317K, capacity 21693K, committed 22016K, reserved 1069056K
  class space    used 2108K, capacity 2222K, committed 2304K, reserved 1048576K
Event: 665.307 GC heap after
Heap after GC invocations=13 (full 1):
 PSYoungGen      total 84992K, used 160K [0x00000007aab00000, 0x00000007b3780000, 0x00000007c0000000)
  eden space 84480K, 0% used [0x00000007aab00000,0x00000007aab00000,0x00000007afd80000)
  from space 512K, 31% used [0x00000007b3700000,0x00000007b3728000,0x00000007b3780000)
  to   space 10752K, 0% used [0x00000007b2280000,0x00000007b2280000,0x00000007b2d00000)
 ParOldGen       total 46080K, used 15540K [0x0000000780000000, 0x0000000782d00000, 0x00000007aab00000)
  object space 46080K, 33% used [0x0000000780000000,0x0000000780f2d2b8,0x0000000782d00000)
 Metaspace       used 21317K, capacity 21693K, committed 22016K, reserved 1069056K
  class space    used 2108K, capacity 2222K, committed 2304K, reserved 1048576K
}
Event: 745.627 GC heap before
{Heap before GC invocations=14 (full 1):
 PSYoungGen      total 84992K, used 84640K [0x00000007aab00000, 0x00000007b3780000, 0x00000007c0000000)
  eden space 84480K, 100% used [0x00000007aab00000,0x00000007afd80000,0x00000007afd80000)
  from space 512K, 31% used [0x00000007b3700000,0x00000007b3728000,0x00000007b3780000)
  to   space 10752K, 0% used [0x00000007b2280000,0x00000007b2280000,0x00000007b2d00000)
 ParOldGen       total 46080K, used 15540K [0x0000000780000000, 0x0000000782d00000, 0x00000007aab00000)
  object space 46080K, 33% used [0x0000000780000000,0x0000000780f2d2b8,0x0000000782d00000)
 Metaspace       used 21318K, capacity 21693K, committed 22016K, reserved 1069056K
  class space    used 2108K, capacity 2222K, committed 2304K, reserved 1048576K
Event: 745.642 GC heap after
Heap after GC invocations=14 (full 1):
 PSYoungGen      total 92160K, used 128K [0x00000007aab00000, 0x00000007b3780000, 0x00000007c0000000)
  eden space 81408K, 0% used [0x00000007aab00000,0x00000007aab00000,0x00000007afa80000)
  from space 10752K, 1% used [0x00000007b2280000,0x00000007b22a0000,0x00000007b2d00000)
  to   space 10240K, 0% used [0x00000007b2d80000,0x00000007b2d80000,0x00000007b3780000)
 ParOldGen       total 46080K, used 15540K [0x0000000780000000, 0x0000000782d00000, 0x00000007aab00000)
  object space 46080K, 33% used [0x0000000780000000,0x0000000780f2d2b8,0x0000000782d00000)
 Metaspace       used 21318K, capacity 21693K, committed 22016K, reserved 1069056K
  class space    used 2108K, capacity 2222K, committed 2304K, reserved 1048576K
}

