# JRE version: Java(TM) SE Runtime Environment (8.0_181-b13) (build 1.8.0_181-b13)
# Java VM: Java HotSpot(TM) 64-Bit Server VM (25.181-b13 mixed mode bsd-amd64 compressed oops)
Heap:
 PSYoungGen      total 125440K, used 28718K [0x00000007aab00000, 0x00000007b6400000, 0x00000007c0000000)
  eden space 110080K, 17% used [0x00000007aab00000,0x00000007abd514b8,0x00000007b1680000)
  from space 15360K, 64% used [0x00000007b1680000,0x00000007b203a570,0x00000007b2580000)
  to   space 15360K, 0% used [0x00000007b5500000,0x00000007b5500000,0x00000007b6400000)
 ParOldGen       total 44544K, used 19859K [0x0000000780000000, 0x0000000782b80000, 0x00000007aab00000)
  object space 44544K, 44% used [0x0000000780000000,0x0000000781364fd0,0x0000000782b80000)
 Metaspace       used 27970K, capacity 28307K, committed 28800K, reserved 1075200K
  class space    used 2246K, capacity 2346K, committed 2432K, reserved 1048576K
GC Heap History (10 events):
Event: 10.549 GC heap before
{Heap before GC invocations=6 (full 1):
 PSYoungGen      total 35328K, used 2544K [0x00000007aab00000, 0x00000007b0000000, 0x00000007c0000000)
  eden space 32768K, 0% used [0x00000007aab00000,0x00000007aab00000,0x00000007acb00000)
  from space 2560K, 99% used [0x00000007acb00000,0x00000007acd7c070,0x00000007acd80000)
  to   space 10752K, 0% used [0x00000007af580000,0x00000007af580000,0x00000007b0000000)
 ParOldGen       total 44032K, used 19442K [0x0000000780000000, 0x0000000782b00000, 0x00000007aab00000)
  object space 44032K, 44% used [0x0000000780000000,0x00000007812fc9f0,0x0000000782b00000)
 Metaspace       used 20795K, capacity 21106K, committed 21296K, reserved 1069056K
  class space    used 2051K, capacity 2150K, committed 2176K, reserved 1048576K
Event: 10.636 GC heap after
Heap after GC invocations=6 (full 1):
 PSYoungGen      total 35328K, used 0K [0x00000007aab00000, 0x00000007b0000000, 0x00000007c0000000)
  eden space 32768K, 0% used [0x00000007aab00000,0x00000007aab00000,0x00000007acb00000)
  from space 2560K, 0% used [0x00000007acb00000,0x00000007acb00000,0x00000007acd80000)
  to   space 10752K, 0% used [0x00000007af580000,0x00000007af580000,0x00000007b0000000)
 ParOldGen       total 44544K, used 17511K [0x0000000780000000, 0x0000000782b80000, 0x00000007aab00000)
  object space 44544K, 39% used [0x0000000780000000,0x0000000781119c58,0x0000000782b80000)
 Metaspace       used 20795K, capacity 21106K, committed 21296K, reserved 1069056K
  class space    used 2051K, capacity 2150K, committed 2176K, reserved 1048576K
}
Event: 13.309 GC heap before
{Heap before GC invocations=7 (full 1):
 PSYoungGen      total 35328K, used 32768K [0x00000007aab00000, 0x00000007b0000000, 0x00000007c0000000)
  eden space 32768K, 100% used [0x00000007aab00000,0x00000007acb00000,0x00000007acb00000)
  from space 2560K, 0% used [0x00000007acb00000,0x00000007acb00000,0x00000007acd80000)
  to   space 10752K, 0% used [0x00000007af580000,0x00000007af580000,0x00000007b0000000)
 ParOldGen       total 44544K, used 17511K [0x0000000780000000, 0x0000000782b80000, 0x00000007aab00000)
  object space 44544K, 39% used [0x0000000780000000,0x0000000781119c58,0x0000000782b80000)
 Metaspace       used 25914K, capacity 26214K, committed 26624K, reserved 1073152K
  class space    used 2112K, capacity 2216K, committed 2304K, reserved 1048576K
Event: 13.315 GC heap after
Heap after GC invocations=7 (full 1):
 PSYoungGen      total 69120K, used 1732K [0x00000007aab00000, 0x00000007afd00000, 0x00000007c0000000)
  eden space 61440K, 0% used [0x00000007aab00000,0x00000007aab00000,0x00000007ae700000)
  from space 7680K, 22% used [0x00000007af580000,0x00000007af731210,0x00000007afd00000)
  to   space 11264K, 0% used [0x00000007ae700000,0x00000007ae700000,0x00000007af200000)
 ParOldGen       total 44544K, used 17519K [0x0000000780000000, 0x0000000782b80000, 0x00000007aab00000)
  object space 44544K, 39% used [0x0000000780000000,0x000000078111bc58,0x0000000782b80000)
 Metaspace       used 25914K, capacity 26214K, committed 26624K, reserved 1073152K
  class space    used 2112K, capacity 2216K, committed 2304K, reserved 1048576K
}
Event: 17.990 GC heap before
{Heap before GC invocations=8 (full 1):
 PSYoungGen      total 69120K, used 63172K [0x00000007aab00000, 0x00000007afd00000, 0x00000007c0000000)
  eden space 61440K, 100% used [0x00000007aab00000,0x00000007ae700000,0x00000007ae700000)
  from space 7680K, 22% used [0x00000007af580000,0x00000007af731210,0x00000007afd00000)
  to   space 11264K, 0% used [0x00000007ae700000,0x00000007ae700000,0x00000007af200000)
 ParOldGen       total 44544K, used 17519K [0x0000000780000000, 0x0000000782b80000, 0x00000007aab00000)
  object space 44544K, 39% used [0x0000000780000000,0x000000078111bc58,0x0000000782b80000)
 Metaspace       used 27618K, capacity 27983K, committed 28288K, reserved 1075200K
  class space    used 2234K, capacity 2344K, committed 2432K, reserved 1048576K
Event: 18.009 GC heap after
Heap after GC invocations=8 (full 1):
 PSYoungGen      total 72704K, used 11259K [0x00000007aab00000, 0x00000007b3400000, 0x00000007c0000000)
  eden space 61440K, 0% used [0x00000007aab00000,0x00000007aab00000,0x00000007ae700000)
  from space 11264K, 99% used [0x00000007ae700000,0x00000007af1fed98,0x00000007af200000)
  to   space 13824K, 0% used [0x00000007b2680000,0x00000007b2680000,0x00000007b3400000)
 ParOldGen       total 44544K, used 18507K [0x0000000780000000, 0x0000000782b80000, 0x00000007aab00000)
  object space 44544K, 41% used [0x0000000780000000,0x0000000781212d60,0x0000000782b80000)
 Metaspace       used 27618K, capacity 27983K, committed 28288K, reserved 1075200K
  class space    used 2234K, capacity 2344K, committed 2432K, reserved 1048576K
}
Event: 28.784 GC heap before
{Heap before GC invocations=9 (full 1):
 PSYoungGen      total 72704K, used 72699K [0x00000007aab00000, 0x00000007b3400000, 0x00000007c0000000)
  eden space 61440K, 100% used [0x00000007aab00000,0x00000007ae700000,0x00000007ae700000)
  from space 11264K, 99% used [0x00000007ae700000,0x00000007af1fed98,0x00000007af200000)
  to   space 13824K, 0% used [0x00000007b2680000,0x00000007b2680000,0x00000007b3400000)
 ParOldGen       total 44544K, used 18507K [0x0000000780000000, 0x0000000782b80000, 0x00000007aab00000)
  object space 44544K, 41% used [0x0000000780000000,0x0000000781212d60,0x0000000782b80000)
 Metaspace       used 27852K, capacity 28175K, committed 28544K, reserved 1075200K
  class space    used 2234K, capacity 2344K, committed 2432K, reserved 1048576K
Event: 28.808 GC heap after
Heap after GC invocations=9 (full 1):
 PSYoungGen      total 123904K, used 11273K [0x00000007aab00000, 0x00000007b3480000, 0x00000007c0000000)
  eden space 110080K, 0% used [0x00000007aab00000,0x00000007aab00000,0x00000007b1680000)
  from space 13824K, 81% used [0x00000007b2680000,0x00000007b31827c0,0x00000007b3400000)
  to   space 15360K, 0% used [0x00000007b1680000,0x00000007b1680000,0x00000007b2580000)
 ParOldGen       total 44544K, used 18515K [0x0000000780000000, 0x0000000782b80000, 0x00000007aab00000)
  object space 44544K, 41% used [0x0000000780000000,0x0000000781214d60,0x0000000782b80000)
 Metaspace       used 27852K, capacity 28175K, committed 28544K, reserved 1075200K
  class space    used 2234K, capacity 2344K, committed 2432K, reserved 1048576K
}
Event: 48.278 GC heap before
{Heap before GC invocations=10 (full 1):
 PSYoungGen      total 123904K, used 121353K [0x00000007aab00000, 0x00000007b3480000, 0x00000007c0000000)
  eden space 110080K, 100% used [0x00000007aab00000,0x00000007b1680000,0x00000007b1680000)
  from space 13824K, 81% used [0x00000007b2680000,0x00000007b31827c0,0x00000007b3400000)
  to   space 15360K, 0% used [0x00000007b1680000,0x00000007b1680000,0x00000007b2580000)
 ParOldGen       total 44544K, used 18515K [0x0000000780000000, 0x0000000782b80000, 0x00000007aab00000)
  object space 44544K, 41% used [0x0000000780000000,0x0000000781214d60,0x0000000782b80000)
 Metaspace       used 27909K, capacity 28239K, committed 28544K, reserved 1075200K
  class space    used 2234K, capacity 2344K, committed 2432K, reserved 1048576K
Event: 48.297 GC heap after
Heap after GC invocations=10 (full 1):
 PSYoungGen      total 125440K, used 9961K [0x00000007aab00000, 0x00000007b6400000, 0x00000007c0000000)
  eden space 110080K, 0% used [0x00000007aab00000,0x00000007aab00000,0x00000007b1680000)
  from space 15360K, 64% used [0x00000007b1680000,0x00000007b203a570,0x00000007b2580000)
  to   space 15360K, 0% used [0x00000007b5500000,0x00000007b5500000,0x00000007b6400000)
 ParOldGen       total 44544K, used 19859K [0x0000000780000000, 0x0000000782b80000, 0x00000007aab00000)
  object space 44544K, 44% used [0x0000000780000000,0x0000000781364fd0,0x0000000782b80000)
 Metaspace       used 27909K, capacity 28239K, committed 28544K, reserved 1075200K
  class space    used 2234K, capacity 2344K, committed 2432K, reserved 1048576K
}

