# JRE version: Java(TM) SE Runtime Environment (8.0_181-b13) (build 1.8.0_181-b13)
# Java VM: Java HotSpot(TM) 64-Bit Server VM (25.181-b13 mixed mode bsd-amd64 compressed oops)
Heap:
 PSYoungGen      total 139776K, used 36390K [0x00000007aab00000, 0x00000007b7180000, 0x00000007c0000000)
  eden space 124928K, 29% used [0x00000007aab00000,0x00000007ace79b08,0x00000007b2500000)
  from space 14848K, 0% used [0x00000007b2500000,0x00000007b2510000,0x00000007b3380000)
  to   space 14848K, 0% used [0x00000007b6300000,0x00000007b6300000,0x00000007b7180000)
 ParOldGen       total 44032K, used 28163K [0x0000000780000000, 0x0000000782b00000, 0x00000007aab00000)
  object space 44032K, 63% used [0x0000000780000000,0x0000000781b80e88,0x0000000782b00000)
 Metaspace       used 27796K, capacity 28179K, committed 28544K, reserved 1075200K
  class space    used 2221K, capacity 2346K, committed 2432K, reserved 1048576K
GC Heap History (10 events):
Event: 63.591 GC heap before
{Heap before GC invocations=10 (full 1):
 PSYoungGen      total 70656K, used 69833K [0x00000007aab00000, 0x00000007aff80000, 0x00000007c0000000)
  eden space 58880K, 100% used [0x00000007aab00000,0x00000007ae480000,0x00000007ae480000)
  from space 11776K, 93% used [0x00000007af180000,0x00000007afc325a0,0x00000007afd00000)
  to   space 13312K, 0% used [0x00000007ae480000,0x00000007ae480000,0x00000007af180000)
 ParOldGen       total 44032K, used 17537K [0x0000000780000000, 0x0000000782b00000, 0x00000007aab00000)
  object space 44032K, 39% used [0x0000000780000000,0x00000007811207d8,0x0000000782b00000)
 Metaspace       used 27711K, capacity 28009K, committed 28288K, reserved 1075200K
  class space    used 2207K, capacity 2311K, committed 2432K, reserved 1048576K
Event: 63.648 GC heap after
Heap after GC invocations=10 (full 1):
 PSYoungGen      total 72192K, used 10697K [0x00000007aab00000, 0x00000007b1e00000, 0x00000007c0000000)
  eden space 58880K, 0% used [0x00000007aab00000,0x00000007aab00000,0x00000007ae480000)
  from space 13312K, 80% used [0x00000007ae480000,0x00000007aeef2700,0x00000007af180000)
  to   space 14336K, 0% used [0x00000007b1000000,0x00000007b1000000,0x00000007b1e00000)
 ParOldGen       total 44032K, used 17874K [0x0000000780000000, 0x0000000782b00000, 0x00000007aab00000)
  object space 44032K, 40% used [0x0000000780000000,0x00000007811748e8,0x0000000782b00000)
 Metaspace       used 27711K, capacity 28009K, committed 28288K, reserved 1075200K
  class space    used 2207K, capacity 2311K, committed 2432K, reserved 1048576K
}
Event: 83.989 GC heap before
{Heap before GC invocations=11 (full 1):
 PSYoungGen      total 72192K, used 69577K [0x00000007aab00000, 0x00000007b1e00000, 0x00000007c0000000)
  eden space 58880K, 100% used [0x00000007aab00000,0x00000007ae480000,0x00000007ae480000)
  from space 13312K, 80% used [0x00000007ae480000,0x00000007aeef2700,0x00000007af180000)
  to   space 14336K, 0% used [0x00000007b1000000,0x00000007b1000000,0x00000007b1e00000)
 ParOldGen       total 44032K, used 17874K [0x0000000780000000, 0x0000000782b00000, 0x00000007aab00000)
  object space 44032K, 40% used [0x0000000780000000,0x00000007811748e8,0x0000000782b00000)
 Metaspace       used 27718K, capacity 28073K, committed 28544K, reserved 1075200K
  class space    used 2208K, capacity 2311K, committed 2432K, reserved 1048576K
Event: 84.052 GC heap after
Heap after GC invocations=11 (full 1):
 PSYoungGen      total 100352K, used 1184K [0x00000007aab00000, 0x00000007b1c80000, 0x00000007c0000000)
  eden space 87552K, 0% used [0x00000007aab00000,0x00000007aab00000,0x00000007b0080000)
  from space 12800K, 9% used [0x00000007b1000000,0x00000007b1128040,0x00000007b1c80000)
  to   space 14336K, 0% used [0x00000007b0080000,0x00000007b0080000,0x00000007b0e80000)
 ParOldGen       total 44032K, used 26995K [0x0000000780000000, 0x0000000782b00000, 0x00000007aab00000)
  object space 44032K, 61% used [0x0000000780000000,0x0000000781a5cd48,0x0000000782b00000)
 Metaspace       used 27718K, capacity 28073K, committed 28544K, reserved 1075200K
  class space    used 2208K, capacity 2311K, committed 2432K, reserved 1048576K
}
Event: 121.693 GC heap before
{Heap before GC invocations=12 (full 1):
 PSYoungGen      total 100352K, used 88736K [0x00000007aab00000, 0x00000007b1c80000, 0x00000007c0000000)
  eden space 87552K, 100% used [0x00000007aab00000,0x00000007b0080000,0x00000007b0080000)
  from space 12800K, 9% used [0x00000007b1000000,0x00000007b1128040,0x00000007b1c80000)
  to   space 14336K, 0% used [0x00000007b0080000,0x00000007b0080000,0x00000007b0e80000)
 ParOldGen       total 44032K, used 26995K [0x0000000780000000, 0x0000000782b00000, 0x00000007aab00000)
  object space 44032K, 61% used [0x0000000780000000,0x0000000781a5cd48,0x0000000782b00000)
 Metaspace       used 27718K, capacity 28073K, committed 28544K, reserved 1075200K
  class space    used 2208K, capacity 2311K, committed 2432K, reserved 1048576K
Event: 121.714 GC heap after
Heap after GC invocations=12 (full 1):
 PSYoungGen      total 101888K, used 64K [0x00000007aab00000, 0x00000007b4500000, 0x00000007c0000000)
  eden space 87552K, 0% used [0x00000007aab00000,0x00000007aab00000,0x00000007b0080000)
  from space 14336K, 0% used [0x00000007b0080000,0x00000007b0090000,0x00000007b0e80000)
  to   space 14848K, 0% used [0x00000007b3680000,0x00000007b3680000,0x00000007b4500000)
 ParOldGen       total 44032K, used 28123K [0x0000000780000000, 0x0000000782b00000, 0x00000007aab00000)
  object space 44032K, 63% used [0x0000000780000000,0x0000000781b76e88,0x0000000782b00000)
 Metaspace       used 27718K, capacity 28073K, committed 28544K, reserved 1075200K
  class space    used 2208K, capacity 2311K, committed 2432K, reserved 1048576K
}
Event: 155.502 GC heap before
{Heap before GC invocations=13 (full 1):
 PSYoungGen      total 101888K, used 87616K [0x00000007aab00000, 0x00000007b4500000, 0x00000007c0000000)
  eden space 87552K, 100% used [0x00000007aab00000,0x00000007b0080000,0x00000007b0080000)
  from space 14336K, 0% used [0x00000007b0080000,0x00000007b0090000,0x00000007b0e80000)
  to   space 14848K, 0% used [0x00000007b3680000,0x00000007b3680000,0x00000007b4500000)
 ParOldGen       total 44032K, used 28123K [0x0000000780000000, 0x0000000782b00000, 0x00000007aab00000)
  object space 44032K, 63% used [0x0000000780000000,0x0000000781b76e88,0x0000000782b00000)
 Metaspace       used 27718K, capacity 28073K, committed 28544K, reserved 1075200K
  class space    used 2208K, capacity 2311K, committed 2432K, reserved 1048576K
Event: 155.503 GC heap after
Heap after GC invocations=13 (full 1):
 PSYoungGen      total 136704K, used 64K [0x00000007aab00000, 0x00000007b4200000, 0x00000007c0000000)
  eden space 124928K, 0% used [0x00000007aab00000,0x00000007aab00000,0x00000007b2500000)
  from space 11776K, 0% used [0x00000007b3680000,0x00000007b3690000,0x00000007b4200000)
  to   space 14848K, 0% used [0x00000007b2500000,0x00000007b2500000,0x00000007b3380000)
 ParOldGen       total 44032K, used 28155K [0x0000000780000000, 0x0000000782b00000, 0x00000007aab00000)
  object space 44032K, 63% used [0x0000000780000000,0x0000000781b7ee88,0x0000000782b00000)
 Metaspace       used 27718K, capacity 28073K, committed 28544K, reserved 1075200K
  class space    used 2208K, capacity 2311K, committed 2432K, reserved 1048576K
}
Event: 200.443 GC heap before
{Heap before GC invocations=14 (full 1):
 PSYoungGen      total 136704K, used 124992K [0x00000007aab00000, 0x00000007b4200000, 0x00000007c0000000)
  eden space 124928K, 100% used [0x00000007aab00000,0x00000007b2500000,0x00000007b2500000)
  from space 11776K, 0% used [0x00000007b3680000,0x00000007b3690000,0x00000007b4200000)
  to   space 14848K, 0% used [0x00000007b2500000,0x00000007b2500000,0x00000007b3380000)
 ParOldGen       total 44032K, used 28155K [0x0000000780000000, 0x0000000782b00000, 0x00000007aab00000)
  object space 44032K, 63% used [0x0000000780000000,0x0000000781b7ee88,0x0000000782b00000)
 Metaspace       used 27718K, capacity 28073K, committed 28544K, reserved 1075200K
  class space    used 2208K, capacity 2311K, committed 2432K, reserved 1048576K
Event: 200.445 GC heap after
Heap after GC invocations=14 (full 1):
 PSYoungGen      total 139776K, used 64K [0x00000007aab00000, 0x00000007b7180000, 0x00000007c0000000)
  eden space 124928K, 0% used [0x00000007aab00000,0x00000007aab00000,0x00000007b2500000)
  from space 14848K, 0% used [0x00000007b2500000,0x00000007b2510000,0x00000007b3380000)
  to   space 14848K, 0% used [0x00000007b6300000,0x00000007b6300000,0x00000007b7180000)
 ParOldGen       total 44032K, used 28163K [0x0000000780000000, 0x0000000782b00000, 0x00000007aab00000)
  object space 44032K, 63% used [0x0000000780000000,0x0000000781b80e88,0x0000000782b00000)
 Metaspace       used 27718K, capacity 28073K, committed 28544K, reserved 1075200K
  class space    used 2208K, capacity 2311K, committed 2432K, reserved 1048576K
}

