# JRE version: Java(TM) SE Runtime Environment (8.0_181-b13) (build 1.8.0_181-b13)
# Java VM: Java HotSpot(TM) 64-Bit Server VM (25.181-b13 mixed mode bsd-amd64 compressed oops)
Heap:
 PSYoungGen      total 112640K, used 38278K [0x00000007aab00000, 0x00000007b6900000, 0x00000007c0000000)
  eden space 75264K, 50% used [0x00000007aab00000,0x00000007ad061888,0x00000007af480000)
  from space 37376K, 0% used [0x00000007af480000,0x00000007af480000,0x00000007b1900000)
  to   space 39936K, 0% used [0x00000007b4200000,0x00000007b4200000,0x00000007b6900000)
 ParOldGen       total 111616K, used 64159K [0x0000000780000000, 0x0000000786d00000, 0x00000007aab00000)
  object space 111616K, 57% used [0x0000000780000000,0x0000000783ea7da8,0x0000000786d00000)
 Metaspace       used 18246K, capacity 18585K, committed 18688K, reserved 1067008K
  class space    used 1896K, capacity 2022K, committed 2048K, reserved 1048576K
GC Heap History (10 events):
Event: 10.455 GC heap before
{Heap before GC invocations=9 (full 1):
 PSYoungGen      total 75776K, used 19936K [0x00000007aab00000, 0x00000007b1c00000, 0x00000007c0000000)
  eden space 55808K, 0% used [0x00000007aab00000,0x00000007aab00000,0x00000007ae180000)
  from space 19968K, 99% used [0x00000007afb80000,0x00000007b0ef80a8,0x00000007b0f00000)
  to   space 26624K, 0% used [0x00000007ae180000,0x00000007ae180000,0x00000007afb80000)
 ParOldGen       total 44032K, used 37677K [0x0000000780000000, 0x0000000782b00000, 0x00000007aab00000)
  object space 44032K, 85% used [0x0000000780000000,0x00000007824cb648,0x0000000782b00000)
 Metaspace       used 18178K, capacity 18485K, committed 18688K, reserved 1067008K
  class space    used 1887K, capacity 1988K, committed 2048K, reserved 1048576K
Event: 11.002 GC heap after
Heap after GC invocations=9 (full 1):
 PSYoungGen      total 75776K, used 479K [0x00000007aab00000, 0x00000007b1c00000, 0x00000007c0000000)
  eden space 55808K, 0% used [0x00000007aab00000,0x00000007aab00000,0x00000007ae180000)
  from space 19968K, 2% used [0x00000007afb80000,0x00000007afbf7eb8,0x00000007b0f00000)
  to   space 26624K, 0% used [0x00000007ae180000,0x00000007ae180000,0x00000007afb80000)
 ParOldGen       total 74752K, used 43669K [0x0000000780000000, 0x0000000784900000, 0x00000007aab00000)
  object space 74752K, 58% used [0x0000000780000000,0x0000000782aa5560,0x0000000784900000)
 Metaspace       used 18178K, capacity 18485K, committed 18688K, reserved 1067008K
  class space    used 1887K, capacity 1988K, committed 2048K, reserved 1048576K
}
Event: 11.353 GC heap before
{Heap before GC invocations=10 (full 1):
 PSYoungGen      total 75776K, used 56287K [0x00000007aab00000, 0x00000007b1c00000, 0x00000007c0000000)
  eden space 55808K, 100% used [0x00000007aab00000,0x00000007ae180000,0x00000007ae180000)
  from space 19968K, 2% used [0x00000007afb80000,0x00000007afbf7eb8,0x00000007b0f00000)
  to   space 26624K, 0% used [0x00000007ae180000,0x00000007ae180000,0x00000007afb80000)
 ParOldGen       total 74752K, used 43669K [0x0000000780000000, 0x0000000784900000, 0x00000007aab00000)
  object space 74752K, 58% used [0x0000000780000000,0x0000000782aa5560,0x0000000784900000)
 Metaspace       used 18178K, capacity 18485K, committed 18688K, reserved 1067008K
  class space    used 1887K, capacity 1988K, committed 2048K, reserved 1048576K
Event: 11.443 GC heap after
Heap after GC invocations=10 (full 1):
 PSYoungGen      total 82432K, used 21443K [0x00000007aab00000, 0x00000007b3580000, 0x00000007c0000000)
  eden space 55808K, 0% used [0x00000007aab00000,0x00000007aab00000,0x00000007ae180000)
  from space 26624K, 80% used [0x00000007ae180000,0x00000007af670fc0,0x00000007afb80000)
  to   space 29184K, 0% used [0x00000007b1900000,0x00000007b1900000,0x00000007b3580000)
 ParOldGen       total 74752K, used 43669K [0x0000000780000000, 0x0000000784900000, 0x00000007aab00000)
  object space 74752K, 58% used [0x0000000780000000,0x0000000782aa5560,0x0000000784900000)
 Metaspace       used 18178K, capacity 18485K, committed 18688K, reserved 1067008K
  class space    used 1887K, capacity 1988K, committed 2048K, reserved 1048576K
}
Event: 11.770 GC heap before
{Heap before GC invocations=11 (full 1):
 PSYoungGen      total 82432K, used 77251K [0x00000007aab00000, 0x00000007b3580000, 0x00000007c0000000)
  eden space 55808K, 100% used [0x00000007aab00000,0x00000007ae180000,0x00000007ae180000)
  from space 26624K, 80% used [0x00000007ae180000,0x00000007af670fc0,0x00000007afb80000)
  to   space 29184K, 0% used [0x00000007b1900000,0x00000007b1900000,0x00000007b3580000)
 ParOldGen       total 74752K, used 43669K [0x0000000780000000, 0x0000000784900000, 0x00000007aab00000)
  object space 74752K, 58% used [0x0000000780000000,0x0000000782aa5560,0x0000000784900000)
 Metaspace       used 18184K, capacity 18549K, committed 18688K, reserved 1067008K
  class space    used 1887K, capacity 1988K, committed 2048K, reserved 1048576K
Event: 12.078 GC heap after
Heap after GC invocations=11 (full 1):
 PSYoungGen      total 104448K, used 29153K [0x00000007aab00000, 0x00000007b4680000, 0x00000007c0000000)
  eden space 75264K, 0% used [0x00000007aab00000,0x00000007aab00000,0x00000007af480000)
  from space 29184K, 99% used [0x00000007b1900000,0x00000007b35784d0,0x00000007b3580000)
  to   space 37376K, 0% used [0x00000007af480000,0x00000007af480000,0x00000007b1900000)
 ParOldGen       total 74752K, used 53413K [0x0000000780000000, 0x0000000784900000, 0x00000007aab00000)
  object space 74752K, 71% used [0x0000000780000000,0x0000000783429560,0x0000000784900000)
 Metaspace       used 18184K, capacity 18549K, committed 18688K, reserved 1067008K
  class space    used 1887K, capacity 1988K, committed 2048K, reserved 1048576K
}
Event: 12.427 GC heap before
{Heap before GC invocations=12 (full 1):
 PSYoungGen      total 104448K, used 104417K [0x00000007aab00000, 0x00000007b4680000, 0x00000007c0000000)
  eden space 75264K, 100% used [0x00000007aab00000,0x00000007af480000,0x00000007af480000)
  from space 29184K, 99% used [0x00000007b1900000,0x00000007b35784d0,0x00000007b3580000)
  to   space 37376K, 0% used [0x00000007af480000,0x00000007af480000,0x00000007b1900000)
 ParOldGen       total 74752K, used 53413K [0x0000000780000000, 0x0000000784900000, 0x00000007aab00000)
  object space 74752K, 71% used [0x0000000780000000,0x0000000783429560,0x0000000784900000)
 Metaspace       used 18184K, capacity 18549K, committed 18688K, reserved 1067008K
  class space    used 1887K, capacity 1988K, committed 2048K, reserved 1048576K
Event: 12.643 GC heap after
Heap after GC invocations=12 (full 1):
 PSYoungGen      total 112640K, used 28070K [0x00000007aab00000, 0x00000007b6900000, 0x00000007c0000000)
  eden space 75264K, 0% used [0x00000007aab00000,0x00000007aab00000,0x00000007af480000)
  from space 37376K, 75% used [0x00000007af480000,0x00000007b0fe98f8,0x00000007b1900000)
  to   space 39936K, 0% used [0x00000007b4200000,0x00000007b4200000,0x00000007b6900000)
 ParOldGen       total 80384K, used 80239K [0x0000000780000000, 0x0000000784e80000, 0x00000007aab00000)
  object space 80384K, 99% used [0x0000000780000000,0x0000000784e5bfb8,0x0000000784e80000)
 Metaspace       used 18184K, capacity 18549K, committed 18688K, reserved 1067008K
  class space    used 1887K, capacity 1988K, committed 2048K, reserved 1048576K
}
Event: 12.643 GC heap before
{Heap before GC invocations=13 (full 2):
 PSYoungGen      total 112640K, used 28070K [0x00000007aab00000, 0x00000007b6900000, 0x00000007c0000000)
  eden space 75264K, 0% used [0x00000007aab00000,0x00000007aab00000,0x00000007af480000)
  from space 37376K, 75% used [0x00000007af480000,0x00000007b0fe98f8,0x00000007b1900000)
  to   space 39936K, 0% used [0x00000007b4200000,0x00000007b4200000,0x00000007b6900000)
 ParOldGen       total 80384K, used 80239K [0x0000000780000000, 0x0000000784e80000, 0x00000007aab00000)
  object space 80384K, 99% used [0x0000000780000000,0x0000000784e5bfb8,0x0000000784e80000)
 Metaspace       used 18184K, capacity 18549K, committed 18688K, reserved 1067008K
  class space    used 1887K, capacity 1988K, committed 2048K, reserved 1048576K
Event: 13.640 GC heap after
Heap after GC invocations=13 (full 2):
 PSYoungGen      total 112640K, used 0K [0x00000007aab00000, 0x00000007b6900000, 0x00000007c0000000)
  eden space 75264K, 0% used [0x00000007aab00000,0x00000007aab00000,0x00000007af480000)
  from space 37376K, 0% used [0x00000007af480000,0x00000007af480000,0x00000007b1900000)
  to   space 39936K, 0% used [0x00000007b4200000,0x00000007b4200000,0x00000007b6900000)
 ParOldGen       total 111616K, used 64159K [0x0000000780000000, 0x0000000786d00000, 0x00000007aab00000)
  object space 111616K, 57% used [0x0000000780000000,0x0000000783ea7da8,0x0000000786d00000)
 Metaspace       used 18184K, capacity 18549K, committed 18688K, reserved 1067008K
  class space    used 1887K, capacity 1988K, committed 2048K, reserved 1048576K
}

