# JRE version: Java(TM) SE Runtime Environment (8.0_181-b13) (build 1.8.0_181-b13)
# Java VM: Java HotSpot(TM) 64-Bit Server VM (25.181-b13 mixed mode bsd-amd64 compressed oops)
Heap:
 PSYoungGen      total 122880K, used 63598K [0x00000007aab00000, 0x00000007b5f00000, 0x00000007c0000000)
  eden space 108544K, 51% used [0x00000007aab00000,0x00000007ae127730,0x00000007b1500000)
  from space 14336K, 56% used [0x00000007b1500000,0x00000007b1cf4150,0x00000007b2300000)
  to   space 13824K, 0% used [0x00000007b5180000,0x00000007b5180000,0x00000007b5f00000)
 ParOldGen       total 44032K, used 20991K [0x0000000780000000, 0x0000000782b00000, 0x00000007aab00000)
  object space 44032K, 47% used [0x0000000780000000,0x000000078147ff70,0x0000000782b00000)
 Metaspace       used 28132K, capacity 28499K, committed 28800K, reserved 1075200K
  class space    used 2238K, capacity 2346K, committed 2432K, reserved 1048576K
GC Heap History (10 events):
Event: 10.652 GC heap before
{Heap before GC invocations=6 (full 1):
 PSYoungGen      total 35328K, used 2528K [0x00000007aab00000, 0x00000007b0000000, 0x00000007c0000000)
  eden space 32768K, 0% used [0x00000007aab00000,0x00000007aab00000,0x00000007acb00000)
  from space 2560K, 98% used [0x00000007acb00000,0x00000007acd78080,0x00000007acd80000)
  to   space 10752K, 0% used [0x00000007af580000,0x00000007af580000,0x00000007b0000000)
 ParOldGen       total 44032K, used 19508K [0x0000000780000000, 0x0000000782b00000, 0x00000007aab00000)
  object space 44032K, 44% used [0x0000000780000000,0x000000078130d340,0x0000000782b00000)
 Metaspace       used 20785K, capacity 21110K, committed 21296K, reserved 1069056K
  class space    used 2047K, capacity 2150K, committed 2176K, reserved 1048576K
Event: 10.739 GC heap after
Heap after GC invocations=6 (full 1):
 PSYoungGen      total 35328K, used 0K [0x00000007aab00000, 0x00000007b0000000, 0x00000007c0000000)
  eden space 32768K, 0% used [0x00000007aab00000,0x00000007aab00000,0x00000007acb00000)
  from space 2560K, 0% used [0x00000007acb00000,0x00000007acb00000,0x00000007acd80000)
  to   space 10752K, 0% used [0x00000007af580000,0x00000007af580000,0x00000007b0000000)
 ParOldGen       total 44032K, used 16884K [0x0000000780000000, 0x0000000782b00000, 0x00000007aab00000)
  object space 44032K, 38% used [0x0000000780000000,0x000000078107d388,0x0000000782b00000)
 Metaspace       used 20785K, capacity 21110K, committed 21296K, reserved 1069056K
  class space    used 2047K, capacity 2150K, committed 2176K, reserved 1048576K
}
Event: 13.053 GC heap before
{Heap before GC invocations=7 (full 1):
 PSYoungGen      total 35328K, used 32598K [0x00000007aab00000, 0x00000007b0000000, 0x00000007c0000000)
  eden space 32768K, 99% used [0x00000007aab00000,0x00000007acad5bf8,0x00000007acb00000)
  from space 2560K, 0% used [0x00000007acb00000,0x00000007acb00000,0x00000007acd80000)
  to   space 10752K, 0% used [0x00000007af580000,0x00000007af580000,0x00000007b0000000)
 ParOldGen       total 44032K, used 16884K [0x0000000780000000, 0x0000000782b00000, 0x00000007aab00000)
  object space 44032K, 38% used [0x0000000780000000,0x000000078107d388,0x0000000782b00000)
 Metaspace       used 25936K, capacity 26278K, committed 26624K, reserved 1073152K
  class space    used 2112K, capacity 2216K, committed 2304K, reserved 1048576K
Event: 13.062 GC heap after
Heap after GC invocations=7 (full 1):
 PSYoungGen      total 67072K, used 3910K [0x00000007aab00000, 0x00000007afb80000, 0x00000007c0000000)
  eden space 60928K, 0% used [0x00000007aab00000,0x00000007aab00000,0x00000007ae680000)
  from space 6144K, 63% used [0x00000007af580000,0x00000007af951888,0x00000007afb80000)
  to   space 10752K, 0% used [0x00000007ae680000,0x00000007ae680000,0x00000007af100000)
 ParOldGen       total 44032K, used 16892K [0x0000000780000000, 0x0000000782b00000, 0x00000007aab00000)
  object space 44032K, 38% used [0x0000000780000000,0x000000078107f388,0x0000000782b00000)
 Metaspace       used 25936K, capacity 26278K, committed 26624K, reserved 1073152K
  class space    used 2112K, capacity 2216K, committed 2304K, reserved 1048576K
}
Event: 16.623 GC heap before
{Heap before GC invocations=8 (full 1):
 PSYoungGen      total 67072K, used 64684K [0x00000007aab00000, 0x00000007afb80000, 0x00000007c0000000)
  eden space 60928K, 99% used [0x00000007aab00000,0x00000007ae6597d0,0x00000007ae680000)
  from space 6144K, 63% used [0x00000007af580000,0x00000007af951888,0x00000007afb80000)
  to   space 10752K, 0% used [0x00000007ae680000,0x00000007ae680000,0x00000007af100000)
 ParOldGen       total 44032K, used 16892K [0x0000000780000000, 0x0000000782b00000, 0x00000007aab00000)
  object space 44032K, 38% used [0x0000000780000000,0x000000078107f388,0x0000000782b00000)
 Metaspace       used 27593K, capacity 27919K, committed 28288K, reserved 1075200K
  class space    used 2227K, capacity 2344K, committed 2432K, reserved 1048576K
Event: 16.643 GC heap after
Heap after GC invocations=8 (full 1):
 PSYoungGen      total 71680K, used 10739K [0x00000007aab00000, 0x00000007b3180000, 0x00000007c0000000)
  eden space 60928K, 0% used [0x00000007aab00000,0x00000007aab00000,0x00000007ae680000)
  from space 10752K, 99% used [0x00000007ae680000,0x00000007af0fccb0,0x00000007af100000)
  to   space 13312K, 0% used [0x00000007b2480000,0x00000007b2480000,0x00000007b3180000)
 ParOldGen       total 44032K, used 18312K [0x0000000780000000, 0x0000000782b00000, 0x00000007aab00000)
  object space 44032K, 41% used [0x0000000780000000,0x00000007811e2040,0x0000000782b00000)
 Metaspace       used 27593K, capacity 27919K, committed 28288K, reserved 1075200K
  class space    used 2227K, capacity 2344K, committed 2432K, reserved 1048576K
}
Event: 24.371 GC heap before
{Heap before GC invocations=9 (full 1):
 PSYoungGen      total 71680K, used 71667K [0x00000007aab00000, 0x00000007b3180000, 0x00000007c0000000)
  eden space 60928K, 100% used [0x00000007aab00000,0x00000007ae680000,0x00000007ae680000)
  from space 10752K, 99% used [0x00000007ae680000,0x00000007af0fccb0,0x00000007af100000)
  to   space 13312K, 0% used [0x00000007b2480000,0x00000007b2480000,0x00000007b3180000)
 ParOldGen       total 44032K, used 18312K [0x0000000780000000, 0x0000000782b00000, 0x00000007aab00000)
  object space 44032K, 41% used [0x0000000780000000,0x00000007811e2040,0x0000000782b00000)
 Metaspace       used 27852K, capacity 28175K, committed 28544K, reserved 1075200K
  class space    used 2228K, capacity 2344K, committed 2432K, reserved 1048576K
Event: 24.390 GC heap after
Heap after GC invocations=9 (full 1):
 PSYoungGen      total 121344K, used 10915K [0x00000007aab00000, 0x00000007b3100000, 0x00000007c0000000)
  eden space 108544K, 0% used [0x00000007aab00000,0x00000007aab00000,0x00000007b1500000)
  from space 12800K, 85% used [0x00000007b2480000,0x00000007b2f28ca0,0x00000007b3100000)
  to   space 14336K, 0% used [0x00000007b1500000,0x00000007b1500000,0x00000007b2300000)
 ParOldGen       total 44032K, used 18320K [0x0000000780000000, 0x0000000782b00000, 0x00000007aab00000)
  object space 44032K, 41% used [0x0000000780000000,0x00000007811e4040,0x0000000782b00000)
 Metaspace       used 27852K, capacity 28175K, committed 28544K, reserved 1075200K
  class space    used 2228K, capacity 2344K, committed 2432K, reserved 1048576K
}
Event: 36.359 GC heap before
{Heap before GC invocations=10 (full 1):
 PSYoungGen      total 121344K, used 119459K [0x00000007aab00000, 0x00000007b3100000, 0x00000007c0000000)
  eden space 108544K, 100% used [0x00000007aab00000,0x00000007b1500000,0x00000007b1500000)
  from space 12800K, 85% used [0x00000007b2480000,0x00000007b2f28ca0,0x00000007b3100000)
  to   space 14336K, 0% used [0x00000007b1500000,0x00000007b1500000,0x00000007b2300000)
 ParOldGen       total 44032K, used 18320K [0x0000000780000000, 0x0000000782b00000, 0x00000007aab00000)
  object space 44032K, 41% used [0x0000000780000000,0x00000007811e4040,0x0000000782b00000)
 Metaspace       used 27996K, capacity 28367K, committed 28800K, reserved 1075200K
  class space    used 2228K, capacity 2344K, committed 2432K, reserved 1048576K
Event: 36.380 GC heap after
Heap after GC invocations=10 (full 1):
 PSYoungGen      total 122880K, used 8144K [0x00000007aab00000, 0x00000007b5f00000, 0x00000007c0000000)
  eden space 108544K, 0% used [0x00000007aab00000,0x00000007aab00000,0x00000007b1500000)
  from space 14336K, 56% used [0x00000007b1500000,0x00000007b1cf4150,0x00000007b2300000)
  to   space 13824K, 0% used [0x00000007b5180000,0x00000007b5180000,0x00000007b5f00000)
 ParOldGen       total 44032K, used 20991K [0x0000000780000000, 0x0000000782b00000, 0x00000007aab00000)
  object space 44032K, 47% used [0x0000000780000000,0x000000078147ff70,0x0000000782b00000)
 Metaspace       used 27996K, capacity 28367K, committed 28800K, reserved 1075200K
  class space    used 2228K, capacity 2344K, committed 2432K, reserved 1048576K
}

