# JRE version: Java(TM) SE Runtime Environment (8.0_181-b13) (build 1.8.0_181-b13)
# Java VM: Java HotSpot(TM) 64-Bit Server VM (25.181-b13 mixed mode bsd-amd64 compressed oops)
Heap:
 PSYoungGen      total 41472K, used 19941K [0x00000007aab00000, 0x00000007b0300000, 0x00000007c0000000)
  eden space 32768K, 34% used [0x00000007aab00000,0x00000007ab5fe310,0x00000007acb00000)
  from space 8704K, 99% used [0x00000007acb00000,0x00000007ad37b390,0x00000007ad380000)
  to   space 12288K, 0% used [0x00000007af700000,0x00000007af700000,0x00000007b0300000)
 ParOldGen       total 44032K, used 21371K [0x0000000780000000, 0x0000000782b00000, 0x00000007aab00000)
  object space 44032K, 48% used [0x0000000780000000,0x00000007814dee88,0x0000000782b00000)
 Metaspace       used 18373K, capacity 18719K, committed 18944K, reserved 1067008K
  class space    used 1904K, capacity 2023K, committed 2048K, reserved 1048576K
GC Heap History (10 events):
Event: 7.661 GC heap before
{Heap before GC invocations=3 (full 0):
 PSYoungGen      total 18944K, used 18912K [0x00000007aab00000, 0x00000007ac000000, 0x00000007c0000000)
  eden space 16384K, 100% used [0x00000007aab00000,0x00000007abb00000,0x00000007abb00000)
  from space 2560K, 98% used [0x00000007abd80000,0x00000007abff8020,0x00000007ac000000)
  to   space 2560K, 0% used [0x00000007abb00000,0x00000007abb00000,0x00000007abd80000)
 ParOldGen       total 44032K, used 2700K [0x0000000780000000, 0x0000000782b00000, 0x00000007aab00000)
  object space 44032K, 6% used [0x0000000780000000,0x00000007802a3020,0x0000000782b00000)
 Metaspace       used 17951K, capacity 18295K, committed 18688K, reserved 1067008K
  class space    used 1854K, capacity 1989K, committed 2048K, reserved 1048576K
Event: 7.683 GC heap after
Heap after GC invocations=3 (full 0):
 PSYoungGen      total 18944K, used 2528K [0x00000007aab00000, 0x00000007ac000000, 0x00000007c0000000)
  eden space 16384K, 0% used [0x00000007aab00000,0x00000007aab00000,0x00000007abb00000)
  from space 2560K, 98% used [0x00000007abb00000,0x00000007abd78060,0x00000007abd80000)
  to   space 2560K, 0% used [0x00000007abd80000,0x00000007abd80000,0x00000007ac000000)
 ParOldGen       total 44032K, used 8316K [0x0000000780000000, 0x0000000782b00000, 0x00000007aab00000)
  object space 44032K, 18% used [0x0000000780000000,0x000000078081f1e8,0x0000000782b00000)
 Metaspace       used 17951K, capacity 18295K, committed 18688K, reserved 1067008K
  class space    used 1854K, capacity 1989K, committed 2048K, reserved 1048576K
}
Event: 7.983 GC heap before
{Heap before GC invocations=4 (full 0):
 PSYoungGen      total 18944K, used 18912K [0x00000007aab00000, 0x00000007ac000000, 0x00000007c0000000)
  eden space 16384K, 100% used [0x00000007aab00000,0x00000007abb00000,0x00000007abb00000)
  from space 2560K, 98% used [0x00000007abb00000,0x00000007abd78060,0x00000007abd80000)
  to   space 2560K, 0% used [0x00000007abd80000,0x00000007abd80000,0x00000007ac000000)
 ParOldGen       total 44032K, used 8316K [0x0000000780000000, 0x0000000782b00000, 0x00000007aab00000)
  object space 44032K, 18% used [0x0000000780000000,0x000000078081f1e8,0x0000000782b00000)
 Metaspace       used 17952K, capacity 18295K, committed 18688K, reserved 1067008K
  class space    used 1854K, capacity 1989K, committed 2048K, reserved 1048576K
Event: 8.003 GC heap after
Heap after GC invocations=4 (full 0):
 PSYoungGen      total 18944K, used 2544K [0x00000007aab00000, 0x00000007ad000000, 0x00000007c0000000)
  eden space 16384K, 0% used [0x00000007aab00000,0x00000007aab00000,0x00000007abb00000)
  from space 2560K, 99% used [0x00000007abd80000,0x00000007abffc050,0x00000007ac000000)
  to   space 2560K, 0% used [0x00000007abb00000,0x00000007abb00000,0x00000007abd80000)
 ParOldGen       total 44032K, used 11412K [0x0000000780000000, 0x0000000782b00000, 0x00000007aab00000)
  object space 44032K, 25% used [0x0000000780000000,0x0000000780b25390,0x0000000782b00000)
 Metaspace       used 17952K, capacity 18295K, committed 18688K, reserved 1067008K
  class space    used 1854K, capacity 1989K, committed 2048K, reserved 1048576K
}
Event: 8.831 GC heap before
{Heap before GC invocations=5 (full 0):
 PSYoungGen      total 18944K, used 18928K [0x00000007aab00000, 0x00000007ad000000, 0x00000007c0000000)
  eden space 16384K, 100% used [0x00000007aab00000,0x00000007abb00000,0x00000007abb00000)
  from space 2560K, 99% used [0x00000007abd80000,0x00000007abffc050,0x00000007ac000000)
  to   space 2560K, 0% used [0x00000007abb00000,0x00000007abb00000,0x00000007abd80000)
 ParOldGen       total 44032K, used 11412K [0x0000000780000000, 0x0000000782b00000, 0x00000007aab00000)
  object space 44032K, 25% used [0x0000000780000000,0x0000000780b25390,0x0000000782b00000)
 Metaspace       used 18203K, capacity 18487K, committed 18688K, reserved 1067008K
  class space    used 1887K, capacity 1989K, committed 2048K, reserved 1048576K
Event: 8.863 GC heap after
Heap after GC invocations=5 (full 0):
 PSYoungGen      total 18944K, used 2544K [0x00000007aab00000, 0x00000007add00000, 0x00000007c0000000)
  eden space 16384K, 0% used [0x00000007aab00000,0x00000007aab00000,0x00000007abb00000)
  from space 2560K, 99% used [0x00000007abb00000,0x00000007abd7c090,0x00000007abd80000)
  to   space 9216K, 0% used [0x00000007ad400000,0x00000007ad400000,0x00000007add00000)
 ParOldGen       total 44032K, used 16334K [0x0000000780000000, 0x0000000782b00000, 0x00000007aab00000)
  object space 44032K, 37% used [0x0000000780000000,0x0000000780ff3820,0x0000000782b00000)
 Metaspace       used 18203K, capacity 18487K, committed 18688K, reserved 1067008K
  class space    used 1887K, capacity 1989K, committed 2048K, reserved 1048576K
}
Event: 9.084 GC heap before
{Heap before GC invocations=6 (full 0):
 PSYoungGen      total 18944K, used 18928K [0x00000007aab00000, 0x00000007add00000, 0x00000007c0000000)
  eden space 16384K, 100% used [0x00000007aab00000,0x00000007abb00000,0x00000007abb00000)
  from space 2560K, 99% used [0x00000007abb00000,0x00000007abd7c090,0x00000007abd80000)
  to   space 9216K, 0% used [0x00000007ad400000,0x00000007ad400000,0x00000007add00000)
 ParOldGen       total 44032K, used 16334K [0x0000000780000000, 0x0000000782b00000, 0x00000007aab00000)
  object space 44032K, 37% used [0x0000000780000000,0x0000000780ff3820,0x0000000782b00000)
 Metaspace       used 18203K, capacity 18487K, committed 18688K, reserved 1067008K
  class space    used 1887K, capacity 1989K, committed 2048K, reserved 1048576K
Event: 9.106 GC heap after
Heap after GC invocations=6 (full 0):
 PSYoungGen      total 40960K, used 5656K [0x00000007aab00000, 0x00000007adc00000, 0x00000007c0000000)
  eden space 32768K, 0% used [0x00000007aab00000,0x00000007aab00000,0x00000007acb00000)
  from space 8192K, 69% used [0x00000007ad400000,0x00000007ad986248,0x00000007adc00000)
  to   space 8704K, 0% used [0x00000007acb00000,0x00000007acb00000,0x00000007ad380000)
 ParOldGen       total 44032K, used 16334K [0x0000000780000000, 0x0000000782b00000, 0x00000007aab00000)
  object space 44032K, 37% used [0x0000000780000000,0x0000000780ff3820,0x0000000782b00000)
 Metaspace       used 18203K, capacity 18487K, committed 18688K, reserved 1067008K
  class space    used 1887K, capacity 1989K, committed 2048K, reserved 1048576K
}
Event: 9.578 GC heap before
{Heap before GC invocations=7 (full 0):
 PSYoungGen      total 40960K, used 38424K [0x00000007aab00000, 0x00000007adc00000, 0x00000007c0000000)
  eden space 32768K, 100% used [0x00000007aab00000,0x00000007acb00000,0x00000007acb00000)
  from space 8192K, 69% used [0x00000007ad400000,0x00000007ad986248,0x00000007adc00000)
  to   space 8704K, 0% used [0x00000007acb00000,0x00000007acb00000,0x00000007ad380000)
 ParOldGen       total 44032K, used 16334K [0x0000000780000000, 0x0000000782b00000, 0x00000007aab00000)
  object space 44032K, 37% used [0x0000000780000000,0x0000000780ff3820,0x0000000782b00000)
 Metaspace       used 18214K, capacity 18487K, committed 18688K, reserved 1067008K
  class space    used 1887K, capacity 1989K, committed 2048K, reserved 1048576K
Event: 9.626 GC heap after
Heap after GC invocations=7 (full 0):
 PSYoungGen      total 41472K, used 8684K [0x00000007aab00000, 0x00000007b0300000, 0x00000007c0000000)
  eden space 32768K, 0% used [0x00000007aab00000,0x00000007aab00000,0x00000007acb00000)
  from space 8704K, 99% used [0x00000007acb00000,0x00000007ad37b390,0x00000007ad380000)
  to   space 12288K, 0% used [0x00000007af700000,0x00000007af700000,0x00000007b0300000)
 ParOldGen       total 44032K, used 21371K [0x0000000780000000, 0x0000000782b00000, 0x00000007aab00000)
  object space 44032K, 48% used [0x0000000780000000,0x00000007814dee88,0x0000000782b00000)
 Metaspace       used 18214K, capacity 18487K, committed 18688K, reserved 1067008K
  class space    used 1887K, capacity 1989K, committed 2048K, reserved 1048576K
}

