# JRE version: Java(TM) SE Runtime Environment (8.0_181-b13) (build 1.8.0_181-b13)
# Java VM: Java HotSpot(TM) 64-Bit Server VM (25.181-b13 mixed mode bsd-amd64 compressed oops)
Heap:
 PSYoungGen      total 97792K, used 50913K [0x00000007aab00000, 0x00000007b1a80000, 0x00000007c0000000)
  eden space 83456K, 60% used [0x00000007aab00000,0x00000007adca86b8,0x00000007afc80000)
  from space 14336K, 0% used [0x00000007b0c80000,0x00000007b0c90000,0x00000007b1a80000)
  to   space 15360K, 0% used [0x00000007afc80000,0x00000007afc80000,0x00000007b0b80000)
 ParOldGen       total 43520K, used 29156K [0x0000000780000000, 0x0000000782a80000, 0x00000007aab00000)
  object space 43520K, 66% used [0x0000000780000000,0x0000000781c79000,0x0000000782a80000)
 Metaspace       used 28070K, capacity 28435K, committed 28800K, reserved 1075200K
  class space    used 2240K, capacity 2346K, committed 2432K, reserved 1048576K
GC Heap History (10 events):
Event: 15.716 GC heap before
{Heap before GC invocations=7 (full 1):
 PSYoungGen      total 18944K, used 16384K [0x00000007aab00000, 0x00000007ae000000, 0x00000007c0000000)
  eden space 16384K, 100% used [0x00000007aab00000,0x00000007abb00000,0x00000007abb00000)
  from space 2560K, 0% used [0x00000007abb00000,0x00000007abb00000,0x00000007abd80000)
  to   space 10752K, 0% used [0x00000007ad580000,0x00000007ad580000,0x00000007ae000000)
 ParOldGen       total 43520K, used 17640K [0x0000000780000000, 0x0000000782a80000, 0x00000007aab00000)
  object space 43520K, 40% used [0x0000000780000000,0x000000078113a1e0,0x0000000782a80000)
 Metaspace       used 25592K, capacity 25948K, committed 26368K, reserved 1073152K
  class space    used 2082K, capacity 2183K, committed 2304K, reserved 1048576K
Event: 15.722 GC heap after
Heap after GC invocations=7 (full 1):
 PSYoungGen      total 41472K, used 1444K [0x00000007aab00000, 0x00000007adf80000, 0x00000007c0000000)
  eden space 31232K, 0% used [0x00000007aab00000,0x00000007aab00000,0x00000007ac980000)
  from space 10240K, 14% used [0x00000007ad580000,0x00000007ad6e9210,0x00000007adf80000)
  to   space 11264K, 0% used [0x00000007ac980000,0x00000007ac980000,0x00000007ad480000)
 ParOldGen       total 43520K, used 17648K [0x0000000780000000, 0x0000000782a80000, 0x00000007aab00000)
  object space 43520K, 40% used [0x0000000780000000,0x000000078113c1e0,0x0000000782a80000)
 Metaspace       used 25592K, capacity 25948K, committed 26368K, reserved 1073152K
  class space    used 2082K, capacity 2183K, committed 2304K, reserved 1048576K
}
Event: 17.561 GC heap before
{Heap before GC invocations=8 (full 1):
 PSYoungGen      total 41472K, used 32676K [0x00000007aab00000, 0x00000007adf80000, 0x00000007c0000000)
  eden space 31232K, 100% used [0x00000007aab00000,0x00000007ac980000,0x00000007ac980000)
  from space 10240K, 14% used [0x00000007ad580000,0x00000007ad6e9210,0x00000007adf80000)
  to   space 11264K, 0% used [0x00000007ac980000,0x00000007ac980000,0x00000007ad480000)
 ParOldGen       total 43520K, used 17648K [0x0000000780000000, 0x0000000782a80000, 0x00000007aab00000)
  object space 43520K, 40% used [0x0000000780000000,0x000000078113c1e0,0x0000000782a80000)
 Metaspace       used 27185K, capacity 27497K, committed 28032K, reserved 1075200K
  class space    used 2204K, capacity 2311K, committed 2432K, reserved 1048576K
Event: 17.593 GC heap after
Heap after GC invocations=8 (full 1):
 PSYoungGen      total 42496K, used 9802K [0x00000007aab00000, 0x00000007afc80000, 0x00000007c0000000)
  eden space 31232K, 0% used [0x00000007aab00000,0x00000007aab00000,0x00000007ac980000)
  from space 11264K, 87% used [0x00000007ac980000,0x00000007ad312bd8,0x00000007ad480000)
  to   space 12288K, 0% used [0x00000007af080000,0x00000007af080000,0x00000007afc80000)
 ParOldGen       total 43520K, used 17656K [0x0000000780000000, 0x0000000782a80000, 0x00000007aab00000)
  object space 43520K, 40% used [0x0000000780000000,0x000000078113e1e0,0x0000000782a80000)
 Metaspace       used 27185K, capacity 27497K, committed 28032K, reserved 1075200K
  class space    used 2204K, capacity 2311K, committed 2432K, reserved 1048576K
}
Event: 21.811 GC heap before
{Heap before GC invocations=9 (full 1):
 PSYoungGen      total 42496K, used 41034K [0x00000007aab00000, 0x00000007afc80000, 0x00000007c0000000)
  eden space 31232K, 100% used [0x00000007aab00000,0x00000007ac980000,0x00000007ac980000)
  from space 11264K, 87% used [0x00000007ac980000,0x00000007ad312bd8,0x00000007ad480000)
  to   space 12288K, 0% used [0x00000007af080000,0x00000007af080000,0x00000007afc80000)
 ParOldGen       total 43520K, used 17656K [0x0000000780000000, 0x0000000782a80000, 0x00000007aab00000)
  object space 43520K, 40% used [0x0000000780000000,0x000000078113e1e0,0x0000000782a80000)
 Metaspace       used 27439K, capacity 27753K, committed 28288K, reserved 1075200K
  class space    used 2204K, capacity 2311K, committed 2432K, reserved 1048576K
Event: 21.863 GC heap after
Heap after GC invocations=9 (full 1):
 PSYoungGen      total 69120K, used 11931K [0x00000007aab00000, 0x00000007aff80000, 0x00000007c0000000)
  eden space 56832K, 0% used [0x00000007aab00000,0x00000007aab00000,0x00000007ae280000)
  from space 12288K, 97% used [0x00000007af080000,0x00000007afc26da8,0x00000007afc80000)
  to   space 14336K, 0% used [0x00000007ae280000,0x00000007ae280000,0x00000007af080000)
 ParOldGen       total 43520K, used 17664K [0x0000000780000000, 0x0000000782a80000, 0x00000007aab00000)
  object space 43520K, 40% used [0x0000000780000000,0x00000007811401e0,0x0000000782a80000)
 Metaspace       used 27439K, capacity 27753K, committed 28288K, reserved 1075200K
  class space    used 2204K, capacity 2311K, committed 2432K, reserved 1048576K
}
Event: 37.041 GC heap before
{Heap before GC invocations=10 (full 1):
 PSYoungGen      total 69120K, used 68763K [0x00000007aab00000, 0x00000007aff80000, 0x00000007c0000000)
  eden space 56832K, 100% used [0x00000007aab00000,0x00000007ae280000,0x00000007ae280000)
  from space 12288K, 97% used [0x00000007af080000,0x00000007afc26da8,0x00000007afc80000)
  to   space 14336K, 0% used [0x00000007ae280000,0x00000007ae280000,0x00000007af080000)
 ParOldGen       total 43520K, used 17664K [0x0000000780000000, 0x0000000782a80000, 0x00000007aab00000)
  object space 43520K, 40% used [0x0000000780000000,0x00000007811401e0,0x0000000782a80000)
 Metaspace       used 27727K, capacity 28073K, committed 28544K, reserved 1075200K
  class space    used 2204K, capacity 2311K, committed 2432K, reserved 1048576K
Event: 37.060 GC heap after
Heap after GC invocations=10 (full 1):
 PSYoungGen      total 71168K, used 10697K [0x00000007aab00000, 0x00000007b1b00000, 0x00000007c0000000)
  eden space 56832K, 0% used [0x00000007aab00000,0x00000007aab00000,0x00000007ae280000)
  from space 14336K, 74% used [0x00000007ae280000,0x00000007aecf2700,0x00000007af080000)
  to   space 14848K, 0% used [0x00000007b0c80000,0x00000007b0c80000,0x00000007b1b00000)
 ParOldGen       total 43520K, used 18911K [0x0000000780000000, 0x0000000782a80000, 0x00000007aab00000)
  object space 43520K, 43% used [0x0000000780000000,0x0000000781277f80,0x0000000782a80000)
 Metaspace       used 27727K, capacity 28073K, committed 28544K, reserved 1075200K
  class space    used 2204K, capacity 2311K, committed 2432K, reserved 1048576K
}
Event: 51.620 GC heap before
{Heap before GC invocations=11 (full 1):
 PSYoungGen      total 71168K, used 67529K [0x00000007aab00000, 0x00000007b1b00000, 0x00000007c0000000)
  eden space 56832K, 100% used [0x00000007aab00000,0x00000007ae280000,0x00000007ae280000)
  from space 14336K, 74% used [0x00000007ae280000,0x00000007aecf2700,0x00000007af080000)
  to   space 14848K, 0% used [0x00000007b0c80000,0x00000007b0c80000,0x00000007b1b00000)
 ParOldGen       total 43520K, used 18911K [0x0000000780000000, 0x0000000782a80000, 0x00000007aab00000)
  object space 43520K, 43% used [0x0000000780000000,0x0000000781277f80,0x0000000782a80000)
 Metaspace       used 27730K, capacity 28073K, committed 28544K, reserved 1075200K
  class space    used 2204K, capacity 2311K, committed 2432K, reserved 1048576K
Event: 51.636 GC heap after
Heap after GC invocations=11 (full 1):
 PSYoungGen      total 97792K, used 64K [0x00000007aab00000, 0x00000007b1a80000, 0x00000007c0000000)
  eden space 83456K, 0% used [0x00000007aab00000,0x00000007aab00000,0x00000007afc80000)
  from space 14336K, 0% used [0x00000007b0c80000,0x00000007b0c90000,0x00000007b1a80000)
  to   space 15360K, 0% used [0x00000007afc80000,0x00000007afc80000,0x00000007b0b80000)
 ParOldGen       total 43520K, used 29156K [0x0000000780000000, 0x0000000782a80000, 0x00000007aab00000)
  object space 43520K, 66% used [0x0000000780000000,0x0000000781c79000,0x0000000782a80000)
 Metaspace       used 27730K, capacity 28073K, committed 28544K, reserved 1075200K
  class space    used 2204K, capacity 2311K, committed 2432K, reserved 1048576K
}

