# JRE version: Java(TM) SE Runtime Environment (8.0_181-b13) (build 1.8.0_181-b13)
# Java VM: Java HotSpot(TM) 64-Bit Server VM (25.181-b13 mixed mode bsd-amd64 compressed oops)
Heap:
 PSYoungGen      total 197120K, used 169488K [0x00000007aab00000, 0x00000007b7c80000, 0x00000007c0000000)
  eden space 180736K, 93% used [0x00000007aab00000,0x00000007b5008348,0x00000007b5b80000)
  from space 16384K, 3% used [0x00000007b6c80000,0x00000007b6cfc070,0x00000007b7c80000)
  to   space 16896K, 0% used [0x00000007b5b80000,0x00000007b5b80000,0x00000007b6c00000)
 ParOldGen       total 107520K, used 68521K [0x0000000780000000, 0x0000000786900000, 0x00000007aab00000)
  object space 107520K, 63% used [0x0000000780000000,0x00000007842ea568,0x0000000786900000)
 Metaspace       used 26443K, capacity 26827K, committed 27136K, reserved 1075200K
  class space    used 2121K, capacity 2216K, committed 2304K, reserved 1048576K
GC Heap History (10 events):
Event: 44.637 GC heap before
{Heap before GC invocations=36 (full 2):
 PSYoungGen      total 196096K, used 177680K [0x00000007aab00000, 0x00000007b7e80000, 0x00000007c0000000)
  eden space 177152K, 100% used [0x00000007aab00000,0x00000007b5800000,0x00000007b5800000)
  from space 18944K, 2% used [0x00000007b5800000,0x00000007b5884070,0x00000007b6a80000)
  to   space 18944K, 0% used [0x00000007b6c00000,0x00000007b6c00000,0x00000007b7e80000)
 ParOldGen       total 107520K, used 68457K [0x0000000780000000, 0x0000000786900000, 0x00000007aab00000)
  object space 107520K, 63% used [0x0000000780000000,0x00000007842da568,0x0000000786900000)
 Metaspace       used 26348K, capacity 26695K, committed 27136K, reserved 1075200K
  class space    used 2107K, capacity 2214K, committed 2304K, reserved 1048576K
Event: 44.640 GC heap after
Heap after GC invocations=36 (full 2):
 PSYoungGen      total 197632K, used 496K [0x00000007aab00000, 0x00000007b7e80000, 0x00000007c0000000)
  eden space 178688K, 0% used [0x00000007aab00000,0x00000007aab00000,0x00000007b5980000)
  from space 18944K, 2% used [0x00000007b6c00000,0x00000007b6c7c070,0x00000007b7e80000)
  to   space 18944K, 0% used [0x00000007b5980000,0x00000007b5980000,0x00000007b6c00000)
 ParOldGen       total 107520K, used 68473K [0x0000000780000000, 0x0000000786900000, 0x00000007aab00000)
  object space 107520K, 63% used [0x0000000780000000,0x00000007842de568,0x0000000786900000)
 Metaspace       used 26348K, capacity 26695K, committed 27136K, reserved 1075200K
  class space    used 2107K, capacity 2214K, committed 2304K, reserved 1048576K
}
Event: 45.676 GC heap before
{Heap before GC invocations=37 (full 2):
 PSYoungGen      total 197632K, used 179184K [0x00000007aab00000, 0x00000007b7e80000, 0x00000007c0000000)
  eden space 178688K, 100% used [0x00000007aab00000,0x00000007b5980000,0x00000007b5980000)
  from space 18944K, 2% used [0x00000007b6c00000,0x00000007b6c7c070,0x00000007b7e80000)
  to   space 18944K, 0% used [0x00000007b5980000,0x00000007b5980000,0x00000007b6c00000)
 ParOldGen       total 107520K, used 68473K [0x0000000780000000, 0x0000000786900000, 0x00000007aab00000)
  object space 107520K, 63% used [0x0000000780000000,0x00000007842de568,0x0000000786900000)
 Metaspace       used 26353K, capacity 26695K, committed 27136K, reserved 1075200K
  class space    used 2107K, capacity 2214K, committed 2304K, reserved 1048576K
Event: 45.679 GC heap after
Heap after GC invocations=37 (full 2):
 PSYoungGen      total 197632K, used 496K [0x00000007aab00000, 0x00000007b7e80000, 0x00000007c0000000)
  eden space 178688K, 0% used [0x00000007aab00000,0x00000007aab00000,0x00000007b5980000)
  from space 18944K, 2% used [0x00000007b5980000,0x00000007b59fc070,0x00000007b6c00000)
  to   space 18432K, 0% used [0x00000007b6c80000,0x00000007b6c80000,0x00000007b7e80000)
 ParOldGen       total 107520K, used 68489K [0x0000000780000000, 0x0000000786900000, 0x00000007aab00000)
  object space 107520K, 63% used [0x0000000780000000,0x00000007842e2568,0x0000000786900000)
 Metaspace       used 26353K, capacity 26695K, committed 27136K, reserved 1075200K
  class space    used 2107K, capacity 2214K, committed 2304K, reserved 1048576K
}
Event: 46.715 GC heap before
{Heap before GC invocations=38 (full 2):
 PSYoungGen      total 197632K, used 179184K [0x00000007aab00000, 0x00000007b7e80000, 0x00000007c0000000)
  eden space 178688K, 100% used [0x00000007aab00000,0x00000007b5980000,0x00000007b5980000)
  from space 18944K, 2% used [0x00000007b5980000,0x00000007b59fc070,0x00000007b6c00000)
  to   space 18432K, 0% used [0x00000007b6c80000,0x00000007b6c80000,0x00000007b7e80000)
 ParOldGen       total 107520K, used 68489K [0x0000000780000000, 0x0000000786900000, 0x00000007aab00000)
  object space 107520K, 63% used [0x0000000780000000,0x00000007842e2568,0x0000000786900000)
 Metaspace       used 26353K, capacity 26695K, committed 27136K, reserved 1075200K
  class space    used 2107K, capacity 2214K, committed 2304K, reserved 1048576K
Event: 46.717 GC heap after
Heap after GC invocations=38 (full 2):
 PSYoungGen      total 197120K, used 528K [0x00000007aab00000, 0x00000007b7d80000, 0x00000007c0000000)
  eden space 179712K, 0% used [0x00000007aab00000,0x00000007aab00000,0x00000007b5a80000)
  from space 17408K, 3% used [0x00000007b6c80000,0x00000007b6d04070,0x00000007b7d80000)
  to   space 17920K, 0% used [0x00000007b5a80000,0x00000007b5a80000,0x00000007b6c00000)
 ParOldGen       total 107520K, used 68497K [0x0000000780000000, 0x0000000786900000, 0x00000007aab00000)
  object space 107520K, 63% used [0x0000000780000000,0x00000007842e4568,0x0000000786900000)
 Metaspace       used 26353K, capacity 26695K, committed 27136K, reserved 1075200K
  class space    used 2107K, capacity 2214K, committed 2304K, reserved 1048576K
}
Event: 47.774 GC heap before
{Heap before GC invocations=39 (full 2):
 PSYoungGen      total 197120K, used 180240K [0x00000007aab00000, 0x00000007b7d80000, 0x00000007c0000000)
  eden space 179712K, 100% used [0x00000007aab00000,0x00000007b5a80000,0x00000007b5a80000)
  from space 17408K, 3% used [0x00000007b6c80000,0x00000007b6d04070,0x00000007b7d80000)
  to   space 17920K, 0% used [0x00000007b5a80000,0x00000007b5a80000,0x00000007b6c00000)
 ParOldGen       total 107520K, used 68497K [0x0000000780000000, 0x0000000786900000, 0x00000007aab00000)
  object space 107520K, 63% used [0x0000000780000000,0x00000007842e4568,0x0000000786900000)
 Metaspace       used 26355K, capacity 26695K, committed 27136K, reserved 1075200K
  class space    used 2107K, capacity 2214K, committed 2304K, reserved 1048576K
Event: 47.776 GC heap after
Heap after GC invocations=39 (full 2):
 PSYoungGen      total 197632K, used 496K [0x00000007aab00000, 0x00000007b7d80000, 0x00000007c0000000)
  eden space 179712K, 0% used [0x00000007aab00000,0x00000007aab00000,0x00000007b5a80000)
  from space 17920K, 2% used [0x00000007b5a80000,0x00000007b5afc070,0x00000007b6c00000)
  to   space 17408K, 0% used [0x00000007b6c80000,0x00000007b6c80000,0x00000007b7d80000)
 ParOldGen       total 107520K, used 68505K [0x0000000780000000, 0x0000000786900000, 0x00000007aab00000)
  object space 107520K, 63% used [0x0000000780000000,0x00000007842e6568,0x0000000786900000)
 Metaspace       used 26355K, capacity 26695K, committed 27136K, reserved 1075200K
  class space    used 2107K, capacity 2214K, committed 2304K, reserved 1048576K
}
Event: 48.845 GC heap before
{Heap before GC invocations=40 (full 2):
 PSYoungGen      total 197632K, used 180208K [0x00000007aab00000, 0x00000007b7d80000, 0x00000007c0000000)
  eden space 179712K, 100% used [0x00000007aab00000,0x00000007b5a80000,0x00000007b5a80000)
  from space 17920K, 2% used [0x00000007b5a80000,0x00000007b5afc070,0x00000007b6c00000)
  to   space 17408K, 0% used [0x00000007b6c80000,0x00000007b6c80000,0x00000007b7d80000)
 ParOldGen       total 107520K, used 68505K [0x0000000780000000, 0x0000000786900000, 0x00000007aab00000)
  object space 107520K, 63% used [0x0000000780000000,0x00000007842e6568,0x0000000786900000)
 Metaspace       used 26358K, capacity 26695K, committed 27136K, reserved 1075200K
  class space    used 2107K, capacity 2214K, committed 2304K, reserved 1048576K
Event: 48.847 GC heap after
Heap after GC invocations=40 (full 2):
 PSYoungGen      total 197120K, used 496K [0x00000007aab00000, 0x00000007b7c80000, 0x00000007c0000000)
  eden space 180736K, 0% used [0x00000007aab00000,0x00000007aab00000,0x00000007b5b80000)
  from space 16384K, 3% used [0x00000007b6c80000,0x00000007b6cfc070,0x00000007b7c80000)
  to   space 16896K, 0% used [0x00000007b5b80000,0x00000007b5b80000,0x00000007b6c00000)
 ParOldGen       total 107520K, used 68521K [0x0000000780000000, 0x0000000786900000, 0x00000007aab00000)
  object space 107520K, 63% used [0x0000000780000000,0x00000007842ea568,0x0000000786900000)
 Metaspace       used 26358K, capacity 26695K, committed 27136K, reserved 1075200K
  class space    used 2107K, capacity 2214K, committed 2304K, reserved 1048576K
}

