# JRE version: Java(TM) SE Runtime Environment (8.0_181-b13) (build 1.8.0_181-b13)
# Java VM: Java HotSpot(TM) 64-Bit Server VM (25.181-b13 mixed mode bsd-amd64 compressed oops)
Heap:
 PSYoungGen      total 22016K, used 15448K [0x00000007aab00000, 0x00000007ac180000, 0x00000007c0000000)
  eden space 21504K, 71% used [0x00000007aab00000,0x00000007aba0e288,0x00000007ac000000)
  from space 512K, 6% used [0x00000007ac080000,0x00000007ac088000,0x00000007ac100000)
  to   space 512K, 0% used [0x00000007ac100000,0x00000007ac100000,0x00000007ac180000)
 ParOldGen       total 64512K, used 33541K [0x0000000780000000, 0x0000000783f00000, 0x00000007aab00000)
  object space 64512K, 51% used [0x0000000780000000,0x00000007820c1638,0x0000000783f00000)
 Metaspace       used 25002K, capacity 25399K, committed 25728K, reserved 1073152K
  class space    used 2467K, capacity 2594K, committed 2688K, reserved 1048576K
GC Heap History (10 events):
Event: 7680.871 GC heap before
{Heap before GC invocations=1675 (full 2):
 PSYoungGen      total 22016K, used 21568K [0x00000007aab00000, 0x00000007ac180000, 0x00000007c0000000)
  eden space 21504K, 100% used [0x00000007aab00000,0x00000007ac000000,0x00000007ac000000)
  from space 512K, 12% used [0x00000007ac100000,0x00000007ac110000,0x00000007ac180000)
  to   space 512K, 0% used [0x00000007ac080000,0x00000007ac080000,0x00000007ac100000)
 ParOldGen       total 64512K, used 33541K [0x0000000780000000, 0x0000000783f00000, 0x00000007aab00000)
  object space 64512K, 51% used [0x0000000780000000,0x00000007820c1638,0x0000000783f00000)
 Metaspace       used 24954K, capacity 25363K, committed 25600K, reserved 1073152K
  class space    used 2455K, capacity 2560K, committed 2560K, reserved 1048576K
Event: 7680.873 GC heap after
Heap after GC invocations=1675 (full 2):
 PSYoungGen      total 22016K, used 32K [0x00000007aab00000, 0x00000007ac180000, 0x00000007c0000000)
  eden space 21504K, 0% used [0x00000007aab00000,0x00000007aab00000,0x00000007ac000000)
  from space 512K, 6% used [0x00000007ac080000,0x00000007ac088000,0x00000007ac100000)
  to   space 512K, 0% used [0x00000007ac100000,0x00000007ac100000,0x00000007ac180000)
 ParOldGen       total 64512K, used 33541K [0x0000000780000000, 0x0000000783f00000, 0x00000007aab00000)
  object space 64512K, 51% used [0x0000000780000000,0x00000007820c1638,0x0000000783f00000)
 Metaspace       used 24954K, capacity 25363K, committed 25600K, reserved 1073152K
  class space    used 2455K, capacity 2560K, committed 2560K, reserved 1048576K
}
Event: 7688.670 GC heap before
{Heap before GC invocations=1676 (full 2):
 PSYoungGen      total 22016K, used 21536K [0x00000007aab00000, 0x00000007ac180000, 0x00000007c0000000)
  eden space 21504K, 100% used [0x00000007aab00000,0x00000007ac000000,0x00000007ac000000)
  from space 512K, 6% used [0x00000007ac080000,0x00000007ac088000,0x00000007ac100000)
  to   space 512K, 0% used [0x00000007ac100000,0x00000007ac100000,0x00000007ac180000)
 ParOldGen       total 64512K, used 33541K [0x0000000780000000, 0x0000000783f00000, 0x00000007aab00000)
  object space 64512K, 51% used [0x0000000780000000,0x00000007820c1638,0x0000000783f00000)
 Metaspace       used 24954K, capacity 25363K, committed 25600K, reserved 1073152K
  class space    used 2455K, capacity 2560K, committed 2560K, reserved 1048576K
Event: 7688.672 GC heap after
Heap after GC invocations=1676 (full 2):
 PSYoungGen      total 22016K, used 64K [0x00000007aab00000, 0x00000007ac180000, 0x00000007c0000000)
  eden space 21504K, 0% used [0x00000007aab00000,0x00000007aab00000,0x00000007ac000000)
  from space 512K, 12% used [0x00000007ac100000,0x00000007ac110000,0x00000007ac180000)
  to   space 512K, 0% used [0x00000007ac080000,0x00000007ac080000,0x00000007ac100000)
 ParOldGen       total 64512K, used 33541K [0x0000000780000000, 0x0000000783f00000, 0x00000007aab00000)
  object space 64512K, 51% used [0x0000000780000000,0x00000007820c1638,0x0000000783f00000)
 Metaspace       used 24954K, capacity 25363K, committed 25600K, reserved 1073152K
  class space    used 2455K, capacity 2560K, committed 2560K, reserved 1048576K
}
Event: 7696.360 GC heap before
{Heap before GC invocations=1677 (full 2):
 PSYoungGen      total 22016K, used 21568K [0x00000007aab00000, 0x00000007ac180000, 0x00000007c0000000)
  eden space 21504K, 100% used [0x00000007aab00000,0x00000007ac000000,0x00000007ac000000)
  from space 512K, 12% used [0x00000007ac100000,0x00000007ac110000,0x00000007ac180000)
  to   space 512K, 0% used [0x00000007ac080000,0x00000007ac080000,0x00000007ac100000)
 ParOldGen       total 64512K, used 33541K [0x0000000780000000, 0x0000000783f00000, 0x00000007aab00000)
  object space 64512K, 51% used [0x0000000780000000,0x00000007820c1638,0x0000000783f00000)
 Metaspace       used 24954K, capacity 25363K, committed 25600K, reserved 1073152K
  class space    used 2455K, capacity 2560K, committed 2560K, reserved 1048576K
Event: 7696.362 GC heap after
Heap after GC invocations=1677 (full 2):
 PSYoungGen      total 22016K, used 64K [0x00000007aab00000, 0x00000007ac180000, 0x00000007c0000000)
  eden space 21504K, 0% used [0x00000007aab00000,0x00000007aab00000,0x00000007ac000000)
  from space 512K, 12% used [0x00000007ac080000,0x00000007ac090000,0x00000007ac100000)
  to   space 512K, 0% used [0x00000007ac100000,0x00000007ac100000,0x00000007ac180000)
 ParOldGen       total 64512K, used 33541K [0x0000000780000000, 0x0000000783f00000, 0x00000007aab00000)
  object space 64512K, 51% used [0x0000000780000000,0x00000007820c1638,0x0000000783f00000)
 Metaspace       used 24954K, capacity 25363K, committed 25600K, reserved 1073152K
  class space    used 2455K, capacity 2560K, committed 2560K, reserved 1048576K
}
Event: 7706.606 GC heap before
{Heap before GC invocations=1678 (full 2):
 PSYoungGen      total 22016K, used 21568K [0x00000007aab00000, 0x00000007ac180000, 0x00000007c0000000)
  eden space 21504K, 100% used [0x00000007aab00000,0x00000007ac000000,0x00000007ac000000)
  from space 512K, 12% used [0x00000007ac080000,0x00000007ac090000,0x00000007ac100000)
  to   space 512K, 0% used [0x00000007ac100000,0x00000007ac100000,0x00000007ac180000)
 ParOldGen       total 64512K, used 33541K [0x0000000780000000, 0x0000000783f00000, 0x00000007aab00000)
  object space 64512K, 51% used [0x0000000780000000,0x00000007820c1638,0x0000000783f00000)
 Metaspace       used 24954K, capacity 25363K, committed 25600K, reserved 1073152K
  class space    used 2455K, capacity 2560K, committed 2560K, reserved 1048576K
Event: 7706.608 GC heap after
Heap after GC invocations=1678 (full 2):
 PSYoungGen      total 22016K, used 64K [0x00000007aab00000, 0x00000007ac180000, 0x00000007c0000000)
  eden space 21504K, 0% used [0x00000007aab00000,0x00000007aab00000,0x00000007ac000000)
  from space 512K, 12% used [0x00000007ac100000,0x00000007ac110000,0x00000007ac180000)
  to   space 512K, 0% used [0x00000007ac080000,0x00000007ac080000,0x00000007ac100000)
 ParOldGen       total 64512K, used 33541K [0x0000000780000000, 0x0000000783f00000, 0x00000007aab00000)
  object space 64512K, 51% used [0x0000000780000000,0x00000007820c1638,0x0000000783f00000)
 Metaspace       used 24954K, capacity 25363K, committed 25600K, reserved 1073152K
  class space    used 2455K, capacity 2560K, committed 2560K, reserved 1048576K
}
Event: 7720.653 GC heap before
{Heap before GC invocations=1679 (full 2):
 PSYoungGen      total 22016K, used 21568K [0x00000007aab00000, 0x00000007ac180000, 0x00000007c0000000)
  eden space 21504K, 100% used [0x00000007aab00000,0x00000007ac000000,0x00000007ac000000)
  from space 512K, 12% used [0x00000007ac100000,0x00000007ac110000,0x00000007ac180000)
  to   space 512K, 0% used [0x00000007ac080000,0x00000007ac080000,0x00000007ac100000)
 ParOldGen       total 64512K, used 33541K [0x0000000780000000, 0x0000000783f00000, 0x00000007aab00000)
  object space 64512K, 51% used [0x0000000780000000,0x00000007820c1638,0x0000000783f00000)
 Metaspace       used 24954K, capacity 25363K, committed 25600K, reserved 1073152K
  class space    used 2455K, capacity 2560K, committed 2560K, reserved 1048576K
Event: 7720.656 GC heap after
Heap after GC invocations=1679 (full 2):
 PSYoungGen      total 22016K, used 32K [0x00000007aab00000, 0x00000007ac180000, 0x00000007c0000000)
  eden space 21504K, 0% used [0x00000007aab00000,0x00000007aab00000,0x00000007ac000000)
  from space 512K, 6% used [0x00000007ac080000,0x00000007ac088000,0x00000007ac100000)
  to   space 512K, 0% used [0x00000007ac100000,0x00000007ac100000,0x00000007ac180000)
 ParOldGen       total 64512K, used 33541K [0x0000000780000000, 0x0000000783f00000, 0x00000007aab00000)
  object space 64512K, 51% used [0x0000000780000000,0x00000007820c1638,0x0000000783f00000)
 Metaspace       used 24954K, capacity 25363K, committed 25600K, reserved 1073152K
  class space    used 2455K, capacity 2560K, committed 2560K, reserved 1048576K
}

