# JRE version: Java(TM) SE Runtime Environment (8.0_181-b13) (build 1.8.0_181-b13)
# Java VM: Java HotSpot(TM) 64-Bit Server VM (25.181-b13 mixed mode bsd-amd64 compressed oops)
Heap:
 PSYoungGen      total 112640K, used 41155K [0x00000007aab00000, 0x00000007b6b00000, 0x00000007c0000000)
  eden space 75776K, 54% used [0x00000007aab00000,0x00000007ad330ca8,0x00000007af500000)
  from space 36864K, 0% used [0x00000007af500000,0x00000007af500000,0x00000007b1900000)
  to   space 39424K, 0% used [0x00000007b4480000,0x00000007b4480000,0x00000007b6b00000)
 ParOldGen       total 109056K, used 63517K [0x0000000780000000, 0x0000000786a80000, 0x00000007aab00000)
  object space 109056K, 58% used [0x0000000780000000,0x0000000783e074b0,0x0000000786a80000)
 Metaspace       used 18481K, capacity 18779K, committed 18944K, reserved 1067008K
  class space    used 1904K, capacity 2021K, committed 2048K, reserved 1048576K
GC Heap History (10 events):
Event: 20.834 GC heap before
{Heap before GC invocations=9 (full 1):
 PSYoungGen      total 74752K, used 19440K [0x00000007aab00000, 0x00000007b1c00000, 0x00000007c0000000)
  eden space 55296K, 0% used [0x00000007aab00000,0x00000007aab00000,0x00000007ae100000)
  from space 19456K, 99% used [0x00000007afb00000,0x00000007b0dfc1d8,0x00000007b0e00000)
  to   space 26624K, 0% used [0x00000007ae100000,0x00000007ae100000,0x00000007afb00000)
 ParOldGen       total 44032K, used 37169K [0x0000000780000000, 0x0000000782b00000, 0x00000007aab00000)
  object space 44032K, 84% used [0x0000000780000000,0x000000078244c608,0x0000000782b00000)
 Metaspace       used 18253K, capacity 18581K, committed 18688K, reserved 1067008K
  class space    used 1892K, capacity 2020K, committed 2048K, reserved 1048576K
Event: 21.448 GC heap after
Heap after GC invocations=9 (full 1):
 PSYoungGen      total 74752K, used 0K [0x00000007aab00000, 0x00000007b1c00000, 0x00000007c0000000)
  eden space 55296K, 0% used [0x00000007aab00000,0x00000007aab00000,0x00000007ae100000)
  from space 19456K, 0% used [0x00000007afb00000,0x00000007afb00000,0x00000007b0e00000)
  to   space 26624K, 0% used [0x00000007ae100000,0x00000007ae100000,0x00000007afb00000)
 ParOldGen       total 73216K, used 42986K [0x0000000780000000, 0x0000000784780000, 0x00000007aab00000)
  object space 73216K, 58% used [0x0000000780000000,0x00000007829faaa0,0x0000000784780000)
 Metaspace       used 18253K, capacity 18581K, committed 18688K, reserved 1067008K
  class space    used 1892K, capacity 2020K, committed 2048K, reserved 1048576K
}
Event: 21.725 GC heap before
{Heap before GC invocations=10 (full 1):
 PSYoungGen      total 74752K, used 55296K [0x00000007aab00000, 0x00000007b1c00000, 0x00000007c0000000)
  eden space 55296K, 100% used [0x00000007aab00000,0x00000007ae100000,0x00000007ae100000)
  from space 19456K, 0% used [0x00000007afb00000,0x00000007afb00000,0x00000007b0e00000)
  to   space 26624K, 0% used [0x00000007ae100000,0x00000007ae100000,0x00000007afb00000)
 ParOldGen       total 73216K, used 42986K [0x0000000780000000, 0x0000000784780000, 0x00000007aab00000)
  object space 73216K, 58% used [0x0000000780000000,0x00000007829faaa0,0x0000000784780000)
 Metaspace       used 18254K, capacity 18581K, committed 18688K, reserved 1067008K
  class space    used 1892K, capacity 2020K, committed 2048K, reserved 1048576K
Event: 21.838 GC heap after
Heap after GC invocations=10 (full 1):
 PSYoungGen      total 81920K, used 20451K [0x00000007aab00000, 0x00000007b3480000, 0x00000007c0000000)
  eden space 55296K, 0% used [0x00000007aab00000,0x00000007aab00000,0x00000007ae100000)
  from space 26624K, 76% used [0x00000007ae100000,0x00000007af4f8fc0,0x00000007afb00000)
  to   space 28160K, 0% used [0x00000007b1900000,0x00000007b1900000,0x00000007b3480000)
 ParOldGen       total 73216K, used 42986K [0x0000000780000000, 0x0000000784780000, 0x00000007aab00000)
  object space 73216K, 58% used [0x0000000780000000,0x00000007829faaa0,0x0000000784780000)
 Metaspace       used 18254K, capacity 18581K, committed 18688K, reserved 1067008K
  class space    used 1892K, capacity 2020K, committed 2048K, reserved 1048576K
}
Event: 22.016 GC heap before
{Heap before GC invocations=11 (full 1):
 PSYoungGen      total 81920K, used 75747K [0x00000007aab00000, 0x00000007b3480000, 0x00000007c0000000)
  eden space 55296K, 100% used [0x00000007aab00000,0x00000007ae100000,0x00000007ae100000)
  from space 26624K, 76% used [0x00000007ae100000,0x00000007af4f8fc0,0x00000007afb00000)
  to   space 28160K, 0% used [0x00000007b1900000,0x00000007b1900000,0x00000007b3480000)
 ParOldGen       total 73216K, used 42986K [0x0000000780000000, 0x0000000784780000, 0x00000007aab00000)
  object space 73216K, 58% used [0x0000000780000000,0x00000007829faaa0,0x0000000784780000)
 Metaspace       used 18254K, capacity 18581K, committed 18688K, reserved 1067008K
  class space    used 1892K, capacity 2020K, committed 2048K, reserved 1048576K
Event: 22.218 GC heap after
Heap after GC invocations=11 (full 1):
 PSYoungGen      total 103936K, used 28144K [0x00000007aab00000, 0x00000007b4680000, 0x00000007c0000000)
  eden space 75776K, 0% used [0x00000007aab00000,0x00000007aab00000,0x00000007af500000)
  from space 28160K, 99% used [0x00000007b1900000,0x00000007b347c1b8,0x00000007b3480000)
  to   space 36864K, 0% used [0x00000007af500000,0x00000007af500000,0x00000007b1900000)
 ParOldGen       total 73216K, used 53935K [0x0000000780000000, 0x0000000784780000, 0x00000007aab00000)
  object space 73216K, 73% used [0x0000000780000000,0x00000007834abd28,0x0000000784780000)
 Metaspace       used 18254K, capacity 18581K, committed 18688K, reserved 1067008K
  class space    used 1892K, capacity 2020K, committed 2048K, reserved 1048576K
}
Event: 22.596 GC heap before
{Heap before GC invocations=12 (full 1):
 PSYoungGen      total 103936K, used 103920K [0x00000007aab00000, 0x00000007b4680000, 0x00000007c0000000)
  eden space 75776K, 100% used [0x00000007aab00000,0x00000007af500000,0x00000007af500000)
  from space 28160K, 99% used [0x00000007b1900000,0x00000007b347c1b8,0x00000007b3480000)
  to   space 36864K, 0% used [0x00000007af500000,0x00000007af500000,0x00000007b1900000)
 ParOldGen       total 73216K, used 53935K [0x0000000780000000, 0x0000000784780000, 0x00000007aab00000)
  object space 73216K, 73% used [0x0000000780000000,0x00000007834abd28,0x0000000784780000)
 Metaspace       used 18260K, capacity 18581K, committed 18688K, reserved 1067008K
  class space    used 1892K, capacity 2020K, committed 2048K, reserved 1048576K
Event: 22.819 GC heap after
Heap after GC invocations=12 (full 1):
 PSYoungGen      total 112640K, used 27878K [0x00000007aab00000, 0x00000007b6b00000, 0x00000007c0000000)
  eden space 75776K, 0% used [0x00000007aab00000,0x00000007aab00000,0x00000007af500000)
  from space 36864K, 75% used [0x00000007af500000,0x00000007b1039938,0x00000007b1900000)
  to   space 39424K, 0% used [0x00000007b4480000,0x00000007b4480000,0x00000007b6b00000)
 ParOldGen       total 80384K, used 79893K [0x0000000780000000, 0x0000000784e80000, 0x00000007aab00000)
  object space 80384K, 99% used [0x0000000780000000,0x0000000784e054c8,0x0000000784e80000)
 Metaspace       used 18260K, capacity 18581K, committed 18688K, reserved 1067008K
  class space    used 1892K, capacity 2020K, committed 2048K, reserved 1048576K
}
Event: 22.819 GC heap before
{Heap before GC invocations=13 (full 2):
 PSYoungGen      total 112640K, used 27878K [0x00000007aab00000, 0x00000007b6b00000, 0x00000007c0000000)
  eden space 75776K, 0% used [0x00000007aab00000,0x00000007aab00000,0x00000007af500000)
  from space 36864K, 75% used [0x00000007af500000,0x00000007b1039938,0x00000007b1900000)
  to   space 39424K, 0% used [0x00000007b4480000,0x00000007b4480000,0x00000007b6b00000)
 ParOldGen       total 80384K, used 79893K [0x0000000780000000, 0x0000000784e80000, 0x00000007aab00000)
  object space 80384K, 99% used [0x0000000780000000,0x0000000784e054c8,0x0000000784e80000)
 Metaspace       used 18260K, capacity 18581K, committed 18688K, reserved 1067008K
  class space    used 1892K, capacity 2020K, committed 2048K, reserved 1048576K
Event: 23.480 GC heap after
Heap after GC invocations=13 (full 2):
 PSYoungGen      total 112640K, used 0K [0x00000007aab00000, 0x00000007b6b00000, 0x00000007c0000000)
  eden space 75776K, 0% used [0x00000007aab00000,0x00000007aab00000,0x00000007af500000)
  from space 36864K, 0% used [0x00000007af500000,0x00000007af500000,0x00000007b1900000)
  to   space 39424K, 0% used [0x00000007b4480000,0x00000007b4480000,0x00000007b6b00000)
 ParOldGen       total 109056K, used 63517K [0x0000000780000000, 0x0000000786a80000, 0x00000007aab00000)
  object space 109056K, 58% used [0x0000000780000000,0x0000000783e074b0,0x0000000786a80000)
 Metaspace       used 18260K, capacity 18581K, committed 18688K, reserved 1067008K
  class space    used 1892K, capacity 2020K, committed 2048K, reserved 1048576K
}

