# JRE version: Java(TM) SE Runtime Environment (8.0_181-b13) (build 1.8.0_181-b13)
# Java VM: Java HotSpot(TM) 64-Bit Server VM (25.181-b13 mixed mode bsd-amd64 compressed oops)
Heap:
 PSYoungGen      total 285696K, used 29263K [0x00000007aab00000, 0x00000007be380000, 0x00000007c0000000)
  eden space 262656K, 11% used [0x00000007aab00000,0x00000007ac783fa8,0x00000007bab80000)
  from space 23040K, 0% used [0x00000007bcd00000,0x00000007bcd10000,0x00000007be380000)
  to   space 28672K, 0% used [0x00000007bab80000,0x00000007bab80000,0x00000007bc780000)
 ParOldGen       total 80384K, used 55874K [0x0000000780000000, 0x0000000784e80000, 0x00000007aab00000)
  object space 80384K, 69% used [0x0000000780000000,0x00000007836909a8,0x0000000784e80000)
 Metaspace       used 19342K, capacity 19749K, committed 20096K, reserved 1067008K
  class space    used 1955K, capacity 2070K, committed 2176K, reserved 1048576K
GC Heap History (10 events):
Event: 52.160 GC heap before
{Heap before GC invocations=9 (full 1):
 PSYoungGen      total 81920K, used 66275K [0x00000007aab00000, 0x00000007b6300000, 0x00000007c0000000)
  eden space 62464K, 100% used [0x00000007aab00000,0x00000007ae800000,0x00000007ae800000)
  from space 19456K, 19% used [0x00000007ae800000,0x00000007aebb8ea0,0x00000007afb00000)
  to   space 31744K, 0% used [0x00000007b4400000,0x00000007b4400000,0x00000007b6300000)
 ParOldGen       total 80384K, used 44225K [0x0000000780000000, 0x0000000784e80000, 0x00000007aab00000)
  object space 80384K, 55% used [0x0000000780000000,0x0000000782b30718,0x0000000784e80000)
 Metaspace       used 18935K, capacity 19241K, committed 19584K, reserved 1067008K
  class space    used 1926K, capacity 2054K, committed 2176K, reserved 1048576K
Event: 52.197 GC heap after
Heap after GC invocations=9 (full 1):
 PSYoungGen      total 142336K, used 7616K [0x00000007aab00000, 0x00000007b5b00000, 0x00000007c0000000)
  eden space 118784K, 0% used [0x00000007aab00000,0x00000007aab00000,0x00000007b1f00000)
  from space 23552K, 32% used [0x00000007b4400000,0x00000007b4b700f0,0x00000007b5b00000)
  to   space 30720K, 0% used [0x00000007b1f00000,0x00000007b1f00000,0x00000007b3d00000)
 ParOldGen       total 80384K, used 44233K [0x0000000780000000, 0x0000000784e80000, 0x00000007aab00000)
  object space 80384K, 55% used [0x0000000780000000,0x0000000782b32718,0x0000000784e80000)
 Metaspace       used 18935K, capacity 19241K, committed 19584K, reserved 1067008K
  class space    used 1926K, capacity 2054K, committed 2176K, reserved 1048576K
}
Event: 54.340 GC heap before
{Heap before GC invocations=10 (full 1):
 PSYoungGen      total 142336K, used 126400K [0x00000007aab00000, 0x00000007b5b00000, 0x00000007c0000000)
  eden space 118784K, 100% used [0x00000007aab00000,0x00000007b1f00000,0x00000007b1f00000)
  from space 23552K, 32% used [0x00000007b4400000,0x00000007b4b700f0,0x00000007b5b00000)
  to   space 30720K, 0% used [0x00000007b1f00000,0x00000007b1f00000,0x00000007b3d00000)
 ParOldGen       total 80384K, used 44233K [0x0000000780000000, 0x0000000784e80000, 0x00000007aab00000)
  object space 80384K, 55% used [0x0000000780000000,0x0000000782b32718,0x0000000784e80000)
 Metaspace       used 19148K, capacity 19547K, committed 19840K, reserved 1067008K
  class space    used 1938K, capacity 2067K, committed 2176K, reserved 1048576K
Event: 54.395 GC heap after
Heap after GC invocations=10 (full 1):
 PSYoungGen      total 149504K, used 8992K [0x00000007aab00000, 0x00000007b9580000, 0x00000007c0000000)
  eden space 118784K, 0% used [0x00000007aab00000,0x00000007aab00000,0x00000007b1f00000)
  from space 30720K, 29% used [0x00000007b1f00000,0x00000007b27c81f0,0x00000007b3d00000)
  to   space 29184K, 0% used [0x00000007b7900000,0x00000007b7900000,0x00000007b9580000)
 ParOldGen       total 80384K, used 46953K [0x0000000780000000, 0x0000000784e80000, 0x00000007aab00000)
  object space 80384K, 58% used [0x0000000780000000,0x0000000782dda718,0x0000000784e80000)
 Metaspace       used 19148K, capacity 19547K, committed 19840K, reserved 1067008K
  class space    used 1938K, capacity 2067K, committed 2176K, reserved 1048576K
}
Event: 56.486 GC heap before
{Heap before GC invocations=11 (full 1):
 PSYoungGen      total 149504K, used 127776K [0x00000007aab00000, 0x00000007b9580000, 0x00000007c0000000)
  eden space 118784K, 100% used [0x00000007aab00000,0x00000007b1f00000,0x00000007b1f00000)
  from space 30720K, 29% used [0x00000007b1f00000,0x00000007b27c81f0,0x00000007b3d00000)
  to   space 29184K, 0% used [0x00000007b7900000,0x00000007b7900000,0x00000007b9580000)
 ParOldGen       total 80384K, used 46953K [0x0000000780000000, 0x0000000784e80000, 0x00000007aab00000)
  object space 80384K, 58% used [0x0000000780000000,0x0000000782dda718,0x0000000784e80000)
 Metaspace       used 19200K, capacity 19617K, committed 19840K, reserved 1067008K
  class space    used 1939K, capacity 2068K, committed 2176K, reserved 1048576K
Event: 56.516 GC heap after
Heap after GC invocations=11 (full 1):
 PSYoungGen      total 205824K, used 4192K [0x00000007aab00000, 0x00000007b9280000, 0x00000007c0000000)
  eden space 179712K, 0% used [0x00000007aab00000,0x00000007aab00000,0x00000007b5a80000)
  from space 26112K, 16% used [0x00000007b7900000,0x00000007b7d18100,0x00000007b9280000)
  to   space 28672K, 0% used [0x00000007b5a80000,0x00000007b5a80000,0x00000007b7680000)
 ParOldGen       total 80384K, used 51714K [0x0000000780000000, 0x0000000784e80000, 0x00000007aab00000)
  object space 80384K, 64% used [0x0000000780000000,0x00000007832808a8,0x0000000784e80000)
 Metaspace       used 19200K, capacity 19617K, committed 19840K, reserved 1067008K
  class space    used 1939K, capacity 2068K, committed 2176K, reserved 1048576K
}
Event: 59.771 GC heap before
{Heap before GC invocations=12 (full 1):
 PSYoungGen      total 205824K, used 183904K [0x00000007aab00000, 0x00000007b9280000, 0x00000007c0000000)
  eden space 179712K, 100% used [0x00000007aab00000,0x00000007b5a80000,0x00000007b5a80000)
  from space 26112K, 16% used [0x00000007b7900000,0x00000007b7d18100,0x00000007b9280000)
  to   space 28672K, 0% used [0x00000007b5a80000,0x00000007b5a80000,0x00000007b7680000)
 ParOldGen       total 80384K, used 51714K [0x0000000780000000, 0x0000000784e80000, 0x00000007aab00000)
  object space 80384K, 64% used [0x0000000780000000,0x00000007832808a8,0x0000000784e80000)
 Metaspace       used 19235K, capacity 19617K, committed 19840K, reserved 1067008K
  class space    used 1939K, capacity 2068K, committed 2176K, reserved 1048576K
Event: 59.805 GC heap after
Heap after GC invocations=12 (full 1):
 PSYoungGen      total 208384K, used 64K [0x00000007aab00000, 0x00000007be980000, 0x00000007c0000000)
  eden space 179712K, 0% used [0x00000007aab00000,0x00000007aab00000,0x00000007b5a80000)
  from space 28672K, 0% used [0x00000007b5a80000,0x00000007b5a90000,0x00000007b7680000)
  to   space 29184K, 0% used [0x00000007bcd00000,0x00000007bcd00000,0x00000007be980000)
 ParOldGen       total 80384K, used 55866K [0x0000000780000000, 0x0000000784e80000, 0x00000007aab00000)
  object space 80384K, 69% used [0x0000000780000000,0x000000078368e9a8,0x0000000784e80000)
 Metaspace       used 19235K, capacity 19617K, committed 19840K, reserved 1067008K
  class space    used 1939K, capacity 2068K, committed 2176K, reserved 1048576K
}
Event: 63.081 GC heap before
{Heap before GC invocations=13 (full 1):
 PSYoungGen      total 208384K, used 179776K [0x00000007aab00000, 0x00000007be980000, 0x00000007c0000000)
  eden space 179712K, 100% used [0x00000007aab00000,0x00000007b5a80000,0x00000007b5a80000)
  from space 28672K, 0% used [0x00000007b5a80000,0x00000007b5a90000,0x00000007b7680000)
  to   space 29184K, 0% used [0x00000007bcd00000,0x00000007bcd00000,0x00000007be980000)
 ParOldGen       total 80384K, used 55866K [0x0000000780000000, 0x0000000784e80000, 0x00000007aab00000)
  object space 80384K, 69% used [0x0000000780000000,0x000000078368e9a8,0x0000000784e80000)
 Metaspace       used 19280K, capacity 19617K, committed 19840K, reserved 1067008K
  class space    used 1943K, capacity 2068K, committed 2176K, reserved 1048576K
Event: 63.084 GC heap after
Heap after GC invocations=13 (full 1):
 PSYoungGen      total 285696K, used 64K [0x00000007aab00000, 0x00000007be380000, 0x00000007c0000000)
  eden space 262656K, 0% used [0x00000007aab00000,0x00000007aab00000,0x00000007bab80000)
  from space 23040K, 0% used [0x00000007bcd00000,0x00000007bcd10000,0x00000007be380000)
  to   space 28672K, 0% used [0x00000007bab80000,0x00000007bab80000,0x00000007bc780000)
 ParOldGen       total 80384K, used 55874K [0x0000000780000000, 0x0000000784e80000, 0x00000007aab00000)
  object space 80384K, 69% used [0x0000000780000000,0x00000007836909a8,0x0000000784e80000)
 Metaspace       used 19280K, capacity 19617K, committed 19840K, reserved 1067008K
  class space    used 1943K, capacity 2068K, committed 2176K, reserved 1048576K
}

