# JRE version: Java(TM) SE Runtime Environment (8.0_181-b13) (build 1.8.0_181-b13)
# Java VM: Java HotSpot(TM) 64-Bit Server VM (25.181-b13 mixed mode bsd-amd64 compressed oops)
Heap:
 PSYoungGen      total 315904K, used 222136K [0x00000007aab00000, 0x00000007bfc00000, 0x00000007c0000000)
  eden space 289792K, 74% used [0x00000007aab00000,0x00000007b7eb6170,0x00000007bc600000)
  from space 26112K, 20% used [0x00000007be280000,0x00000007be7b81a0,0x00000007bfc00000)
  to   space 27648K, 0% used [0x00000007bc600000,0x00000007bc600000,0x00000007be100000)
 ParOldGen       total 86528K, used 66833K [0x0000000780000000, 0x0000000785480000, 0x00000007aab00000)
  object space 86528K, 77% used [0x0000000780000000,0x0000000784144488,0x0000000785480000)
 Metaspace       used 26406K, capacity 26747K, committed 27136K, reserved 1075200K
  class space    used 2122K, capacity 2216K, committed 2304K, reserved 1048576K
GC Heap History (10 events):
Event: 39.235 GC heap before
{Heap before GC invocations=23 (full 1):
 PSYoungGen      total 267776K, used 257949K [0x00000007aab00000, 0x00000007be200000, 0x00000007c0000000)
  eden space 239104K, 100% used [0x00000007aab00000,0x00000007b9480000,0x00000007b9480000)
  from space 28672K, 65% used [0x00000007b9480000,0x00000007ba6e7510,0x00000007bb080000)
  to   space 28672K, 0% used [0x00000007bc600000,0x00000007bc600000,0x00000007be200000)
 ParOldGen       total 86528K, used 53025K [0x0000000780000000, 0x0000000785480000, 0x00000007aab00000)
  object space 86528K, 61% used [0x0000000780000000,0x00000007833c87a0,0x0000000785480000)
 Metaspace       used 26249K, capacity 26615K, committed 26880K, reserved 1073152K
  class space    used 2109K, capacity 2214K, committed 2304K, reserved 1048576K
Event: 39.285 GC heap after
Heap after GC invocations=23 (full 1):
 PSYoungGen      total 287744K, used 18861K [0x00000007aab00000, 0x00000007be080000, 0x00000007c0000000)
  eden space 260608K, 0% used [0x00000007aab00000,0x00000007aab00000,0x00000007ba980000)
  from space 27136K, 69% used [0x00000007bc600000,0x00000007bd86b520,0x00000007be080000)
  to   space 28160K, 0% used [0x00000007ba980000,0x00000007ba980000,0x00000007bc500000)
 ParOldGen       total 86528K, used 53033K [0x0000000780000000, 0x0000000785480000, 0x00000007aab00000)
  object space 86528K, 61% used [0x0000000780000000,0x00000007833ca7a0,0x0000000785480000)
 Metaspace       used 26249K, capacity 26615K, committed 26880K, reserved 1073152K
  class space    used 2109K, capacity 2214K, committed 2304K, reserved 1048576K
}
Event: 41.359 GC heap before
{Heap before GC invocations=24 (full 1):
 PSYoungGen      total 287744K, used 279469K [0x00000007aab00000, 0x00000007be080000, 0x00000007c0000000)
  eden space 260608K, 100% used [0x00000007aab00000,0x00000007ba980000,0x00000007ba980000)
  from space 27136K, 69% used [0x00000007bc600000,0x00000007bd86b520,0x00000007be080000)
  to   space 28160K, 0% used [0x00000007ba980000,0x00000007ba980000,0x00000007bc500000)
 ParOldGen       total 86528K, used 53033K [0x0000000780000000, 0x0000000785480000, 0x00000007aab00000)
  object space 86528K, 61% used [0x0000000780000000,0x00000007833ca7a0,0x0000000785480000)
 Metaspace       used 26281K, capacity 26615K, committed 26880K, reserved 1073152K
  class space    used 2109K, capacity 2214K, committed 2304K, reserved 1048576K
Event: 41.414 GC heap after
Heap after GC invocations=24 (full 1):
 PSYoungGen      total 288768K, used 11129K [0x00000007aab00000, 0x00000007bf700000, 0x00000007c0000000)
  eden space 260608K, 0% used [0x00000007aab00000,0x00000007aab00000,0x00000007ba980000)
  from space 28160K, 39% used [0x00000007ba980000,0x00000007bb45e610,0x00000007bc500000)
  to   space 28160K, 0% used [0x00000007bdb80000,0x00000007bdb80000,0x00000007bf700000)
 ParOldGen       total 86528K, used 60769K [0x0000000780000000, 0x0000000785480000, 0x00000007aab00000)
  object space 86528K, 70% used [0x0000000780000000,0x0000000783b586d0,0x0000000785480000)
 Metaspace       used 26281K, capacity 26615K, committed 26880K, reserved 1073152K
  class space    used 2109K, capacity 2214K, committed 2304K, reserved 1048576K
}
Event: 839.854 GC heap before
{Heap before GC invocations=25 (full 1):
 PSYoungGen      total 288768K, used 271737K [0x00000007aab00000, 0x00000007bf700000, 0x00000007c0000000)
  eden space 260608K, 100% used [0x00000007aab00000,0x00000007ba980000,0x00000007ba980000)
  from space 28160K, 39% used [0x00000007ba980000,0x00000007bb45e610,0x00000007bc500000)
  to   space 28160K, 0% used [0x00000007bdb80000,0x00000007bdb80000,0x00000007bf700000)
 ParOldGen       total 86528K, used 60769K [0x0000000780000000, 0x0000000785480000, 0x00000007aab00000)
  object space 86528K, 70% used [0x0000000780000000,0x0000000783b586d0,0x0000000785480000)
 Metaspace       used 26297K, capacity 26615K, committed 26880K, reserved 1073152K
  class space    used 2110K, capacity 2214K, committed 2304K, reserved 1048576K
Event: 839.900 GC heap after
Heap after GC invocations=25 (full 1):
 PSYoungGen      total 301568K, used 11113K [0x00000007aab00000, 0x00000007bf180000, 0x00000007c0000000)
  eden space 279040K, 0% used [0x00000007aab00000,0x00000007aab00000,0x00000007bbb80000)
  from space 22528K, 49% used [0x00000007bdb80000,0x00000007be65a780,0x00000007bf180000)
  to   space 27648K, 0% used [0x00000007bbb80000,0x00000007bbb80000,0x00000007bd680000)
 ParOldGen       total 86528K, used 60793K [0x0000000780000000, 0x0000000785480000, 0x00000007aab00000)
  object space 86528K, 70% used [0x0000000780000000,0x0000000783b5e6d0,0x0000000785480000)
 Metaspace       used 26297K, capacity 26615K, committed 26880K, reserved 1073152K
  class space    used 2110K, capacity 2214K, committed 2304K, reserved 1048576K
}
Event: 844.624 GC heap before
{Heap before GC invocations=26 (full 1):
 PSYoungGen      total 301568K, used 290153K [0x00000007aab00000, 0x00000007bf180000, 0x00000007c0000000)
  eden space 279040K, 100% used [0x00000007aab00000,0x00000007bbb80000,0x00000007bbb80000)
  from space 22528K, 49% used [0x00000007bdb80000,0x00000007be65a780,0x00000007bf180000)
  to   space 27648K, 0% used [0x00000007bbb80000,0x00000007bbb80000,0x00000007bd680000)
 ParOldGen       total 86528K, used 60793K [0x0000000780000000, 0x0000000785480000, 0x00000007aab00000)
  object space 86528K, 70% used [0x0000000780000000,0x0000000783b5e6d0,0x0000000785480000)
 Metaspace       used 26322K, capacity 26679K, committed 26880K, reserved 1073152K
  class space    used 2110K, capacity 2214K, committed 2304K, reserved 1048576K
Event: 844.656 GC heap after
Heap after GC invocations=26 (full 1):
 PSYoungGen      total 306688K, used 11737K [0x00000007aab00000, 0x00000007bfd00000, 0x00000007c0000000)
  eden space 279040K, 0% used [0x00000007aab00000,0x00000007aab00000,0x00000007bbb80000)
  from space 27648K, 42% used [0x00000007bbb80000,0x00000007bc6f6640,0x00000007bd680000)
  to   space 27136K, 0% used [0x00000007be280000,0x00000007be280000,0x00000007bfd00000)
 ParOldGen       total 86528K, used 60809K [0x0000000780000000, 0x0000000785480000, 0x00000007aab00000)
  object space 86528K, 70% used [0x0000000780000000,0x0000000783b626d0,0x0000000785480000)
 Metaspace       used 26322K, capacity 26679K, committed 26880K, reserved 1073152K
  class space    used 2110K, capacity 2214K, committed 2304K, reserved 1048576K
}
Event: 847.242 GC heap before
{Heap before GC invocations=27 (full 1):
 PSYoungGen      total 306688K, used 290777K [0x00000007aab00000, 0x00000007bfd00000, 0x00000007c0000000)
  eden space 279040K, 100% used [0x00000007aab00000,0x00000007bbb80000,0x00000007bbb80000)
  from space 27648K, 42% used [0x00000007bbb80000,0x00000007bc6f6640,0x00000007bd680000)
  to   space 27136K, 0% used [0x00000007be280000,0x00000007be280000,0x00000007bfd00000)
 ParOldGen       total 86528K, used 60809K [0x0000000780000000, 0x0000000785480000, 0x00000007aab00000)
  object space 86528K, 70% used [0x0000000780000000,0x0000000783b626d0,0x0000000785480000)
 Metaspace       used 26330K, capacity 26679K, committed 26880K, reserved 1073152K
  class space    used 2110K, capacity 2214K, committed 2304K, reserved 1048576K
Event: 847.259 GC heap after
Heap after GC invocations=27 (full 1):
 PSYoungGen      total 315904K, used 5344K [0x00000007aab00000, 0x00000007bfc00000, 0x00000007c0000000)
  eden space 289792K, 0% used [0x00000007aab00000,0x00000007aab00000,0x00000007bc600000)
  from space 26112K, 20% used [0x00000007be280000,0x00000007be7b81a0,0x00000007bfc00000)
  to   space 27648K, 0% used [0x00000007bc600000,0x00000007bc600000,0x00000007be100000)
 ParOldGen       total 86528K, used 66833K [0x0000000780000000, 0x0000000785480000, 0x00000007aab00000)
  object space 86528K, 77% used [0x0000000780000000,0x0000000784144488,0x0000000785480000)
 Metaspace       used 26330K, capacity 26679K, committed 26880K, reserved 1073152K
  class space    used 2110K, capacity 2214K, committed 2304K, reserved 1048576K
}

