# JRE version: Java(TM) SE Runtime Environment (8.0_181-b13) (build 1.8.0_181-b13)
# Java VM: Java HotSpot(TM) 64-Bit Server VM (25.181-b13 mixed mode bsd-amd64 compressed oops)
Heap:
 PSYoungGen      total 59392K, used 2458K [0x00000007aab00000, 0x00000007af800000, 0x00000007c0000000)
  eden space 56320K, 4% used [0x00000007aab00000,0x00000007aad4e8d8,0x00000007ae200000)
  from space 3072K, 3% used [0x00000007af500000,0x00000007af518000,0x00000007af800000)
  to   space 11264K, 0% used [0x00000007ae200000,0x00000007ae200000,0x00000007aed00000)
 ParOldGen       total 43520K, used 15416K [0x0000000780000000, 0x0000000782a80000, 0x00000007aab00000)
  object space 43520K, 35% used [0x0000000780000000,0x0000000780f0e1a0,0x0000000782a80000)
 Metaspace       used 21253K, capacity 21649K, committed 22016K, reserved 1069056K
  class space    used 2115K, capacity 2224K, committed 2304K, reserved 1048576K
GC Heap History (10 events):
Event: 20.616 GC heap before
{Heap before GC invocations=3 (full 0):
 PSYoungGen      total 18944K, used 18928K [0x00000007aab00000, 0x00000007ac000000, 0x00000007c0000000)
  eden space 16384K, 100% used [0x00000007aab00000,0x00000007abb00000,0x00000007abb00000)
  from space 2560K, 99% used [0x00000007abd80000,0x00000007abffc010,0x00000007ac000000)
  to   space 2560K, 0% used [0x00000007abb00000,0x00000007abb00000,0x00000007abd80000)
 ParOldGen       total 44032K, used 2722K [0x0000000780000000, 0x0000000782b00000, 0x00000007aab00000)
  object space 44032K, 6% used [0x0000000780000000,0x00000007802a8950,0x0000000782b00000)
 Metaspace       used 17941K, capacity 18263K, committed 18688K, reserved 1067008K
  class space    used 1854K, capacity 1957K, committed 2048K, reserved 1048576K
Event: 20.647 GC heap after
Heap after GC invocations=3 (full 0):
 PSYoungGen      total 18944K, used 2545K [0x00000007aab00000, 0x00000007ad000000, 0x00000007c0000000)
  eden space 16384K, 0% used [0x00000007aab00000,0x00000007aab00000,0x00000007abb00000)
  from space 2560K, 99% used [0x00000007abb00000,0x00000007abd7c770,0x00000007abd80000)
  to   space 2560K, 0% used [0x00000007acd80000,0x00000007acd80000,0x00000007ad000000)
 ParOldGen       total 44032K, used 6935K [0x0000000780000000, 0x0000000782b00000, 0x00000007aab00000)
  object space 44032K, 15% used [0x0000000780000000,0x00000007806c5e28,0x0000000782b00000)
 Metaspace       used 17941K, capacity 18263K, committed 18688K, reserved 1067008K
  class space    used 1854K, capacity 1957K, committed 2048K, reserved 1048576K
}
Event: 21.917 GC heap before
{Heap before GC invocations=4 (full 0):
 PSYoungGen      total 18944K, used 18929K [0x00000007aab00000, 0x00000007ad000000, 0x00000007c0000000)
  eden space 16384K, 100% used [0x00000007aab00000,0x00000007abb00000,0x00000007abb00000)
  from space 2560K, 99% used [0x00000007abb00000,0x00000007abd7c770,0x00000007abd80000)
  to   space 2560K, 0% used [0x00000007acd80000,0x00000007acd80000,0x00000007ad000000)
 ParOldGen       total 44032K, used 6935K [0x0000000780000000, 0x0000000782b00000, 0x00000007aab00000)
  object space 44032K, 15% used [0x0000000780000000,0x00000007806c5e28,0x0000000782b00000)
 Metaspace       used 20189K, capacity 20575K, committed 20992K, reserved 1069056K
  class space    used 2085K, capacity 2191K, committed 2304K, reserved 1048576K
Event: 21.979 GC heap after
Heap after GC invocations=4 (full 0):
 PSYoungGen      total 35328K, used 2544K [0x00000007aab00000, 0x00000007ad000000, 0x00000007c0000000)
  eden space 32768K, 0% used [0x00000007aab00000,0x00000007aab00000,0x00000007acb00000)
  from space 2560K, 99% used [0x00000007acd80000,0x00000007acffc050,0x00000007ad000000)
  to   space 2560K, 0% used [0x00000007acb00000,0x00000007acb00000,0x00000007acd80000)
 ParOldGen       total 44032K, used 14644K [0x0000000780000000, 0x0000000782b00000, 0x00000007aab00000)
  object space 44032K, 33% used [0x0000000780000000,0x0000000780e4d318,0x0000000782b00000)
 Metaspace       used 20189K, capacity 20575K, committed 20992K, reserved 1069056K
  class space    used 2085K, capacity 2191K, committed 2304K, reserved 1048576K
}
Event: 22.918 GC heap before
{Heap before GC invocations=5 (full 0):
 PSYoungGen      total 35328K, used 19207K [0x00000007aab00000, 0x00000007ad000000, 0x00000007c0000000)
  eden space 32768K, 50% used [0x00000007aab00000,0x00000007abb45f18,0x00000007acb00000)
  from space 2560K, 99% used [0x00000007acd80000,0x00000007acffc050,0x00000007ad000000)
  to   space 2560K, 0% used [0x00000007acb00000,0x00000007acb00000,0x00000007acd80000)
 ParOldGen       total 44032K, used 14644K [0x0000000780000000, 0x0000000782b00000, 0x00000007aab00000)
  object space 44032K, 33% used [0x0000000780000000,0x0000000780e4d318,0x0000000782b00000)
 Metaspace       used 20633K, capacity 20913K, committed 21248K, reserved 1069056K
  class space    used 2103K, capacity 2192K, committed 2304K, reserved 1048576K
Event: 22.947 GC heap after
Heap after GC invocations=5 (full 0):
 PSYoungGen      total 35328K, used 2544K [0x00000007aab00000, 0x00000007aff00000, 0x00000007c0000000)
  eden space 32768K, 0% used [0x00000007aab00000,0x00000007aab00000,0x00000007acb00000)
  from space 2560K, 99% used [0x00000007acb00000,0x00000007acd7c040,0x00000007acd80000)
  to   space 10240K, 0% used [0x00000007af500000,0x00000007af500000,0x00000007aff00000)
 ParOldGen       total 44032K, used 18032K [0x0000000780000000, 0x0000000782b00000, 0x00000007aab00000)
  object space 44032K, 40% used [0x0000000780000000,0x000000078119c290,0x0000000782b00000)
 Metaspace       used 20633K, capacity 20913K, committed 21248K, reserved 1069056K
  class space    used 2103K, capacity 2192K, committed 2304K, reserved 1048576K
}
Event: 22.947 GC heap before
{Heap before GC invocations=6 (full 1):
 PSYoungGen      total 35328K, used 2544K [0x00000007aab00000, 0x00000007aff00000, 0x00000007c0000000)
  eden space 32768K, 0% used [0x00000007aab00000,0x00000007aab00000,0x00000007acb00000)
  from space 2560K, 99% used [0x00000007acb00000,0x00000007acd7c040,0x00000007acd80000)
  to   space 10240K, 0% used [0x00000007af500000,0x00000007af500000,0x00000007aff00000)
 ParOldGen       total 44032K, used 18032K [0x0000000780000000, 0x0000000782b00000, 0x00000007aab00000)
  object space 44032K, 40% used [0x0000000780000000,0x000000078119c290,0x0000000782b00000)
 Metaspace       used 20633K, capacity 20913K, committed 21248K, reserved 1069056K
  class space    used 2103K, capacity 2192K, committed 2304K, reserved 1048576K
Event: 23.100 GC heap after
Heap after GC invocations=6 (full 1):
 PSYoungGen      total 35328K, used 0K [0x00000007aab00000, 0x00000007aff00000, 0x00000007c0000000)
  eden space 32768K, 0% used [0x00000007aab00000,0x00000007aab00000,0x00000007acb00000)
  from space 2560K, 0% used [0x00000007acb00000,0x00000007acb00000,0x00000007acd80000)
  to   space 10240K, 0% used [0x00000007af500000,0x00000007af500000,0x00000007aff00000)
 ParOldGen       total 43520K, used 15408K [0x0000000780000000, 0x0000000782a80000, 0x00000007aab00000)
  object space 43520K, 35% used [0x0000000780000000,0x0000000780f0c1a0,0x0000000782a80000)
 Metaspace       used 20629K, capacity 20903K, committed 21248K, reserved 1069056K
  class space    used 2101K, capacity 2189K, committed 2304K, reserved 1048576K
}
Event: 43.957 GC heap before
{Heap before GC invocations=7 (full 1):
 PSYoungGen      total 35328K, used 32768K [0x00000007aab00000, 0x00000007aff00000, 0x00000007c0000000)
  eden space 32768K, 100% used [0x00000007aab00000,0x00000007acb00000,0x00000007acb00000)
  from space 2560K, 0% used [0x00000007acb00000,0x00000007acb00000,0x00000007acd80000)
  to   space 10240K, 0% used [0x00000007af500000,0x00000007af500000,0x00000007aff00000)
 ParOldGen       total 43520K, used 15408K [0x0000000780000000, 0x0000000782a80000, 0x00000007aab00000)
  object space 43520K, 35% used [0x0000000780000000,0x0000000780f0c1a0,0x0000000782a80000)
 Metaspace       used 21186K, capacity 21485K, committed 22016K, reserved 1069056K
  class space    used 2102K, capacity 2190K, committed 2304K, reserved 1048576K
Event: 43.960 GC heap after
Heap after GC invocations=7 (full 1):
 PSYoungGen      total 59392K, used 96K [0x00000007aab00000, 0x00000007af800000, 0x00000007c0000000)
  eden space 56320K, 0% used [0x00000007aab00000,0x00000007aab00000,0x00000007ae200000)
  from space 3072K, 3% used [0x00000007af500000,0x00000007af518000,0x00000007af800000)
  to   space 11264K, 0% used [0x00000007ae200000,0x00000007ae200000,0x00000007aed00000)
 ParOldGen       total 43520K, used 15416K [0x0000000780000000, 0x0000000782a80000, 0x00000007aab00000)
  object space 43520K, 35% used [0x0000000780000000,0x0000000780f0e1a0,0x0000000782a80000)
 Metaspace       used 21186K, capacity 21485K, committed 22016K, reserved 1069056K
  class space    used 2102K, capacity 2190K, committed 2304K, reserved 1048576K
}

