# JRE version: Java(TM) SE Runtime Environment (8.0_181-b13) (build 1.8.0_181-b13)
# Java VM: Java HotSpot(TM) 64-Bit Server VM (25.181-b13 mixed mode bsd-amd64 compressed oops)
Heap:
 PSYoungGen      total 123904K, used 71698K [0x00000007aab00000, 0x00000007b3280000, 0x00000007c0000000)
  eden space 110592K, 55% used [0x00000007aab00000,0x00000007ae67ea20,0x00000007b1700000)
  from space 13312K, 80% used [0x00000007b2480000,0x00000007b2f05f20,0x00000007b3180000)
  to   space 13824K, 0% used [0x00000007b1700000,0x00000007b1700000,0x00000007b2480000)
 ParOldGen       total 44544K, used 19079K [0x0000000780000000, 0x0000000782b80000, 0x00000007aab00000)
  object space 44544K, 42% used [0x0000000780000000,0x00000007812a1d80,0x0000000782b80000)
 Metaspace       used 27986K, capacity 28299K, committed 28544K, reserved 1075200K
  class space    used 2239K, capacity 2346K, committed 2432K, reserved 1048576K
GC Heap History (10 events):
Event: 9.267 GC heap before
{Heap before GC invocations=5 (full 0):
 PSYoungGen      total 35328K, used 15942K [0x00000007aab00000, 0x00000007ad000000, 0x00000007c0000000)
  eden space 32768K, 40% used [0x00000007aab00000,0x00000007ab8199e0,0x00000007acb00000)
  from space 2560K, 98% used [0x00000007acd80000,0x00000007acff8060,0x00000007ad000000)
  to   space 2560K, 0% used [0x00000007acb00000,0x00000007acb00000,0x00000007acd80000)
 ParOldGen       total 44032K, used 14836K [0x0000000780000000, 0x0000000782b00000, 0x00000007aab00000)
  object space 44032K, 33% used [0x0000000780000000,0x0000000780e7d368,0x0000000782b00000)
 Metaspace       used 20937K, capacity 21226K, committed 21296K, reserved 1069056K
  class space    used 2047K, capacity 2150K, committed 2176K, reserved 1048576K
Event: 9.287 GC heap after
Heap after GC invocations=5 (full 0):
 PSYoungGen      total 35328K, used 2528K [0x00000007aab00000, 0x00000007b0000000, 0x00000007c0000000)
  eden space 32768K, 0% used [0x00000007aab00000,0x00000007aab00000,0x00000007acb00000)
  from space 2560K, 98% used [0x00000007acb00000,0x00000007acd780a0,0x00000007acd80000)
  to   space 10752K, 0% used [0x00000007af580000,0x00000007af580000,0x00000007b0000000)
 ParOldGen       total 44032K, used 19444K [0x0000000780000000, 0x0000000782b00000, 0x00000007aab00000)
  object space 44032K, 44% used [0x0000000780000000,0x00000007812fd3c8,0x0000000782b00000)
 Metaspace       used 20937K, capacity 21226K, committed 21296K, reserved 1069056K
  class space    used 2047K, capacity 2150K, committed 2176K, reserved 1048576K
}
Event: 9.287 GC heap before
{Heap before GC invocations=6 (full 1):
 PSYoungGen      total 35328K, used 2528K [0x00000007aab00000, 0x00000007b0000000, 0x00000007c0000000)
  eden space 32768K, 0% used [0x00000007aab00000,0x00000007aab00000,0x00000007acb00000)
  from space 2560K, 98% used [0x00000007acb00000,0x00000007acd780a0,0x00000007acd80000)
  to   space 10752K, 0% used [0x00000007af580000,0x00000007af580000,0x00000007b0000000)
 ParOldGen       total 44032K, used 19444K [0x0000000780000000, 0x0000000782b00000, 0x00000007aab00000)
  object space 44032K, 44% used [0x0000000780000000,0x00000007812fd3c8,0x0000000782b00000)
 Metaspace       used 20937K, capacity 21226K, committed 21296K, reserved 1069056K
  class space    used 2047K, capacity 2150K, committed 2176K, reserved 1048576K
Event: 9.377 GC heap after
Heap after GC invocations=6 (full 1):
 PSYoungGen      total 35328K, used 0K [0x00000007aab00000, 0x00000007b0000000, 0x00000007c0000000)
  eden space 32768K, 0% used [0x00000007aab00000,0x00000007aab00000,0x00000007acb00000)
  from space 2560K, 0% used [0x00000007acb00000,0x00000007acb00000,0x00000007acd80000)
  to   space 10752K, 0% used [0x00000007af580000,0x00000007af580000,0x00000007b0000000)
 ParOldGen       total 44544K, used 17551K [0x0000000780000000, 0x0000000782b80000, 0x00000007aab00000)
  object space 44544K, 39% used [0x0000000780000000,0x0000000781123e70,0x0000000782b80000)
 Metaspace       used 20937K, capacity 21226K, committed 21296K, reserved 1069056K
  class space    used 2047K, capacity 2150K, committed 2176K, reserved 1048576K
}
Event: 11.868 GC heap before
{Heap before GC invocations=7 (full 1):
 PSYoungGen      total 35328K, used 32768K [0x00000007aab00000, 0x00000007b0000000, 0x00000007c0000000)
  eden space 32768K, 100% used [0x00000007aab00000,0x00000007acb00000,0x00000007acb00000)
  from space 2560K, 0% used [0x00000007acb00000,0x00000007acb00000,0x00000007acd80000)
  to   space 10752K, 0% used [0x00000007af580000,0x00000007af580000,0x00000007b0000000)
 ParOldGen       total 44544K, used 17551K [0x0000000780000000, 0x0000000782b80000, 0x00000007aab00000)
  object space 44544K, 39% used [0x0000000780000000,0x0000000781123e70,0x0000000782b80000)
 Metaspace       used 25989K, capacity 26328K, committed 26624K, reserved 1073152K
  class space    used 2115K, capacity 2215K, committed 2304K, reserved 1048576K
Event: 11.882 GC heap after
Heap after GC invocations=7 (full 1):
 PSYoungGen      total 68608K, used 7293K [0x00000007aab00000, 0x00000007afd00000, 0x00000007c0000000)
  eden space 60928K, 0% used [0x00000007aab00000,0x00000007aab00000,0x00000007ae680000)
  from space 7680K, 94% used [0x00000007af580000,0x00000007afc9f6a0,0x00000007afd00000)
  to   space 10752K, 0% used [0x00000007ae800000,0x00000007ae800000,0x00000007af280000)
 ParOldGen       total 44544K, used 17559K [0x0000000780000000, 0x0000000782b80000, 0x00000007aab00000)
  object space 44544K, 39% used [0x0000000780000000,0x0000000781125e70,0x0000000782b80000)
 Metaspace       used 25989K, capacity 26328K, committed 26624K, reserved 1073152K
  class space    used 2115K, capacity 2215K, committed 2304K, reserved 1048576K
}
Event: 18.049 GC heap before
{Heap before GC invocations=8 (full 1):
 PSYoungGen      total 68608K, used 68221K [0x00000007aab00000, 0x00000007afd00000, 0x00000007c0000000)
  eden space 60928K, 100% used [0x00000007aab00000,0x00000007ae680000,0x00000007ae680000)
  from space 7680K, 94% used [0x00000007af580000,0x00000007afc9f6a0,0x00000007afd00000)
  to   space 10752K, 0% used [0x00000007ae800000,0x00000007ae800000,0x00000007af280000)
 ParOldGen       total 44544K, used 17559K [0x0000000780000000, 0x0000000782b80000, 0x00000007aab00000)
  object space 44544K, 39% used [0x0000000780000000,0x0000000781125e70,0x0000000782b80000)
 Metaspace       used 27638K, capacity 27975K, committed 28288K, reserved 1075200K
  class space    used 2227K, capacity 2344K, committed 2432K, reserved 1048576K
Event: 18.068 GC heap after
Heap after GC invocations=8 (full 1):
 PSYoungGen      total 73216K, used 10743K [0x00000007aab00000, 0x00000007b3180000, 0x00000007c0000000)
  eden space 62464K, 0% used [0x00000007aab00000,0x00000007aab00000,0x00000007ae800000)
  from space 10752K, 99% used [0x00000007ae800000,0x00000007af27df20,0x00000007af280000)
  to   space 13312K, 0% used [0x00000007b2480000,0x00000007b2480000,0x00000007b3180000)
 ParOldGen       total 44544K, used 19071K [0x0000000780000000, 0x0000000782b80000, 0x00000007aab00000)
  object space 44544K, 42% used [0x0000000780000000,0x000000078129fd80,0x0000000782b80000)
 Metaspace       used 27638K, capacity 27975K, committed 28288K, reserved 1075200K
  class space    used 2227K, capacity 2344K, committed 2432K, reserved 1048576K
}
Event: 28.377 GC heap before
{Heap before GC invocations=9 (full 1):
 PSYoungGen      total 73216K, used 73207K [0x00000007aab00000, 0x00000007b3180000, 0x00000007c0000000)
  eden space 62464K, 100% used [0x00000007aab00000,0x00000007ae800000,0x00000007ae800000)
  from space 10752K, 99% used [0x00000007ae800000,0x00000007af27df20,0x00000007af280000)
  to   space 13312K, 0% used [0x00000007b2480000,0x00000007b2480000,0x00000007b3180000)
 ParOldGen       total 44544K, used 19071K [0x0000000780000000, 0x0000000782b80000, 0x00000007aab00000)
  object space 44544K, 42% used [0x0000000780000000,0x000000078129fd80,0x0000000782b80000)
 Metaspace       used 27895K, capacity 28295K, committed 28544K, reserved 1075200K
  class space    used 2227K, capacity 2344K, committed 2432K, reserved 1048576K
Event: 28.395 GC heap after
Heap after GC invocations=9 (full 1):
 PSYoungGen      total 123904K, used 10775K [0x00000007aab00000, 0x00000007b3280000, 0x00000007c0000000)
  eden space 110592K, 0% used [0x00000007aab00000,0x00000007aab00000,0x00000007b1700000)
  from space 13312K, 80% used [0x00000007b2480000,0x00000007b2f05f20,0x00000007b3180000)
  to   space 13824K, 0% used [0x00000007b1700000,0x00000007b1700000,0x00000007b2480000)
 ParOldGen       total 44544K, used 19079K [0x0000000780000000, 0x0000000782b80000, 0x00000007aab00000)
  object space 44544K, 42% used [0x0000000780000000,0x00000007812a1d80,0x0000000782b80000)
 Metaspace       used 27895K, capacity 28295K, committed 28544K, reserved 1075200K
  class space    used 2227K, capacity 2344K, committed 2432K, reserved 1048576K
}

