# JRE version: Java(TM) SE Runtime Environment (8.0_181-b13) (build 1.8.0_181-b13)
# Java VM: Java HotSpot(TM) 64-Bit Server VM (25.181-b13 mixed mode bsd-amd64 compressed oops)
Heap:
 PSYoungGen      total 348672K, used 17245K [0x00000007aab00000, 0x00000007c0000000, 0x00000007c0000000)
  eden space 348160K, 4% used [0x00000007aab00000,0x00000007abbb7648,0x00000007bff00000)
  from space 512K, 25% used [0x00000007bff00000,0x00000007bff20000,0x00000007bff80000)
  to   space 512K, 0% used [0x00000007bff80000,0x00000007bff80000,0x00000007c0000000)
 ParOldGen       total 81920K, used 58876K [0x0000000780000000, 0x0000000785000000, 0x00000007aab00000)
  object space 81920K, 71% used [0x0000000780000000,0x000000078397f3d8,0x0000000785000000)
 Metaspace       used 20011K, capacity 20379K, committed 20608K, reserved 1067008K
  class space    used 2000K, capacity 2101K, committed 2176K, reserved 1048576K
GC Heap History (10 events):
Event: 350.434 GC heap before
{Heap before GC invocations=486 (full 1):
 PSYoungGen      total 348672K, used 348224K [0x00000007aab00000, 0x00000007c0000000, 0x00000007c0000000)
  eden space 348160K, 100% used [0x00000007aab00000,0x00000007bff00000,0x00000007bff00000)
  from space 512K, 12% used [0x00000007bff80000,0x00000007bff90000,0x00000007c0000000)
  to   space 512K, 0% used [0x00000007bff00000,0x00000007bff00000,0x00000007bff80000)
 ParOldGen       total 81920K, used 58836K [0x0000000780000000, 0x0000000785000000, 0x00000007aab00000)
  object space 81920K, 71% used [0x0000000780000000,0x00000007839753d8,0x0000000785000000)
 Metaspace       used 19903K, capacity 20247K, committed 20608K, reserved 1067008K
  class space    used 1984K, capacity 2099K, committed 2176K, reserved 1048576K
Event: 350.436 GC heap after
Heap after GC invocations=486 (full 1):
 PSYoungGen      total 348672K, used 96K [0x00000007aab00000, 0x00000007c0000000, 0x00000007c0000000)
  eden space 348160K, 0% used [0x00000007aab00000,0x00000007aab00000,0x00000007bff00000)
  from space 512K, 18% used [0x00000007bff00000,0x00000007bff18000,0x00000007bff80000)
  to   space 512K, 0% used [0x00000007bff80000,0x00000007bff80000,0x00000007c0000000)
 ParOldGen       total 81920K, used 58844K [0x0000000780000000, 0x0000000785000000, 0x00000007aab00000)
  object space 81920K, 71% used [0x0000000780000000,0x00000007839773d8,0x0000000785000000)
 Metaspace       used 19903K, capacity 20247K, committed 20608K, reserved 1067008K
  class space    used 1984K, capacity 2099K, committed 2176K, reserved 1048576K
}
Event: 350.984 GC heap before
{Heap before GC invocations=487 (full 1):
 PSYoungGen      total 348672K, used 348256K [0x00000007aab00000, 0x00000007c0000000, 0x00000007c0000000)
  eden space 348160K, 100% used [0x00000007aab00000,0x00000007bff00000,0x00000007bff00000)
  from space 512K, 18% used [0x00000007bff00000,0x00000007bff18000,0x00000007bff80000)
  to   space 512K, 0% used [0x00000007bff80000,0x00000007bff80000,0x00000007c0000000)
 ParOldGen       total 81920K, used 58844K [0x0000000780000000, 0x0000000785000000, 0x00000007aab00000)
  object space 81920K, 71% used [0x0000000780000000,0x00000007839773d8,0x0000000785000000)
 Metaspace       used 19903K, capacity 20247K, committed 20608K, reserved 1067008K
  class space    used 1984K, capacity 2099K, committed 2176K, reserved 1048576K
Event: 350.987 GC heap after
Heap after GC invocations=487 (full 1):
 PSYoungGen      total 348672K, used 64K [0x00000007aab00000, 0x00000007c0000000, 0x00000007c0000000)
  eden space 348160K, 0% used [0x00000007aab00000,0x00000007aab00000,0x00000007bff00000)
  from space 512K, 12% used [0x00000007bff80000,0x00000007bff90000,0x00000007c0000000)
  to   space 512K, 0% used [0x00000007bff00000,0x00000007bff00000,0x00000007bff80000)
 ParOldGen       total 81920K, used 58844K [0x0000000780000000, 0x0000000785000000, 0x00000007aab00000)
  object space 81920K, 71% used [0x0000000780000000,0x00000007839773d8,0x0000000785000000)
 Metaspace       used 19903K, capacity 20247K, committed 20608K, reserved 1067008K
  class space    used 1984K, capacity 2099K, committed 2176K, reserved 1048576K
}
Event: 351.532 GC heap before
{Heap before GC invocations=488 (full 1):
 PSYoungGen      total 348672K, used 348224K [0x00000007aab00000, 0x00000007c0000000, 0x00000007c0000000)
  eden space 348160K, 100% used [0x00000007aab00000,0x00000007bff00000,0x00000007bff00000)
  from space 512K, 12% used [0x00000007bff80000,0x00000007bff90000,0x00000007c0000000)
  to   space 512K, 0% used [0x00000007bff00000,0x00000007bff00000,0x00000007bff80000)
 ParOldGen       total 81920K, used 58844K [0x0000000780000000, 0x0000000785000000, 0x00000007aab00000)
  object space 81920K, 71% used [0x0000000780000000,0x00000007839773d8,0x0000000785000000)
 Metaspace       used 19903K, capacity 20247K, committed 20608K, reserved 1067008K
  class space    used 1984K, capacity 2099K, committed 2176K, reserved 1048576K
Event: 351.534 GC heap after
Heap after GC invocations=488 (full 1):
 PSYoungGen      total 348672K, used 64K [0x00000007aab00000, 0x00000007c0000000, 0x00000007c0000000)
  eden space 348160K, 0% used [0x00000007aab00000,0x00000007aab00000,0x00000007bff00000)
  from space 512K, 12% used [0x00000007bff00000,0x00000007bff10000,0x00000007bff80000)
  to   space 512K, 0% used [0x00000007bff80000,0x00000007bff80000,0x00000007c0000000)
 ParOldGen       total 81920K, used 58852K [0x0000000780000000, 0x0000000785000000, 0x00000007aab00000)
  object space 81920K, 71% used [0x0000000780000000,0x00000007839793d8,0x0000000785000000)
 Metaspace       used 19903K, capacity 20247K, committed 20608K, reserved 1067008K
  class space    used 1984K, capacity 2099K, committed 2176K, reserved 1048576K
}
Event: 352.084 GC heap before
{Heap before GC invocations=489 (full 1):
 PSYoungGen      total 348672K, used 348224K [0x00000007aab00000, 0x00000007c0000000, 0x00000007c0000000)
  eden space 348160K, 100% used [0x00000007aab00000,0x00000007bff00000,0x00000007bff00000)
  from space 512K, 12% used [0x00000007bff00000,0x00000007bff10000,0x00000007bff80000)
  to   space 512K, 0% used [0x00000007bff80000,0x00000007bff80000,0x00000007c0000000)
 ParOldGen       total 81920K, used 58852K [0x0000000780000000, 0x0000000785000000, 0x00000007aab00000)
  object space 81920K, 71% used [0x0000000780000000,0x00000007839793d8,0x0000000785000000)
 Metaspace       used 19903K, capacity 20247K, committed 20608K, reserved 1067008K
  class space    used 1984K, capacity 2099K, committed 2176K, reserved 1048576K
Event: 352.088 GC heap after
Heap after GC invocations=489 (full 1):
 PSYoungGen      total 348672K, used 64K [0x00000007aab00000, 0x00000007c0000000, 0x00000007c0000000)
  eden space 348160K, 0% used [0x00000007aab00000,0x00000007aab00000,0x00000007bff00000)
  from space 512K, 12% used [0x00000007bff80000,0x00000007bff90000,0x00000007c0000000)
  to   space 512K, 0% used [0x00000007bff00000,0x00000007bff00000,0x00000007bff80000)
 ParOldGen       total 81920K, used 58860K [0x0000000780000000, 0x0000000785000000, 0x00000007aab00000)
  object space 81920K, 71% used [0x0000000780000000,0x000000078397b3d8,0x0000000785000000)
 Metaspace       used 19903K, capacity 20247K, committed 20608K, reserved 1067008K
  class space    used 1984K, capacity 2099K, committed 2176K, reserved 1048576K
}
Event: 353.016 GC heap before
{Heap before GC invocations=490 (full 1):
 PSYoungGen      total 348672K, used 348224K [0x00000007aab00000, 0x00000007c0000000, 0x00000007c0000000)
  eden space 348160K, 100% used [0x00000007aab00000,0x00000007bff00000,0x00000007bff00000)
  from space 512K, 12% used [0x00000007bff80000,0x00000007bff90000,0x00000007c0000000)
  to   space 512K, 0% used [0x00000007bff00000,0x00000007bff00000,0x00000007bff80000)
 ParOldGen       total 81920K, used 58860K [0x0000000780000000, 0x0000000785000000, 0x00000007aab00000)
  object space 81920K, 71% used [0x0000000780000000,0x000000078397b3d8,0x0000000785000000)
 Metaspace       used 19997K, capacity 20379K, committed 20608K, reserved 1067008K
  class space    used 1998K, capacity 2101K, committed 2176K, reserved 1048576K
Event: 353.020 GC heap after
Heap after GC invocations=490 (full 1):
 PSYoungGen      total 348672K, used 128K [0x00000007aab00000, 0x00000007c0000000, 0x00000007c0000000)
  eden space 348160K, 0% used [0x00000007aab00000,0x00000007aab00000,0x00000007bff00000)
  from space 512K, 25% used [0x00000007bff00000,0x00000007bff20000,0x00000007bff80000)
  to   space 512K, 0% used [0x00000007bff80000,0x00000007bff80000,0x00000007c0000000)
 ParOldGen       total 81920K, used 58876K [0x0000000780000000, 0x0000000785000000, 0x00000007aab00000)
  object space 81920K, 71% used [0x0000000780000000,0x000000078397f3d8,0x0000000785000000)
 Metaspace       used 19997K, capacity 20379K, committed 20608K, reserved 1067008K
  class space    used 1998K, capacity 2101K, committed 2176K, reserved 1048576K
}

