# JRE version: Java(TM) SE Runtime Environment (8.0_181-b13) (build 1.8.0_181-b13)
# Java VM: Java HotSpot(TM) 64-Bit Server VM (25.181-b13 mixed mode bsd-amd64 compressed oops)
Heap:
 PSYoungGen      total 93696K, used 39058K [0x00000007aab00000, 0x00000007b3480000, 0x00000007c0000000)
  eden space 78336K, 49% used [0x00000007aab00000,0x00000007ad1149e8,0x00000007af780000)
  from space 15360K, 0% used [0x00000007af780000,0x00000007af790000,0x00000007b0680000)
  to   space 15360K, 0% used [0x00000007b2580000,0x00000007b2580000,0x00000007b3480000)
 ParOldGen       total 44544K, used 29312K [0x0000000780000000, 0x0000000782b80000, 0x00000007aab00000)
  object space 44544K, 65% used [0x0000000780000000,0x0000000781ca0308,0x0000000782b80000)
 Metaspace       used 28157K, capacity 28487K, committed 28800K, reserved 1075200K
  class space    used 2248K, capacity 2346K, committed 2432K, reserved 1048576K
GC Heap History (10 events):
Event: 15.898 GC heap before
{Heap before GC invocations=8 (full 1):
 PSYoungGen      total 40960K, used 32148K [0x00000007aab00000, 0x00000007ae000000, 0x00000007c0000000)
  eden space 30720K, 100% used [0x00000007aab00000,0x00000007ac900000,0x00000007ac900000)
  from space 10240K, 13% used [0x00000007ad600000,0x00000007ad765200,0x00000007ae000000)
  to   space 11776K, 0% used [0x00000007ac900000,0x00000007ac900000,0x00000007ad480000)
 ParOldGen       total 44544K, used 17583K [0x0000000780000000, 0x0000000782b80000, 0x00000007aab00000)
  object space 44544K, 39% used [0x0000000780000000,0x000000078112bca0,0x0000000782b80000)
 Metaspace       used 27030K, capacity 27418K, committed 27776K, reserved 1075200K
  class space    used 2213K, capacity 2344K, committed 2432K, reserved 1048576K
Event: 15.931 GC heap after
Heap after GC invocations=8 (full 1):
 PSYoungGen      total 42496K, used 8137K [0x00000007aab00000, 0x00000007af900000, 0x00000007c0000000)
  eden space 30720K, 0% used [0x00000007aab00000,0x00000007aab00000,0x00000007ac900000)
  from space 11776K, 69% used [0x00000007ac900000,0x00000007ad0f2570,0x00000007ad480000)
  to   space 11776K, 0% used [0x00000007aed80000,0x00000007aed80000,0x00000007af900000)
 ParOldGen       total 44544K, used 17591K [0x0000000780000000, 0x0000000782b80000, 0x00000007aab00000)
  object space 44544K, 39% used [0x0000000780000000,0x000000078112dca0,0x0000000782b80000)
 Metaspace       used 27030K, capacity 27418K, committed 27776K, reserved 1075200K
  class space    used 2213K, capacity 2344K, committed 2432K, reserved 1048576K
}
Event: 17.048 GC heap before
{Heap before GC invocations=9 (full 1):
 PSYoungGen      total 42496K, used 38742K [0x00000007aab00000, 0x00000007af900000, 0x00000007c0000000)
  eden space 30720K, 99% used [0x00000007aab00000,0x00000007ac8e3478,0x00000007ac900000)
  from space 11776K, 69% used [0x00000007ac900000,0x00000007ad0f2570,0x00000007ad480000)
  to   space 11776K, 0% used [0x00000007aed80000,0x00000007aed80000,0x00000007af900000)
 ParOldGen       total 44544K, used 17591K [0x0000000780000000, 0x0000000782b80000, 0x00000007aab00000)
  object space 44544K, 39% used [0x0000000780000000,0x000000078112dca0,0x0000000782b80000)
 Metaspace       used 27343K, capacity 27715K, committed 28032K, reserved 1075200K
  class space    used 2213K, capacity 2344K, committed 2432K, reserved 1048576K
Event: 17.089 GC heap after
Heap after GC invocations=9 (full 1):
 PSYoungGen      total 66048K, used 11643K [0x00000007aab00000, 0x00000007afd00000, 0x00000007c0000000)
  eden space 54272K, 0% used [0x00000007aab00000,0x00000007aab00000,0x00000007ae000000)
  from space 11776K, 98% used [0x00000007aed80000,0x00000007af8dec18,0x00000007af900000)
  to   space 13824K, 0% used [0x00000007ae000000,0x00000007ae000000,0x00000007aed80000)
 ParOldGen       total 44544K, used 17599K [0x0000000780000000, 0x0000000782b80000, 0x00000007aab00000)
  object space 44544K, 39% used [0x0000000780000000,0x000000078112fca0,0x0000000782b80000)
 Metaspace       used 27343K, capacity 27715K, committed 28032K, reserved 1075200K
  class space    used 2213K, capacity 2344K, committed 2432K, reserved 1048576K
}
Event: 24.854 GC heap before
{Heap before GC invocations=10 (full 1):
 PSYoungGen      total 66048K, used 65915K [0x00000007aab00000, 0x00000007afd00000, 0x00000007c0000000)
  eden space 54272K, 100% used [0x00000007aab00000,0x00000007ae000000,0x00000007ae000000)
  from space 11776K, 98% used [0x00000007aed80000,0x00000007af8dec18,0x00000007af900000)
  to   space 13824K, 0% used [0x00000007ae000000,0x00000007ae000000,0x00000007aed80000)
 ParOldGen       total 44544K, used 17599K [0x0000000780000000, 0x0000000782b80000, 0x00000007aab00000)
  object space 44544K, 39% used [0x0000000780000000,0x000000078112fca0,0x0000000782b80000)
 Metaspace       used 27723K, capacity 28035K, committed 28288K, reserved 1075200K
  class space    used 2221K, capacity 2344K, committed 2432K, reserved 1048576K
Event: 24.882 GC heap after
Heap after GC invocations=10 (full 1):
 PSYoungGen      total 68096K, used 10891K [0x00000007aab00000, 0x00000007b1600000, 0x00000007c0000000)
  eden space 54272K, 0% used [0x00000007aab00000,0x00000007aab00000,0x00000007ae000000)
  from space 13824K, 78% used [0x00000007ae000000,0x00000007aeaa2ce8,0x00000007aed80000)
  to   space 14848K, 0% used [0x00000007b0780000,0x00000007b0780000,0x00000007b1600000)
 ParOldGen       total 44544K, used 18813K [0x0000000780000000, 0x0000000782b80000, 0x00000007aab00000)
  object space 44544K, 42% used [0x0000000780000000,0x000000078125f650,0x0000000782b80000)
 Metaspace       used 27723K, capacity 28035K, committed 28288K, reserved 1075200K
  class space    used 2221K, capacity 2344K, committed 2432K, reserved 1048576K
}
Event: 33.032 GC heap before
{Heap before GC invocations=11 (full 1):
 PSYoungGen      total 68096K, used 65163K [0x00000007aab00000, 0x00000007b1600000, 0x00000007c0000000)
  eden space 54272K, 100% used [0x00000007aab00000,0x00000007ae000000,0x00000007ae000000)
  from space 13824K, 78% used [0x00000007ae000000,0x00000007aeaa2ce8,0x00000007aed80000)
  to   space 14848K, 0% used [0x00000007b0780000,0x00000007b0780000,0x00000007b1600000)
 ParOldGen       total 44544K, used 18813K [0x0000000780000000, 0x0000000782b80000, 0x00000007aab00000)
  object space 44544K, 42% used [0x0000000780000000,0x000000078125f650,0x0000000782b80000)
 Metaspace       used 27999K, capacity 28355K, committed 28800K, reserved 1075200K
  class space    used 2234K, capacity 2344K, committed 2432K, reserved 1048576K
Event: 33.050 GC heap after
Heap after GC invocations=11 (full 1):
 PSYoungGen      total 92672K, used 576K [0x00000007aab00000, 0x00000007b1580000, 0x00000007c0000000)
  eden space 78336K, 0% used [0x00000007aab00000,0x00000007aab00000,0x00000007af780000)
  from space 14336K, 4% used [0x00000007b0780000,0x00000007b0810010,0x00000007b1580000)
  to   space 15360K, 0% used [0x00000007af780000,0x00000007af780000,0x00000007b0680000)
 ParOldGen       total 44544K, used 28820K [0x0000000780000000, 0x0000000782b80000, 0x00000007aab00000)
  object space 44544K, 64% used [0x0000000780000000,0x0000000781c25248,0x0000000782b80000)
 Metaspace       used 27999K, capacity 28355K, committed 28800K, reserved 1075200K
  class space    used 2234K, capacity 2344K, committed 2432K, reserved 1048576K
}
Event: 44.538 GC heap before
{Heap before GC invocations=12 (full 1):
 PSYoungGen      total 92672K, used 78912K [0x00000007aab00000, 0x00000007b1580000, 0x00000007c0000000)
  eden space 78336K, 100% used [0x00000007aab00000,0x00000007af780000,0x00000007af780000)
  from space 14336K, 4% used [0x00000007b0780000,0x00000007b0810010,0x00000007b1580000)
  to   space 15360K, 0% used [0x00000007af780000,0x00000007af780000,0x00000007b0680000)
 ParOldGen       total 44544K, used 28820K [0x0000000780000000, 0x0000000782b80000, 0x00000007aab00000)
  object space 44544K, 64% used [0x0000000780000000,0x0000000781c25248,0x0000000782b80000)
 Metaspace       used 28033K, capacity 28419K, committed 28800K, reserved 1075200K
  class space    used 2234K, capacity 2344K, committed 2432K, reserved 1048576K
Event: 44.542 GC heap after
Heap after GC invocations=12 (full 1):
 PSYoungGen      total 93696K, used 64K [0x00000007aab00000, 0x00000007b3480000, 0x00000007c0000000)
  eden space 78336K, 0% used [0x00000007aab00000,0x00000007aab00000,0x00000007af780000)
  from space 15360K, 0% used [0x00000007af780000,0x00000007af790000,0x00000007b0680000)
  to   space 15360K, 0% used [0x00000007b2580000,0x00000007b2580000,0x00000007b3480000)
 ParOldGen       total 44544K, used 29312K [0x0000000780000000, 0x0000000782b80000, 0x00000007aab00000)
  object space 44544K, 65% used [0x0000000780000000,0x0000000781ca0308,0x0000000782b80000)
 Metaspace       used 28033K, capacity 28419K, committed 28800K, reserved 1075200K
  class space    used 2234K, capacity 2344K, committed 2432K, reserved 1048576K
}

