# JRE version: Java(TM) SE Runtime Environment (8.0_181-b13) (build 1.8.0_181-b13)
# Java VM: Java HotSpot(TM) 64-Bit Server VM (25.181-b13 mixed mode bsd-amd64 compressed oops)
Heap:
 PSYoungGen      total 19968K, used 8830K [0x00000007aab00000, 0x00000007b3580000, 0x00000007c0000000)
  eden space 19456K, 44% used [0x00000007aab00000,0x00000007ab373b48,0x00000007abe00000)
  from space 512K, 34% used [0x00000007b3500000,0x00000007b352c010,0x00000007b3580000)
  to   space 512K, 0% used [0x00000007b3480000,0x00000007b3480000,0x00000007b3500000)
 ParOldGen       total 44544K, used 29367K [0x0000000780000000, 0x0000000782b80000, 0x00000007aab00000)
  object space 44544K, 65% used [0x0000000780000000,0x0000000781cadd00,0x0000000782b80000)
 Metaspace       used 27853K, capacity 28179K, committed 28544K, reserved 1075200K
  class space    used 2220K, capacity 2346K, committed 2432K, reserved 1048576K
GC Heap History (10 events):
Event: 1998.315 GC heap before
{Heap before GC invocations=175 (full 1):
 PSYoungGen      total 19968K, used 19488K [0x00000007aab00000, 0x00000007b3580000, 0x00000007c0000000)
  eden space 19456K, 100% used [0x00000007aab00000,0x00000007abe00000,0x00000007abe00000)
  from space 512K, 6% used [0x00000007b3480000,0x00000007b3488000,0x00000007b3500000)
  to   space 512K, 0% used [0x00000007b3500000,0x00000007b3500000,0x00000007b3580000)
 ParOldGen       total 44544K, used 29359K [0x0000000780000000, 0x0000000782b80000, 0x00000007aab00000)
  object space 44544K, 65% used [0x0000000780000000,0x0000000781cabd00,0x0000000782b80000)
 Metaspace       used 27739K, capacity 28073K, committed 28544K, reserved 1075200K
  class space    used 2204K, capacity 2311K, committed 2432K, reserved 1048576K
Event: 1998.317 GC heap after
Heap after GC invocations=175 (full 1):
 PSYoungGen      total 19968K, used 32K [0x00000007aab00000, 0x00000007b3580000, 0x00000007c0000000)
  eden space 19456K, 0% used [0x00000007aab00000,0x00000007aab00000,0x00000007abe00000)
  from space 512K, 6% used [0x00000007b3500000,0x00000007b3508000,0x00000007b3580000)
  to   space 512K, 0% used [0x00000007b3480000,0x00000007b3480000,0x00000007b3500000)
 ParOldGen       total 44544K, used 29359K [0x0000000780000000, 0x0000000782b80000, 0x00000007aab00000)
  object space 44544K, 65% used [0x0000000780000000,0x0000000781cabd00,0x0000000782b80000)
 Metaspace       used 27739K, capacity 28073K, committed 28544K, reserved 1075200K
  class space    used 2204K, capacity 2311K, committed 2432K, reserved 1048576K
}
Event: 2003.449 GC heap before
{Heap before GC invocations=176 (full 1):
 PSYoungGen      total 19968K, used 19488K [0x00000007aab00000, 0x00000007b3580000, 0x00000007c0000000)
  eden space 19456K, 100% used [0x00000007aab00000,0x00000007abe00000,0x00000007abe00000)
  from space 512K, 6% used [0x00000007b3500000,0x00000007b3508000,0x00000007b3580000)
  to   space 512K, 0% used [0x00000007b3480000,0x00000007b3480000,0x00000007b3500000)
 ParOldGen       total 44544K, used 29359K [0x0000000780000000, 0x0000000782b80000, 0x00000007aab00000)
  object space 44544K, 65% used [0x0000000780000000,0x0000000781cabd00,0x0000000782b80000)
 Metaspace       used 27739K, capacity 28073K, committed 28544K, reserved 1075200K
  class space    used 2204K, capacity 2311K, committed 2432K, reserved 1048576K
Event: 2003.452 GC heap after
Heap after GC invocations=176 (full 1):
 PSYoungGen      total 19968K, used 64K [0x00000007aab00000, 0x00000007b3580000, 0x00000007c0000000)
  eden space 19456K, 0% used [0x00000007aab00000,0x00000007aab00000,0x00000007abe00000)
  from space 512K, 12% used [0x00000007b3480000,0x00000007b3490000,0x00000007b3500000)
  to   space 512K, 0% used [0x00000007b3500000,0x00000007b3500000,0x00000007b3580000)
 ParOldGen       total 44544K, used 29359K [0x0000000780000000, 0x0000000782b80000, 0x00000007aab00000)
  object space 44544K, 65% used [0x0000000780000000,0x0000000781cabd00,0x0000000782b80000)
 Metaspace       used 27739K, capacity 28073K, committed 28544K, reserved 1075200K
  class space    used 2204K, capacity 2311K, committed 2432K, reserved 1048576K
}
Event: 2008.496 GC heap before
{Heap before GC invocations=177 (full 1):
 PSYoungGen      total 19968K, used 19520K [0x00000007aab00000, 0x00000007b3580000, 0x00000007c0000000)
  eden space 19456K, 100% used [0x00000007aab00000,0x00000007abe00000,0x00000007abe00000)
  from space 512K, 12% used [0x00000007b3480000,0x00000007b3490000,0x00000007b3500000)
  to   space 512K, 0% used [0x00000007b3500000,0x00000007b3500000,0x00000007b3580000)
 ParOldGen       total 44544K, used 29359K [0x0000000780000000, 0x0000000782b80000, 0x00000007aab00000)
  object space 44544K, 65% used [0x0000000780000000,0x0000000781cabd00,0x0000000782b80000)
 Metaspace       used 27739K, capacity 28073K, committed 28544K, reserved 1075200K
  class space    used 2204K, capacity 2311K, committed 2432K, reserved 1048576K
Event: 2008.499 GC heap after
Heap after GC invocations=177 (full 1):
 PSYoungGen      total 19968K, used 32K [0x00000007aab00000, 0x00000007b3580000, 0x00000007c0000000)
  eden space 19456K, 0% used [0x00000007aab00000,0x00000007aab00000,0x00000007abe00000)
  from space 512K, 6% used [0x00000007b3500000,0x00000007b3508000,0x00000007b3580000)
  to   space 512K, 0% used [0x00000007b3480000,0x00000007b3480000,0x00000007b3500000)
 ParOldGen       total 44544K, used 29359K [0x0000000780000000, 0x0000000782b80000, 0x00000007aab00000)
  object space 44544K, 65% used [0x0000000780000000,0x0000000781cabd00,0x0000000782b80000)
 Metaspace       used 27739K, capacity 28073K, committed 28544K, reserved 1075200K
  class space    used 2204K, capacity 2311K, committed 2432K, reserved 1048576K
}
Event: 2013.924 GC heap before
{Heap before GC invocations=178 (full 1):
 PSYoungGen      total 19968K, used 19488K [0x00000007aab00000, 0x00000007b3580000, 0x00000007c0000000)
  eden space 19456K, 100% used [0x00000007aab00000,0x00000007abe00000,0x00000007abe00000)
  from space 512K, 6% used [0x00000007b3500000,0x00000007b3508000,0x00000007b3580000)
  to   space 512K, 0% used [0x00000007b3480000,0x00000007b3480000,0x00000007b3500000)
 ParOldGen       total 44544K, used 29359K [0x0000000780000000, 0x0000000782b80000, 0x00000007aab00000)
  object space 44544K, 65% used [0x0000000780000000,0x0000000781cabd00,0x0000000782b80000)
 Metaspace       used 27739K, capacity 28073K, committed 28544K, reserved 1075200K
  class space    used 2204K, capacity 2311K, committed 2432K, reserved 1048576K
Event: 2013.926 GC heap after
Heap after GC invocations=178 (full 1):
 PSYoungGen      total 19968K, used 64K [0x00000007aab00000, 0x00000007b3580000, 0x00000007c0000000)
  eden space 19456K, 0% used [0x00000007aab00000,0x00000007aab00000,0x00000007abe00000)
  from space 512K, 12% used [0x00000007b3480000,0x00000007b3490000,0x00000007b3500000)
  to   space 512K, 0% used [0x00000007b3500000,0x00000007b3500000,0x00000007b3580000)
 ParOldGen       total 44544K, used 29359K [0x0000000780000000, 0x0000000782b80000, 0x00000007aab00000)
  object space 44544K, 65% used [0x0000000780000000,0x0000000781cabd00,0x0000000782b80000)
 Metaspace       used 27739K, capacity 28073K, committed 28544K, reserved 1075200K
  class space    used 2204K, capacity 2311K, committed 2432K, reserved 1048576K
}
Event: 2018.759 GC heap before
{Heap before GC invocations=179 (full 1):
 PSYoungGen      total 19968K, used 19520K [0x00000007aab00000, 0x00000007b3580000, 0x00000007c0000000)
  eden space 19456K, 100% used [0x00000007aab00000,0x00000007abe00000,0x00000007abe00000)
  from space 512K, 12% used [0x00000007b3480000,0x00000007b3490000,0x00000007b3500000)
  to   space 512K, 0% used [0x00000007b3500000,0x00000007b3500000,0x00000007b3580000)
 ParOldGen       total 44544K, used 29359K [0x0000000780000000, 0x0000000782b80000, 0x00000007aab00000)
  object space 44544K, 65% used [0x0000000780000000,0x0000000781cabd00,0x0000000782b80000)
 Metaspace       used 27781K, capacity 28175K, committed 28544K, reserved 1075200K
  class space    used 2206K, capacity 2344K, committed 2432K, reserved 1048576K
Event: 2018.763 GC heap after
Heap after GC invocations=179 (full 1):
 PSYoungGen      total 19968K, used 176K [0x00000007aab00000, 0x00000007b3580000, 0x00000007c0000000)
  eden space 19456K, 0% used [0x00000007aab00000,0x00000007aab00000,0x00000007abe00000)
  from space 512K, 34% used [0x00000007b3500000,0x00000007b352c010,0x00000007b3580000)
  to   space 512K, 0% used [0x00000007b3480000,0x00000007b3480000,0x00000007b3500000)
 ParOldGen       total 44544K, used 29367K [0x0000000780000000, 0x0000000782b80000, 0x00000007aab00000)
  object space 44544K, 65% used [0x0000000780000000,0x0000000781cadd00,0x0000000782b80000)
 Metaspace       used 27781K, capacity 28175K, committed 28544K, reserved 1075200K
  class space    used 2206K, capacity 2344K, committed 2432K, reserved 1048576K
}

