# JRE version: Java(TM) SE Runtime Environment (8.0_181-b13) (build 1.8.0_181-b13)
# Java VM: Java HotSpot(TM) 64-Bit Server VM (25.181-b13 mixed mode bsd-amd64 compressed oops)
Heap:
 PSYoungGen      total 321024K, used 100846K [0x00000007aab00000, 0x00000007bf180000, 0x00000007c0000000)
  eden space 309760K, 32% used [0x00000007aab00000,0x00000007b0d6ba78,0x00000007bd980000)
  from space 11264K, 0% used [0x00000007be680000,0x00000007be690000,0x00000007bf180000)
  to   space 12288K, 0% used [0x00000007bd980000,0x00000007bd980000,0x00000007be580000)
 ParOldGen       total 86528K, used 72696K [0x0000000780000000, 0x0000000785480000, 0x00000007aab00000)
  object space 86528K, 84% used [0x0000000780000000,0x00000007846fe210,0x0000000785480000)
 Metaspace       used 26459K, capacity 26745K, committed 27136K, reserved 1075200K
  class space    used 2117K, capacity 2215K, committed 2304K, reserved 1048576K
GC Heap History (10 events):
Event: 94.980 GC heap before
{Heap before GC invocations=41 (full 1):
 PSYoungGen      total 317952K, used 301120K [0x00000007aab00000, 0x00000007bf280000, 0x00000007c0000000)
  eden space 301056K, 100% used [0x00000007aab00000,0x00000007bd100000,0x00000007bd100000)
  from space 16896K, 0% used [0x00000007bd100000,0x00000007bd110000,0x00000007be180000)
  to   space 15872K, 0% used [0x00000007be300000,0x00000007be300000,0x00000007bf280000)
 ParOldGen       total 86528K, used 72672K [0x0000000780000000, 0x0000000785480000, 0x00000007aab00000)
  object space 86528K, 83% used [0x0000000780000000,0x00000007846f8210,0x0000000785480000)
 Metaspace       used 26412K, capacity 26741K, committed 27136K, reserved 1075200K
  class space    used 2109K, capacity 2213K, committed 2304K, reserved 1048576K
Event: 94.997 GC heap after
Heap after GC invocations=41 (full 1):
 PSYoungGen      total 319488K, used 64K [0x00000007aab00000, 0x00000007bf200000, 0x00000007c0000000)
  eden space 304128K, 0% used [0x00000007aab00000,0x00000007aab00000,0x00000007bd400000)
  from space 15360K, 0% used [0x00000007be300000,0x00000007be310000,0x00000007bf200000)
  to   space 15360K, 0% used [0x00000007bd400000,0x00000007bd400000,0x00000007be300000)
 ParOldGen       total 86528K, used 72680K [0x0000000780000000, 0x0000000785480000, 0x00000007aab00000)
  object space 86528K, 83% used [0x0000000780000000,0x00000007846fa210,0x0000000785480000)
 Metaspace       used 26412K, capacity 26741K, committed 27136K, reserved 1075200K
  class space    used 2109K, capacity 2213K, committed 2304K, reserved 1048576K
}
Event: 98.297 GC heap before
{Heap before GC invocations=42 (full 1):
 PSYoungGen      total 319488K, used 304192K [0x00000007aab00000, 0x00000007bf200000, 0x00000007c0000000)
  eden space 304128K, 100% used [0x00000007aab00000,0x00000007bd400000,0x00000007bd400000)
  from space 15360K, 0% used [0x00000007be300000,0x00000007be310000,0x00000007bf200000)
  to   space 15360K, 0% used [0x00000007bd400000,0x00000007bd400000,0x00000007be300000)
 ParOldGen       total 86528K, used 72680K [0x0000000780000000, 0x0000000785480000, 0x00000007aab00000)
  object space 86528K, 83% used [0x0000000780000000,0x00000007846fa210,0x0000000785480000)
 Metaspace       used 26413K, capacity 26741K, committed 27136K, reserved 1075200K
  class space    used 2109K, capacity 2213K, committed 2304K, reserved 1048576K
Event: 98.315 GC heap after
Heap after GC invocations=42 (full 1):
 PSYoungGen      total 319488K, used 32K [0x00000007aab00000, 0x00000007bf400000, 0x00000007c0000000)
  eden space 304128K, 0% used [0x00000007aab00000,0x00000007aab00000,0x00000007bd400000)
  from space 15360K, 0% used [0x00000007bd400000,0x00000007bd408000,0x00000007be300000)
  to   space 14848K, 0% used [0x00000007be580000,0x00000007be580000,0x00000007bf400000)
 ParOldGen       total 86528K, used 72688K [0x0000000780000000, 0x0000000785480000, 0x00000007aab00000)
  object space 86528K, 84% used [0x0000000780000000,0x00000007846fc210,0x0000000785480000)
 Metaspace       used 26413K, capacity 26741K, committed 27136K, reserved 1075200K
  class space    used 2109K, capacity 2213K, committed 2304K, reserved 1048576K
}
Event: 102.064 GC heap before
{Heap before GC invocations=43 (full 1):
 PSYoungGen      total 319488K, used 304160K [0x00000007aab00000, 0x00000007bf400000, 0x00000007c0000000)
  eden space 304128K, 100% used [0x00000007aab00000,0x00000007bd400000,0x00000007bd400000)
  from space 15360K, 0% used [0x00000007bd400000,0x00000007bd408000,0x00000007be300000)
  to   space 14848K, 0% used [0x00000007be580000,0x00000007be580000,0x00000007bf400000)
 ParOldGen       total 86528K, used 72688K [0x0000000780000000, 0x0000000785480000, 0x00000007aab00000)
  object space 86528K, 84% used [0x0000000780000000,0x00000007846fc210,0x0000000785480000)
 Metaspace       used 26413K, capacity 26741K, committed 27136K, reserved 1075200K
  class space    used 2109K, capacity 2213K, committed 2304K, reserved 1048576K
Event: 102.082 GC heap after
Heap after GC invocations=43 (full 1):
 PSYoungGen      total 320000K, used 64K [0x00000007aab00000, 0x00000007bf200000, 0x00000007c0000000)
  eden space 307200K, 0% used [0x00000007aab00000,0x00000007aab00000,0x00000007bd700000)
  from space 12800K, 0% used [0x00000007be580000,0x00000007be590000,0x00000007bf200000)
  to   space 13824K, 0% used [0x00000007bd700000,0x00000007bd700000,0x00000007be480000)
 ParOldGen       total 86528K, used 72688K [0x0000000780000000, 0x0000000785480000, 0x00000007aab00000)
  object space 86528K, 84% used [0x0000000780000000,0x00000007846fc210,0x0000000785480000)
 Metaspace       used 26413K, capacity 26741K, committed 27136K, reserved 1075200K
  class space    used 2109K, capacity 2213K, committed 2304K, reserved 1048576K
}
Event: 105.897 GC heap before
{Heap before GC invocations=44 (full 1):
 PSYoungGen      total 320000K, used 307264K [0x00000007aab00000, 0x00000007bf200000, 0x00000007c0000000)
  eden space 307200K, 100% used [0x00000007aab00000,0x00000007bd700000,0x00000007bd700000)
  from space 12800K, 0% used [0x00000007be580000,0x00000007be590000,0x00000007bf200000)
  to   space 13824K, 0% used [0x00000007bd700000,0x00000007bd700000,0x00000007be480000)
 ParOldGen       total 86528K, used 72688K [0x0000000780000000, 0x0000000785480000, 0x00000007aab00000)
  object space 86528K, 84% used [0x0000000780000000,0x00000007846fc210,0x0000000785480000)
 Metaspace       used 26413K, capacity 26741K, committed 27136K, reserved 1075200K
  class space    used 2109K, capacity 2213K, committed 2304K, reserved 1048576K
Event: 105.901 GC heap after
Heap after GC invocations=44 (full 1):
 PSYoungGen      total 321024K, used 32K [0x00000007aab00000, 0x00000007bf380000, 0x00000007c0000000)
  eden space 307200K, 0% used [0x00000007aab00000,0x00000007aab00000,0x00000007bd700000)
  from space 13824K, 0% used [0x00000007bd700000,0x00000007bd708000,0x00000007be480000)
  to   space 13312K, 0% used [0x00000007be680000,0x00000007be680000,0x00000007bf380000)
 ParOldGen       total 86528K, used 72696K [0x0000000780000000, 0x0000000785480000, 0x00000007aab00000)
  object space 86528K, 84% used [0x0000000780000000,0x00000007846fe210,0x0000000785480000)
 Metaspace       used 26413K, capacity 26741K, committed 27136K, reserved 1075200K
  class space    used 2109K, capacity 2213K, committed 2304K, reserved 1048576K
}
Event: 108.456 GC heap before
{Heap before GC invocations=45 (full 1):
 PSYoungGen      total 321024K, used 307232K [0x00000007aab00000, 0x00000007bf380000, 0x00000007c0000000)
  eden space 307200K, 100% used [0x00000007aab00000,0x00000007bd700000,0x00000007bd700000)
  from space 13824K, 0% used [0x00000007bd700000,0x00000007bd708000,0x00000007be480000)
  to   space 13312K, 0% used [0x00000007be680000,0x00000007be680000,0x00000007bf380000)
 ParOldGen       total 86528K, used 72696K [0x0000000780000000, 0x0000000785480000, 0x00000007aab00000)
  object space 86528K, 84% used [0x0000000780000000,0x00000007846fe210,0x0000000785480000)
 Metaspace       used 26413K, capacity 26741K, committed 27136K, reserved 1075200K
  class space    used 2109K, capacity 2213K, committed 2304K, reserved 1048576K
Event: 108.464 GC heap after
Heap after GC invocations=45 (full 1):
 PSYoungGen      total 321024K, used 64K [0x00000007aab00000, 0x00000007bf180000, 0x00000007c0000000)
  eden space 309760K, 0% used [0x00000007aab00000,0x00000007aab00000,0x00000007bd980000)
  from space 11264K, 0% used [0x00000007be680000,0x00000007be690000,0x00000007bf180000)
  to   space 12288K, 0% used [0x00000007bd980000,0x00000007bd980000,0x00000007be580000)
 ParOldGen       total 86528K, used 72696K [0x0000000780000000, 0x0000000785480000, 0x00000007aab00000)
  object space 86528K, 84% used [0x0000000780000000,0x00000007846fe210,0x0000000785480000)
 Metaspace       used 26413K, capacity 26741K, committed 27136K, reserved 1075200K
  class space    used 2109K, capacity 2213K, committed 2304K, reserved 1048576K
}

