# JRE version: Java(TM) SE Runtime Environment (8.0_181-b13) (build 1.8.0_181-b13)
# Java VM: Java HotSpot(TM) 64-Bit Server VM (25.181-b13 mixed mode bsd-amd64 compressed oops)
Heap:
 PSYoungGen      total 159744K, used 48253K [0x00000007aab00000, 0x00000007b7300000, 0x00000007c0000000)
  eden space 122880K, 13% used [0x00000007aab00000,0x00000007abad4568,0x00000007b2300000)
  from space 36864K, 86% used [0x00000007b4b80000,0x00000007b6acaf40,0x00000007b6f80000)
  to   space 40960K, 0% used [0x00000007b2300000,0x00000007b2300000,0x00000007b4b00000)
 ParOldGen       total 91648K, used 49659K [0x0000000780000000, 0x0000000785980000, 0x00000007aab00000)
  object space 91648K, 54% used [0x0000000780000000,0x000000078307eea0,0x0000000785980000)
 Metaspace       used 18598K, capacity 18905K, committed 19200K, reserved 1067008K
  class space    used 1906K, capacity 2022K, committed 2048K, reserved 1048576K
GC Heap History (10 events):
Event: 14.729 GC heap before
{Heap before GC invocations=10 (full 1):
 PSYoungGen      total 81920K, used 23536K [0x00000007aab00000, 0x00000007b4280000, 0x00000007c0000000)
  eden space 58368K, 0% used [0x00000007aab00000,0x00000007aab00000,0x00000007ae400000)
  from space 23552K, 99% used [0x00000007ae400000,0x00000007afafc1f8,0x00000007afb00000)
  to   space 30720K, 0% used [0x00000007b2480000,0x00000007b2480000,0x00000007b4280000)
 ParOldGen       total 44032K, used 38842K [0x0000000780000000, 0x0000000782b00000, 0x00000007aab00000)
  object space 44032K, 88% used [0x0000000780000000,0x00000007825ee908,0x0000000782b00000)
 Metaspace       used 18287K, capacity 18605K, committed 18944K, reserved 1067008K
  class space    used 1888K, capacity 1986K, committed 2048K, reserved 1048576K
Event: 15.224 GC heap after
Heap after GC invocations=10 (full 1):
 PSYoungGen      total 81920K, used 0K [0x00000007aab00000, 0x00000007b4280000, 0x00000007c0000000)
  eden space 58368K, 0% used [0x00000007aab00000,0x00000007aab00000,0x00000007ae400000)
  from space 23552K, 0% used [0x00000007ae400000,0x00000007ae400000,0x00000007afb00000)
  to   space 30720K, 0% used [0x00000007b2480000,0x00000007b2480000,0x00000007b4280000)
 ParOldGen       total 75264K, used 43593K [0x0000000780000000, 0x0000000784980000, 0x00000007aab00000)
  object space 75264K, 57% used [0x0000000780000000,0x0000000782a924e8,0x0000000784980000)
 Metaspace       used 18287K, capacity 18605K, committed 18944K, reserved 1067008K
  class space    used 1888K, capacity 1986K, committed 2048K, reserved 1048576K
}
Event: 15.291 GC heap before
{Heap before GC invocations=11 (full 1):
 PSYoungGen      total 81920K, used 58368K [0x00000007aab00000, 0x00000007b4280000, 0x00000007c0000000)
  eden space 58368K, 100% used [0x00000007aab00000,0x00000007ae400000,0x00000007ae400000)
  from space 23552K, 0% used [0x00000007ae400000,0x00000007ae400000,0x00000007afb00000)
  to   space 30720K, 0% used [0x00000007b2480000,0x00000007b2480000,0x00000007b4280000)
 ParOldGen       total 75264K, used 43593K [0x0000000780000000, 0x0000000784980000, 0x00000007aab00000)
  object space 75264K, 57% used [0x0000000780000000,0x0000000782a924e8,0x0000000784980000)
 Metaspace       used 18287K, capacity 18605K, committed 18944K, reserved 1067008K
  class space    used 1888K, capacity 1986K, committed 2048K, reserved 1048576K
Event: 15.376 GC heap after
Heap after GC invocations=11 (full 1):
 PSYoungGen      total 117760K, used 27970K [0x00000007aab00000, 0x00000007b4300000, 0x00000007c0000000)
  eden space 87040K, 0% used [0x00000007aab00000,0x00000007aab00000,0x00000007b0000000)
  from space 30720K, 91% used [0x00000007b2480000,0x00000007b3fd0b78,0x00000007b4280000)
  to   space 34304K, 0% used [0x00000007b0000000,0x00000007b0000000,0x00000007b2180000)
 ParOldGen       total 75264K, used 43593K [0x0000000780000000, 0x0000000784980000, 0x00000007aab00000)
  object space 75264K, 57% used [0x0000000780000000,0x0000000782a924e8,0x0000000784980000)
 Metaspace       used 18287K, capacity 18605K, committed 18944K, reserved 1067008K
  class space    used 1888K, capacity 1986K, committed 2048K, reserved 1048576K
}
Event: 23.736 GC heap before
{Heap before GC invocations=12 (full 1):
 PSYoungGen      total 117760K, used 115010K [0x00000007aab00000, 0x00000007b4300000, 0x00000007c0000000)
  eden space 87040K, 100% used [0x00000007aab00000,0x00000007b0000000,0x00000007b0000000)
  from space 30720K, 91% used [0x00000007b2480000,0x00000007b3fd0b78,0x00000007b4280000)
  to   space 34304K, 0% used [0x00000007b0000000,0x00000007b0000000,0x00000007b2180000)
 ParOldGen       total 75264K, used 43593K [0x0000000780000000, 0x0000000784980000, 0x00000007aab00000)
  object space 75264K, 57% used [0x0000000780000000,0x0000000782a924e8,0x0000000784980000)
 Metaspace       used 18288K, capacity 18605K, committed 18944K, reserved 1067008K
  class space    used 1888K, capacity 1986K, committed 2048K, reserved 1048576K
Event: 23.857 GC heap after
Heap after GC invocations=12 (full 1):
 PSYoungGen      total 121344K, used 26442K [0x00000007aab00000, 0x00000007b6f80000, 0x00000007c0000000)
  eden space 87040K, 0% used [0x00000007aab00000,0x00000007aab00000,0x00000007b0000000)
  from space 34304K, 77% used [0x00000007b0000000,0x00000007b19d2a78,0x00000007b2180000)
  to   space 36864K, 0% used [0x00000007b4b80000,0x00000007b4b80000,0x00000007b6f80000)
 ParOldGen       total 75264K, used 62117K [0x0000000780000000, 0x0000000784980000, 0x00000007aab00000)
  object space 75264K, 82% used [0x0000000780000000,0x0000000783ca9770,0x0000000784980000)
 Metaspace       used 18288K, capacity 18605K, committed 18944K, reserved 1067008K
  class space    used 1888K, capacity 1986K, committed 2048K, reserved 1048576K
}
Event: 23.857 GC heap before
{Heap before GC invocations=13 (full 2):
 PSYoungGen      total 121344K, used 26442K [0x00000007aab00000, 0x00000007b6f80000, 0x00000007c0000000)
  eden space 87040K, 0% used [0x00000007aab00000,0x00000007aab00000,0x00000007b0000000)
  from space 34304K, 77% used [0x00000007b0000000,0x00000007b19d2a78,0x00000007b2180000)
  to   space 36864K, 0% used [0x00000007b4b80000,0x00000007b4b80000,0x00000007b6f80000)
 ParOldGen       total 75264K, used 62117K [0x0000000780000000, 0x0000000784980000, 0x00000007aab00000)
  object space 75264K, 82% used [0x0000000780000000,0x0000000783ca9770,0x0000000784980000)
 Metaspace       used 18288K, capacity 18605K, committed 18944K, reserved 1067008K
  class space    used 1888K, capacity 1986K, committed 2048K, reserved 1048576K
Event: 24.393 GC heap after
Heap after GC invocations=13 (full 2):
 PSYoungGen      total 121344K, used 0K [0x00000007aab00000, 0x00000007b6f80000, 0x00000007c0000000)
  eden space 87040K, 0% used [0x00000007aab00000,0x00000007aab00000,0x00000007b0000000)
  from space 34304K, 0% used [0x00000007b0000000,0x00000007b0000000,0x00000007b2180000)
  to   space 36864K, 0% used [0x00000007b4b80000,0x00000007b4b80000,0x00000007b6f80000)
 ParOldGen       total 91648K, used 49659K [0x0000000780000000, 0x0000000785980000, 0x00000007aab00000)
  object space 91648K, 54% used [0x0000000780000000,0x000000078307eea0,0x0000000785980000)
 Metaspace       used 18288K, capacity 18605K, committed 18944K, reserved 1067008K
  class space    used 1888K, capacity 1986K, committed 2048K, reserved 1048576K
}
Event: 25.868 GC heap before
{Heap before GC invocations=14 (full 2):
 PSYoungGen      total 121344K, used 87040K [0x00000007aab00000, 0x00000007b6f80000, 0x00000007c0000000)
  eden space 87040K, 100% used [0x00000007aab00000,0x00000007b0000000,0x00000007b0000000)
  from space 34304K, 0% used [0x00000007b0000000,0x00000007b0000000,0x00000007b2180000)
  to   space 36864K, 0% used [0x00000007b4b80000,0x00000007b4b80000,0x00000007b6f80000)
 ParOldGen       total 91648K, used 49659K [0x0000000780000000, 0x0000000785980000, 0x00000007aab00000)
  object space 91648K, 54% used [0x0000000780000000,0x000000078307eea0,0x0000000785980000)
 Metaspace       used 18292K, capacity 18605K, committed 18944K, reserved 1067008K
  class space    used 1888K, capacity 1986K, committed 2048K, reserved 1048576K
Event: 26.013 GC heap after
Heap after GC invocations=14 (full 2):
 PSYoungGen      total 159744K, used 32043K [0x00000007aab00000, 0x00000007b7300000, 0x00000007c0000000)
  eden space 122880K, 0% used [0x00000007aab00000,0x00000007aab00000,0x00000007b2300000)
  from space 36864K, 86% used [0x00000007b4b80000,0x00000007b6acaf40,0x00000007b6f80000)
  to   space 40960K, 0% used [0x00000007b2300000,0x00000007b2300000,0x00000007b4b00000)
 ParOldGen       total 91648K, used 49659K [0x0000000780000000, 0x0000000785980000, 0x00000007aab00000)
  object space 91648K, 54% used [0x0000000780000000,0x000000078307eea0,0x0000000785980000)
 Metaspace       used 18292K, capacity 18605K, committed 18944K, reserved 1067008K
  class space    used 1888K, capacity 1986K, committed 2048K, reserved 1048576K
}

