# JRE version: Java(TM) SE Runtime Environment (8.0_181-b13) (build 1.8.0_181-b13)
# Java VM: Java HotSpot(TM) 64-Bit Server VM (25.181-b13 mixed mode bsd-amd64 compressed oops)
Heap:
 PSYoungGen      total 151552K, used 29600K [0x00000007aab00000, 0x00000007bb400000, 0x00000007c0000000)
  eden space 113664K, 26% used [0x00000007aab00000,0x00000007ac7e8248,0x00000007b1a00000)
  from space 37888K, 0% used [0x00000007b1a00000,0x00000007b1a00000,0x00000007b3f00000)
  to   space 57344K, 0% used [0x00000007b7c00000,0x00000007b7c00000,0x00000007bb400000)
 ParOldGen       total 140288K, used 80951K [0x0000000780000000, 0x0000000788900000, 0x00000007aab00000)
  object space 140288K, 57% used [0x0000000780000000,0x0000000784f0dd08,0x0000000788900000)
 Metaspace       used 18355K, capacity 18713K, committed 18944K, reserved 1067008K
  class space    used 1908K, capacity 2022K, committed 2048K, reserved 1048576K
GC Heap History (10 events):
Event: 10.515 GC heap before
{Heap before GC invocations=7 (full 0):
 PSYoungGen      total 79360K, used 78346K [0x00000007aab00000, 0x00000007b1000000, 0x00000007c0000000)
  eden space 62976K, 100% used [0x00000007aab00000,0x00000007ae880000,0x00000007ae880000)
  from space 16384K, 93% used [0x00000007afb00000,0x00000007b0a02a48,0x00000007b0b00000)
  to   space 18944K, 0% used [0x00000007ae880000,0x00000007ae880000,0x00000007afb00000)
 ParOldGen       total 44032K, used 26834K [0x0000000780000000, 0x0000000782b00000, 0x00000007aab00000)
  object space 44032K, 60% used [0x0000000780000000,0x0000000781a34858,0x0000000782b00000)
 Metaspace       used 18290K, capacity 18647K, committed 18944K, reserved 1067008K
  class space    used 1896K, capacity 2021K, committed 2048K, reserved 1048576K
Event: 10.738 GC heap after
Heap after GC invocations=7 (full 0):
 PSYoungGen      total 81920K, used 18937K [0x00000007aab00000, 0x00000007b6400000, 0x00000007c0000000)
  eden space 62976K, 0% used [0x00000007aab00000,0x00000007aab00000,0x00000007ae880000)
  from space 18944K, 99% used [0x00000007ae880000,0x00000007afafe4c8,0x00000007afb00000)
  to   space 31744K, 0% used [0x00000007b4500000,0x00000007b4500000,0x00000007b6400000)
 ParOldGen       total 45056K, used 44869K [0x0000000780000000, 0x0000000782c00000, 0x00000007aab00000)
  object space 45056K, 99% used [0x0000000780000000,0x0000000782bd16e0,0x0000000782c00000)
 Metaspace       used 18290K, capacity 18647K, committed 18944K, reserved 1067008K
  class space    used 1896K, capacity 2021K, committed 2048K, reserved 1048576K
}
Event: 10.738 GC heap before
{Heap before GC invocations=8 (full 1):
 PSYoungGen      total 81920K, used 18937K [0x00000007aab00000, 0x00000007b6400000, 0x00000007c0000000)
  eden space 62976K, 0% used [0x00000007aab00000,0x00000007aab00000,0x00000007ae880000)
  from space 18944K, 99% used [0x00000007ae880000,0x00000007afafe4c8,0x00000007afb00000)
  to   space 31744K, 0% used [0x00000007b4500000,0x00000007b4500000,0x00000007b6400000)
 ParOldGen       total 45056K, used 44869K [0x0000000780000000, 0x0000000782c00000, 0x00000007aab00000)
  object space 45056K, 99% used [0x0000000780000000,0x0000000782bd16e0,0x0000000782c00000)
 Metaspace       used 18290K, capacity 18647K, committed 18944K, reserved 1067008K
  class space    used 1896K, capacity 2021K, committed 2048K, reserved 1048576K
Event: 11.633 GC heap after
Heap after GC invocations=8 (full 1):
 PSYoungGen      total 81920K, used 3818K [0x00000007aab00000, 0x00000007b6400000, 0x00000007c0000000)
  eden space 62976K, 0% used [0x00000007aab00000,0x00000007aab00000,0x00000007ae880000)
  from space 18944K, 20% used [0x00000007ae880000,0x00000007aec3a828,0x00000007afb00000)
  to   space 31744K, 0% used [0x00000007b4500000,0x00000007b4500000,0x00000007b6400000)
 ParOldGen       total 84480K, used 44699K [0x0000000780000000, 0x0000000785280000, 0x00000007aab00000)
  object space 84480K, 52% used [0x0000000780000000,0x0000000782ba6ca0,0x0000000785280000)
 Metaspace       used 18289K, capacity 18645K, committed 18944K, reserved 1067008K
  class space    used 1896K, capacity 2020K, committed 2048K, reserved 1048576K
}
Event: 11.788 GC heap before
{Heap before GC invocations=9 (full 1):
 PSYoungGen      total 81920K, used 66794K [0x00000007aab00000, 0x00000007b6400000, 0x00000007c0000000)
  eden space 62976K, 100% used [0x00000007aab00000,0x00000007ae880000,0x00000007ae880000)
  from space 18944K, 20% used [0x00000007ae880000,0x00000007aec3a828,0x00000007afb00000)
  to   space 31744K, 0% used [0x00000007b4500000,0x00000007b4500000,0x00000007b6400000)
 ParOldGen       total 84480K, used 44699K [0x0000000780000000, 0x0000000785280000, 0x00000007aab00000)
  object space 84480K, 52% used [0x0000000780000000,0x0000000782ba6ca0,0x0000000785280000)
 Metaspace       used 18289K, capacity 18645K, committed 18944K, reserved 1067008K
  class space    used 1896K, capacity 2020K, committed 2048K, reserved 1048576K
Event: 12.036 GC heap after
Heap after GC invocations=9 (full 1):
 PSYoungGen      total 139264K, used 31742K [0x00000007aab00000, 0x00000007b6400000, 0x00000007c0000000)
  eden space 107520K, 0% used [0x00000007aab00000,0x00000007aab00000,0x00000007b1400000)
  from space 31744K, 99% used [0x00000007b4500000,0x00000007b63ff8f0,0x00000007b6400000)
  to   space 37888K, 0% used [0x00000007b1a00000,0x00000007b1a00000,0x00000007b3f00000)
 ParOldGen       total 84480K, used 45555K [0x0000000780000000, 0x0000000785280000, 0x00000007aab00000)
  object space 84480K, 53% used [0x0000000780000000,0x0000000782c7cca0,0x0000000785280000)
 Metaspace       used 18289K, capacity 18645K, committed 18944K, reserved 1067008K
  class space    used 1896K, capacity 2020K, committed 2048K, reserved 1048576K
}
Event: 12.555 GC heap before
{Heap before GC invocations=10 (full 1):
 PSYoungGen      total 139264K, used 139262K [0x00000007aab00000, 0x00000007b6400000, 0x00000007c0000000)
  eden space 107520K, 100% used [0x00000007aab00000,0x00000007b1400000,0x00000007b1400000)
  from space 31744K, 99% used [0x00000007b4500000,0x00000007b63ff8f0,0x00000007b6400000)
  to   space 37888K, 0% used [0x00000007b1a00000,0x00000007b1a00000,0x00000007b3f00000)
 ParOldGen       total 84480K, used 45555K [0x0000000780000000, 0x0000000785280000, 0x00000007aab00000)
  object space 84480K, 53% used [0x0000000780000000,0x0000000782c7cca0,0x0000000785280000)
 Metaspace       used 18289K, capacity 18645K, committed 18944K, reserved 1067008K
  class space    used 1896K, capacity 2020K, committed 2048K, reserved 1048576K
Event: 12.945 GC heap after
Heap after GC invocations=10 (full 1):
 PSYoungGen      total 151552K, used 37875K [0x00000007aab00000, 0x00000007bb400000, 0x00000007c0000000)
  eden space 113664K, 0% used [0x00000007aab00000,0x00000007aab00000,0x00000007b1a00000)
  from space 37888K, 99% used [0x00000007b1a00000,0x00000007b3efcf60,0x00000007b3f00000)
  to   space 57344K, 0% used [0x00000007b7c00000,0x00000007b7c00000,0x00000007bb400000)
 ParOldGen       total 84480K, used 77085K [0x0000000780000000, 0x0000000785280000, 0x00000007aab00000)
  object space 84480K, 91% used [0x0000000780000000,0x0000000784b476f8,0x0000000785280000)
 Metaspace       used 18289K, capacity 18645K, committed 18944K, reserved 1067008K
  class space    used 1896K, capacity 2020K, committed 2048K, reserved 1048576K
}
Event: 12.946 GC heap before
{Heap before GC invocations=11 (full 2):
 PSYoungGen      total 151552K, used 37875K [0x00000007aab00000, 0x00000007bb400000, 0x00000007c0000000)
  eden space 113664K, 0% used [0x00000007aab00000,0x00000007aab00000,0x00000007b1a00000)
  from space 37888K, 99% used [0x00000007b1a00000,0x00000007b3efcf60,0x00000007b3f00000)
  to   space 57344K, 0% used [0x00000007b7c00000,0x00000007b7c00000,0x00000007bb400000)
 ParOldGen       total 84480K, used 77085K [0x0000000780000000, 0x0000000785280000, 0x00000007aab00000)
  object space 84480K, 91% used [0x0000000780000000,0x0000000784b476f8,0x0000000785280000)
 Metaspace       used 18289K, capacity 18645K, committed 18944K, reserved 1067008K
  class space    used 1896K, capacity 2020K, committed 2048K, reserved 1048576K
Event: 13.829 GC heap after
Heap after GC invocations=11 (full 2):
 PSYoungGen      total 151552K, used 0K [0x00000007aab00000, 0x00000007bb400000, 0x00000007c0000000)
  eden space 113664K, 0% used [0x00000007aab00000,0x00000007aab00000,0x00000007b1a00000)
  from space 37888K, 0% used [0x00000007b1a00000,0x00000007b1a00000,0x00000007b3f00000)
  to   space 57344K, 0% used [0x00000007b7c00000,0x00000007b7c00000,0x00000007bb400000)
 ParOldGen       total 140288K, used 80951K [0x0000000780000000, 0x0000000788900000, 0x00000007aab00000)
  object space 140288K, 57% used [0x0000000780000000,0x0000000784f0dd08,0x0000000788900000)
 Metaspace       used 18289K, capacity 18645K, committed 18944K, reserved 1067008K
  class space    used 1896K, capacity 2020K, committed 2048K, reserved 1048576K
}

