# JRE version: Java(TM) SE Runtime Environment (8.0_181-b13) (build 1.8.0_181-b13)
# Java VM: Java HotSpot(TM) 64-Bit Server VM (25.181-b13 mixed mode bsd-amd64 compressed oops)
Heap:
 PSYoungGen      total 72704K, used 53363K [0x00000007aab00000, 0x00000007b3200000, 0x00000007c0000000)
  eden space 60928K, 68% used [0x00000007aab00000,0x00000007ad3a4310,0x00000007ae680000)
  from space 11776K, 99% used [0x00000007ae680000,0x00000007af1f8cb0,0x00000007af200000)
  to   space 13824K, 0% used [0x00000007b2480000,0x00000007b2480000,0x00000007b3200000)
 ParOldGen       total 44544K, used 17796K [0x0000000780000000, 0x0000000782b80000, 0x00000007aab00000)
  object space 44544K, 39% used [0x0000000780000000,0x0000000781161370,0x0000000782b80000)
 Metaspace       used 27879K, capacity 28171K, committed 28544K, reserved 1075200K
  class space    used 2240K, capacity 2346K, committed 2432K, reserved 1048576K
GC Heap History (10 events):
Event: 8.808 GC heap before
{Heap before GC invocations=4 (full 0):
 PSYoungGen      total 18944K, used 18693K [0x00000007aab00000, 0x00000007ad000000, 0x00000007c0000000)
  eden space 16384K, 98% used [0x00000007aab00000,0x00000007abac93c0,0x00000007abb00000)
  from space 2560K, 98% used [0x00000007abb00000,0x00000007abd78060,0x00000007abd80000)
  to   space 2560K, 0% used [0x00000007acd80000,0x00000007acd80000,0x00000007ad000000)
 ParOldGen       total 44032K, used 6993K [0x0000000780000000, 0x0000000782b00000, 0x00000007aab00000)
  object space 44032K, 15% used [0x0000000780000000,0x00000007806d4630,0x0000000782b00000)
 Metaspace       used 20046K, capacity 20377K, committed 20608K, reserved 1067008K
  class space    used 2047K, capacity 2150K, committed 2176K, reserved 1048576K
Event: 8.835 GC heap after
Heap after GC invocations=4 (full 0):
 PSYoungGen      total 35328K, used 2528K [0x00000007aab00000, 0x00000007ad000000, 0x00000007c0000000)
  eden space 32768K, 0% used [0x00000007aab00000,0x00000007aab00000,0x00000007acb00000)
  from space 2560K, 98% used [0x00000007acd80000,0x00000007acff8060,0x00000007ad000000)
  to   space 2560K, 0% used [0x00000007acb00000,0x00000007acb00000,0x00000007acd80000)
 ParOldGen       total 44032K, used 15068K [0x0000000780000000, 0x0000000782b00000, 0x00000007aab00000)
  object space 44032K, 34% used [0x0000000780000000,0x0000000780eb7340,0x0000000782b00000)
 Metaspace       used 20046K, capacity 20377K, committed 20608K, reserved 1067008K
  class space    used 2047K, capacity 2150K, committed 2176K, reserved 1048576K
}
Event: 8.890 GC heap before
{Heap before GC invocations=5 (full 0):
 PSYoungGen      total 35328K, used 15168K [0x00000007aab00000, 0x00000007ad000000, 0x00000007c0000000)
  eden space 32768K, 38% used [0x00000007aab00000,0x00000007ab758350,0x00000007acb00000)
  from space 2560K, 98% used [0x00000007acd80000,0x00000007acff8060,0x00000007ad000000)
  to   space 2560K, 0% used [0x00000007acb00000,0x00000007acb00000,0x00000007acd80000)
 ParOldGen       total 44032K, used 15068K [0x0000000780000000, 0x0000000782b00000, 0x00000007aab00000)
  object space 44032K, 34% used [0x0000000780000000,0x0000000780eb7340,0x0000000782b00000)
 Metaspace       used 20874K, capacity 21166K, committed 21296K, reserved 1069056K
  class space    used 2047K, capacity 2150K, committed 2176K, reserved 1048576K
Event: 8.911 GC heap after
Heap after GC invocations=5 (full 0):
 PSYoungGen      total 35328K, used 2544K [0x00000007aab00000, 0x00000007b0100000, 0x00000007c0000000)
  eden space 32768K, 0% used [0x00000007aab00000,0x00000007aab00000,0x00000007acb00000)
  from space 2560K, 99% used [0x00000007acb00000,0x00000007acd7c070,0x00000007acd80000)
  to   space 11264K, 0% used [0x00000007af600000,0x00000007af600000,0x00000007b0100000)
 ParOldGen       total 44032K, used 19684K [0x0000000780000000, 0x0000000782b00000, 0x00000007aab00000)
  object space 44032K, 44% used [0x0000000780000000,0x0000000781339390,0x0000000782b00000)
 Metaspace       used 20874K, capacity 21166K, committed 21296K, reserved 1069056K
  class space    used 2047K, capacity 2150K, committed 2176K, reserved 1048576K
}
Event: 8.911 GC heap before
{Heap before GC invocations=6 (full 1):
 PSYoungGen      total 35328K, used 2544K [0x00000007aab00000, 0x00000007b0100000, 0x00000007c0000000)
  eden space 32768K, 0% used [0x00000007aab00000,0x00000007aab00000,0x00000007acb00000)
  from space 2560K, 99% used [0x00000007acb00000,0x00000007acd7c070,0x00000007acd80000)
  to   space 11264K, 0% used [0x00000007af600000,0x00000007af600000,0x00000007b0100000)
 ParOldGen       total 44032K, used 19684K [0x0000000780000000, 0x0000000782b00000, 0x00000007aab00000)
  object space 44032K, 44% used [0x0000000780000000,0x0000000781339390,0x0000000782b00000)
 Metaspace       used 20874K, capacity 21166K, committed 21296K, reserved 1069056K
  class space    used 2047K, capacity 2150K, committed 2176K, reserved 1048576K
Event: 9.004 GC heap after
Heap after GC invocations=6 (full 1):
 PSYoungGen      total 35328K, used 0K [0x00000007aab00000, 0x00000007b0100000, 0x00000007c0000000)
  eden space 32768K, 0% used [0x00000007aab00000,0x00000007aab00000,0x00000007acb00000)
  from space 2560K, 0% used [0x00000007acb00000,0x00000007acb00000,0x00000007acd80000)
  to   space 11264K, 0% used [0x00000007af600000,0x00000007af600000,0x00000007b0100000)
 ParOldGen       total 44544K, used 17494K [0x0000000780000000, 0x0000000782b80000, 0x00000007aab00000)
  object space 44544K, 39% used [0x0000000780000000,0x0000000781115910,0x0000000782b80000)
 Metaspace       used 20874K, capacity 21166K, committed 21296K, reserved 1069056K
  class space    used 2047K, capacity 2150K, committed 2176K, reserved 1048576K
}
Event: 10.892 GC heap before
{Heap before GC invocations=7 (full 1):
 PSYoungGen      total 35328K, used 32768K [0x00000007aab00000, 0x00000007b0100000, 0x00000007c0000000)
  eden space 32768K, 100% used [0x00000007aab00000,0x00000007acb00000,0x00000007acb00000)
  from space 2560K, 0% used [0x00000007acb00000,0x00000007acb00000,0x00000007acd80000)
  to   space 11264K, 0% used [0x00000007af600000,0x00000007af600000,0x00000007b0100000)
 ParOldGen       total 44544K, used 17494K [0x0000000780000000, 0x0000000782b80000, 0x00000007aab00000)
  object space 44544K, 39% used [0x0000000780000000,0x0000000781115910,0x0000000782b80000)
 Metaspace       used 25619K, capacity 25946K, committed 26368K, reserved 1073152K
  class space    used 2082K, capacity 2184K, committed 2304K, reserved 1048576K
Event: 10.900 GC heap after
Heap after GC invocations=7 (full 1):
 PSYoungGen      total 68608K, used 1401K [0x00000007aab00000, 0x00000007afd80000, 0x00000007c0000000)
  eden space 60928K, 0% used [0x00000007aab00000,0x00000007aab00000,0x00000007ae680000)
  from space 7680K, 18% used [0x00000007af600000,0x00000007af75e5f0,0x00000007afd80000)
  to   space 11776K, 0% used [0x00000007ae680000,0x00000007ae680000,0x00000007af200000)
 ParOldGen       total 44544K, used 17502K [0x0000000780000000, 0x0000000782b80000, 0x00000007aab00000)
  object space 44544K, 39% used [0x0000000780000000,0x0000000781117910,0x0000000782b80000)
 Metaspace       used 25619K, capacity 25946K, committed 26368K, reserved 1073152K
  class space    used 2082K, capacity 2184K, committed 2304K, reserved 1048576K
}
Event: 15.539 GC heap before
{Heap before GC invocations=8 (full 1):
 PSYoungGen      total 68608K, used 62329K [0x00000007aab00000, 0x00000007afd80000, 0x00000007c0000000)
  eden space 60928K, 100% used [0x00000007aab00000,0x00000007ae680000,0x00000007ae680000)
  from space 7680K, 18% used [0x00000007af600000,0x00000007af75e5f0,0x00000007afd80000)
  to   space 11776K, 0% used [0x00000007ae680000,0x00000007ae680000,0x00000007af200000)
 ParOldGen       total 44544K, used 17502K [0x0000000780000000, 0x0000000782b80000, 0x00000007aab00000)
  object space 44544K, 39% used [0x0000000780000000,0x0000000781117910,0x0000000782b80000)
 Metaspace       used 27418K, capacity 27751K, committed 28032K, reserved 1075200K
  class space    used 2204K, capacity 2312K, committed 2432K, reserved 1048576K
Event: 15.560 GC heap after
Heap after GC invocations=8 (full 1):
 PSYoungGen      total 72704K, used 11747K [0x00000007aab00000, 0x00000007b3200000, 0x00000007c0000000)
  eden space 60928K, 0% used [0x00000007aab00000,0x00000007aab00000,0x00000007ae680000)
  from space 11776K, 99% used [0x00000007ae680000,0x00000007af1f8cb0,0x00000007af200000)
  to   space 13824K, 0% used [0x00000007b2480000,0x00000007b2480000,0x00000007b3200000)
 ParOldGen       total 44544K, used 17796K [0x0000000780000000, 0x0000000782b80000, 0x00000007aab00000)
  object space 44544K, 39% used [0x0000000780000000,0x0000000781161370,0x0000000782b80000)
 Metaspace       used 27418K, capacity 27751K, committed 28032K, reserved 1075200K
  class space    used 2204K, capacity 2312K, committed 2432K, reserved 1048576K
}

