# JRE version: Java(TM) SE Runtime Environment (8.0_181-b13) (build 1.8.0_181-b13)
# Java VM: Java HotSpot(TM) 64-Bit Server VM (25.181-b13 mixed mode bsd-amd64 compressed oops)
Heap:
 PSYoungGen      total 103424K, used 14790K [0x00000007aab00000, 0x00000007b3980000, 0x00000007c0000000)
  eden space 82432K, 11% used [0x00000007aab00000,0x00000007ab3e1918,0x00000007afb80000)
  from space 20992K, 27% used [0x00000007b2500000,0x00000007b2a900b0,0x00000007b3980000)
  to   space 31744K, 0% used [0x00000007afb80000,0x00000007afb80000,0x00000007b1a80000)
 ParOldGen       total 78336K, used 49687K [0x0000000780000000, 0x0000000784c80000, 0x00000007aab00000)
  object space 78336K, 63% used [0x0000000780000000,0x0000000783085db0,0x0000000784c80000)
 Metaspace       used 19252K, capacity 19609K, committed 19840K, reserved 1067008K
  class space    used 1960K, capacity 2060K, committed 2176K, reserved 1048576K
GC Heap History (10 events):
Event: 10.505 GC heap before
{Heap before GC invocations=7 (full 0):
 PSYoungGen      total 41472K, used 41270K [0x00000007aab00000, 0x00000007ae400000, 0x00000007c0000000)
  eden space 30720K, 99% used [0x00000007aab00000,0x00000007ac8d4a90,0x00000007ac900000)
  from space 10752K, 99% used [0x00000007ad580000,0x00000007adff8fb0,0x00000007ae000000)
  to   space 12800K, 0% used [0x00000007ac900000,0x00000007ac900000,0x00000007ad580000)
 ParOldGen       total 44032K, used 20124K [0x0000000780000000, 0x0000000782b00000, 0x00000007aab00000)
  object space 44032K, 45% used [0x0000000780000000,0x00000007813a7378,0x0000000782b00000)
 Metaspace       used 17859K, capacity 18187K, committed 18432K, reserved 1064960K
  class space    used 1840K, capacity 1953K, committed 2048K, reserved 1048576K
Event: 10.592 GC heap after
Heap after GC invocations=7 (full 0):
 PSYoungGen      total 43520K, used 12774K [0x00000007aab00000, 0x00000007b0e00000, 0x00000007c0000000)
  eden space 30720K, 0% used [0x00000007aab00000,0x00000007aab00000,0x00000007ac900000)
  from space 12800K, 99% used [0x00000007ac900000,0x00000007ad579928,0x00000007ad580000)
  to   space 19968K, 0% used [0x00000007afa80000,0x00000007afa80000,0x00000007b0e00000)
 ParOldGen       total 44032K, used 29858K [0x0000000780000000, 0x0000000782b00000, 0x00000007aab00000)
  object space 44032K, 67% used [0x0000000780000000,0x0000000781d289e0,0x0000000782b00000)
 Metaspace       used 17859K, capacity 18187K, committed 18432K, reserved 1064960K
  class space    used 1840K, capacity 1953K, committed 2048K, reserved 1048576K
}
Event: 12.432 GC heap before
{Heap before GC invocations=8 (full 0):
 PSYoungGen      total 43520K, used 43494K [0x00000007aab00000, 0x00000007b0e00000, 0x00000007c0000000)
  eden space 30720K, 100% used [0x00000007aab00000,0x00000007ac900000,0x00000007ac900000)
  from space 12800K, 99% used [0x00000007ac900000,0x00000007ad579928,0x00000007ad580000)
  to   space 19968K, 0% used [0x00000007afa80000,0x00000007afa80000,0x00000007b0e00000)
 ParOldGen       total 44032K, used 29858K [0x0000000780000000, 0x0000000782b00000, 0x00000007aab00000)
  object space 44032K, 67% used [0x0000000780000000,0x0000000781d289e0,0x0000000782b00000)
 Metaspace       used 17914K, capacity 18251K, committed 18432K, reserved 1064960K
  class space    used 1842K, capacity 1953K, committed 2048K, reserved 1048576K
Event: 12.502 GC heap after
Heap after GC invocations=8 (full 0):
 PSYoungGen      total 77824K, used 19948K [0x00000007aab00000, 0x00000007b1500000, 0x00000007c0000000)
  eden space 57856K, 0% used [0x00000007aab00000,0x00000007aab00000,0x00000007ae380000)
  from space 19968K, 99% used [0x00000007afa80000,0x00000007b0dfb388,0x00000007b0e00000)
  to   space 23552K, 0% used [0x00000007ae380000,0x00000007ae380000,0x00000007afa80000)
 ParOldGen       total 44032K, used 30822K [0x0000000780000000, 0x0000000782b00000, 0x00000007aab00000)
  object space 44032K, 70% used [0x0000000780000000,0x0000000781e19b98,0x0000000782b00000)
 Metaspace       used 17914K, capacity 18251K, committed 18432K, reserved 1064960K
  class space    used 1842K, capacity 1953K, committed 2048K, reserved 1048576K
}
Event: 15.893 GC heap before
{Heap before GC invocations=9 (full 0):
 PSYoungGen      total 77824K, used 77804K [0x00000007aab00000, 0x00000007b1500000, 0x00000007c0000000)
  eden space 57856K, 100% used [0x00000007aab00000,0x00000007ae380000,0x00000007ae380000)
  from space 19968K, 99% used [0x00000007afa80000,0x00000007b0dfb388,0x00000007b0e00000)
  to   space 23552K, 0% used [0x00000007ae380000,0x00000007ae380000,0x00000007afa80000)
 ParOldGen       total 44032K, used 30822K [0x0000000780000000, 0x0000000782b00000, 0x00000007aab00000)
  object space 44032K, 70% used [0x0000000780000000,0x0000000781e19b98,0x0000000782b00000)
 Metaspace       used 18850K, capacity 19231K, committed 19456K, reserved 1067008K
  class space    used 1925K, capacity 2023K, committed 2048K, reserved 1048576K
Event: 15.995 GC heap after
Heap after GC invocations=9 (full 0):
 PSYoungGen      total 81408K, used 23531K [0x00000007aab00000, 0x00000007b4480000, 0x00000007c0000000)
  eden space 57856K, 0% used [0x00000007aab00000,0x00000007aab00000,0x00000007ae380000)
  from space 23552K, 99% used [0x00000007ae380000,0x00000007afa7af90,0x00000007afa80000)
  to   space 32256K, 0% used [0x00000007b2500000,0x00000007b2500000,0x00000007b4480000)
 ParOldGen       total 44032K, used 42895K [0x0000000780000000, 0x0000000782b00000, 0x00000007aab00000)
  object space 44032K, 97% used [0x0000000780000000,0x00000007829e3ed0,0x0000000782b00000)
 Metaspace       used 18850K, capacity 19231K, committed 19456K, reserved 1067008K
  class space    used 1925K, capacity 2023K, committed 2048K, reserved 1048576K
}
Event: 15.995 GC heap before
{Heap before GC invocations=10 (full 1):
 PSYoungGen      total 81408K, used 23531K [0x00000007aab00000, 0x00000007b4480000, 0x00000007c0000000)
  eden space 57856K, 0% used [0x00000007aab00000,0x00000007aab00000,0x00000007ae380000)
  from space 23552K, 99% used [0x00000007ae380000,0x00000007afa7af90,0x00000007afa80000)
  to   space 32256K, 0% used [0x00000007b2500000,0x00000007b2500000,0x00000007b4480000)
 ParOldGen       total 44032K, used 42895K [0x0000000780000000, 0x0000000782b00000, 0x00000007aab00000)
  object space 44032K, 97% used [0x0000000780000000,0x00000007829e3ed0,0x0000000782b00000)
 Metaspace       used 18850K, capacity 19231K, committed 19456K, reserved 1067008K
  class space    used 1925K, capacity 2023K, committed 2048K, reserved 1048576K
Event: 16.536 GC heap after
Heap after GC invocations=10 (full 1):
 PSYoungGen      total 81408K, used 9367K [0x00000007aab00000, 0x00000007b4480000, 0x00000007c0000000)
  eden space 57856K, 0% used [0x00000007aab00000,0x00000007aab00000,0x00000007ae380000)
  from space 23552K, 39% used [0x00000007ae380000,0x00000007aeca5fb0,0x00000007afa80000)
  to   space 32256K, 0% used [0x00000007b2500000,0x00000007b2500000,0x00000007b4480000)
 ParOldGen       total 78336K, used 43999K [0x0000000780000000, 0x0000000784c80000, 0x00000007aab00000)
  object space 78336K, 56% used [0x0000000780000000,0x0000000782af7db0,0x0000000784c80000)
 Metaspace       used 18850K, capacity 19231K, committed 19456K, reserved 1067008K
  class space    used 1925K, capacity 2023K, committed 2048K, reserved 1048576K
}
Event: 17.435 GC heap before
{Heap before GC invocations=11 (full 1):
 PSYoungGen      total 81408K, used 67223K [0x00000007aab00000, 0x00000007b4480000, 0x00000007c0000000)
  eden space 57856K, 100% used [0x00000007aab00000,0x00000007ae380000,0x00000007ae380000)
  from space 23552K, 39% used [0x00000007ae380000,0x00000007aeca5fb0,0x00000007afa80000)
  to   space 32256K, 0% used [0x00000007b2500000,0x00000007b2500000,0x00000007b4480000)
 ParOldGen       total 78336K, used 43999K [0x0000000780000000, 0x0000000784c80000, 0x00000007aab00000)
  object space 78336K, 56% used [0x0000000780000000,0x0000000782af7db0,0x0000000784c80000)
 Metaspace       used 18911K, capacity 19239K, committed 19456K, reserved 1067008K
  class space    used 1927K, capacity 2023K, committed 2048K, reserved 1048576K
Event: 17.484 GC heap after
Heap after GC invocations=11 (full 1):
 PSYoungGen      total 103424K, used 5696K [0x00000007aab00000, 0x00000007b3980000, 0x00000007c0000000)
  eden space 82432K, 0% used [0x00000007aab00000,0x00000007aab00000,0x00000007afb80000)
  from space 20992K, 27% used [0x00000007b2500000,0x00000007b2a900b0,0x00000007b3980000)
  to   space 31744K, 0% used [0x00000007afb80000,0x00000007afb80000,0x00000007b1a80000)
 ParOldGen       total 78336K, used 49687K [0x0000000780000000, 0x0000000784c80000, 0x00000007aab00000)
  object space 78336K, 63% used [0x0000000780000000,0x0000000783085db0,0x0000000784c80000)
 Metaspace       used 18911K, capacity 19239K, committed 19456K, reserved 1067008K
  class space    used 1927K, capacity 2023K, committed 2048K, reserved 1048576K
}

