# JRE version: Java(TM) SE Runtime Environment (8.0_181-b13) (build 1.8.0_181-b13)
# Java VM: Java HotSpot(TM) 64-Bit Server VM (25.181-b13 mixed mode bsd-amd64 compressed oops)
Heap:
 PSYoungGen      total 124928K, used 61285K [0x00000007aab00000, 0x00000007b3480000, 0x00000007c0000000)
  eden space 112128K, 44% used [0x00000007aab00000,0x00000007adc45e30,0x00000007b1880000)
  from space 12800K, 84% used [0x00000007b2800000,0x00000007b32937b8,0x00000007b3480000)
  to   space 14336K, 0% used [0x00000007b1880000,0x00000007b1880000,0x00000007b2680000)
 ParOldGen       total 44544K, used 18967K [0x0000000780000000, 0x0000000782b80000, 0x00000007aab00000)
  object space 44544K, 42% used [0x0000000780000000,0x0000000781285c60,0x0000000782b80000)
 Metaspace       used 28107K, capacity 28447K, committed 28800K, reserved 1075200K
  class space    used 2242K, capacity 2346K, committed 2432K, reserved 1048576K
GC Heap History (10 events):
Event: 11.427 GC heap before
{Heap before GC invocations=5 (full 0):
 PSYoungGen      total 35328K, used 15549K [0x00000007aab00000, 0x00000007ad000000, 0x00000007c0000000)
  eden space 32768K, 39% used [0x00000007aab00000,0x00000007ab7b6e78,0x00000007acb00000)
  from space 2560K, 98% used [0x00000007acd80000,0x00000007acff8780,0x00000007ad000000)
  to   space 2560K, 0% used [0x00000007acb00000,0x00000007acb00000,0x00000007acd80000)
 ParOldGen       total 44032K, used 14911K [0x0000000780000000, 0x0000000782b00000, 0x00000007aab00000)
  object space 44032K, 33% used [0x0000000780000000,0x0000000780e8fda8,0x0000000782b00000)
 Metaspace       used 20800K, capacity 21118K, committed 21296K, reserved 1069056K
  class space    used 2045K, capacity 2150K, committed 2176K, reserved 1048576K
Event: 11.462 GC heap after
Heap after GC invocations=5 (full 0):
 PSYoungGen      total 35328K, used 2529K [0x00000007aab00000, 0x00000007b0100000, 0x00000007c0000000)
  eden space 32768K, 0% used [0x00000007aab00000,0x00000007aab00000,0x00000007acb00000)
  from space 2560K, 98% used [0x00000007acb00000,0x00000007acd78780,0x00000007acd80000)
  to   space 11264K, 0% used [0x00000007af600000,0x00000007af600000,0x00000007b0100000)
 ParOldGen       total 44032K, used 19527K [0x0000000780000000, 0x0000000782b00000, 0x00000007aab00000)
  object space 44032K, 44% used [0x0000000780000000,0x0000000781311e08,0x0000000782b00000)
 Metaspace       used 20800K, capacity 21118K, committed 21296K, reserved 1069056K
  class space    used 2045K, capacity 2150K, committed 2176K, reserved 1048576K
}
Event: 11.462 GC heap before
{Heap before GC invocations=6 (full 1):
 PSYoungGen      total 35328K, used 2529K [0x00000007aab00000, 0x00000007b0100000, 0x00000007c0000000)
  eden space 32768K, 0% used [0x00000007aab00000,0x00000007aab00000,0x00000007acb00000)
  from space 2560K, 98% used [0x00000007acb00000,0x00000007acd78780,0x00000007acd80000)
  to   space 11264K, 0% used [0x00000007af600000,0x00000007af600000,0x00000007b0100000)
 ParOldGen       total 44032K, used 19527K [0x0000000780000000, 0x0000000782b00000, 0x00000007aab00000)
  object space 44032K, 44% used [0x0000000780000000,0x0000000781311e08,0x0000000782b00000)
 Metaspace       used 20800K, capacity 21118K, committed 21296K, reserved 1069056K
  class space    used 2045K, capacity 2150K, committed 2176K, reserved 1048576K
Event: 11.573 GC heap after
Heap after GC invocations=6 (full 1):
 PSYoungGen      total 35328K, used 0K [0x00000007aab00000, 0x00000007b0100000, 0x00000007c0000000)
  eden space 32768K, 0% used [0x00000007aab00000,0x00000007aab00000,0x00000007acb00000)
  from space 2560K, 0% used [0x00000007acb00000,0x00000007acb00000,0x00000007acd80000)
  to   space 11264K, 0% used [0x00000007af600000,0x00000007af600000,0x00000007b0100000)
 ParOldGen       total 44544K, used 17612K [0x0000000780000000, 0x0000000782b80000, 0x00000007aab00000)
  object space 44544K, 39% used [0x0000000780000000,0x0000000781133158,0x0000000782b80000)
 Metaspace       used 20800K, capacity 21118K, committed 21296K, reserved 1069056K
  class space    used 2045K, capacity 2150K, committed 2176K, reserved 1048576K
}
Event: 15.297 GC heap before
{Heap before GC invocations=7 (full 1):
 PSYoungGen      total 35328K, used 32591K [0x00000007aab00000, 0x00000007b0100000, 0x00000007c0000000)
  eden space 32768K, 99% used [0x00000007aab00000,0x00000007acad3f40,0x00000007acb00000)
  from space 2560K, 0% used [0x00000007acb00000,0x00000007acb00000,0x00000007acd80000)
  to   space 11264K, 0% used [0x00000007af600000,0x00000007af600000,0x00000007b0100000)
 ParOldGen       total 44544K, used 17612K [0x0000000780000000, 0x0000000782b80000, 0x00000007aab00000)
  object space 44544K, 39% used [0x0000000780000000,0x0000000781133158,0x0000000782b80000)
 Metaspace       used 26066K, capacity 26386K, committed 26624K, reserved 1073152K
  class space    used 2132K, capacity 2248K, committed 2304K, reserved 1048576K
Event: 15.326 GC heap after
Heap after GC invocations=7 (full 1):
 PSYoungGen      total 68608K, used 4177K [0x00000007aab00000, 0x00000007afc80000, 0x00000007c0000000)
  eden space 61952K, 0% used [0x00000007aab00000,0x00000007aab00000,0x00000007ae780000)
  from space 6656K, 62% used [0x00000007af600000,0x00000007afa14540,0x00000007afc80000)
  to   space 10752K, 0% used [0x00000007ae780000,0x00000007ae780000,0x00000007af200000)
 ParOldGen       total 44544K, used 17620K [0x0000000780000000, 0x0000000782b80000, 0x00000007aab00000)
  object space 44544K, 39% used [0x0000000780000000,0x0000000781135158,0x0000000782b80000)
 Metaspace       used 26066K, capacity 26386K, committed 26624K, reserved 1073152K
  class space    used 2132K, capacity 2248K, committed 2304K, reserved 1048576K
}
Event: 23.149 GC heap before
{Heap before GC invocations=8 (full 1):
 PSYoungGen      total 68608K, used 66129K [0x00000007aab00000, 0x00000007afc80000, 0x00000007c0000000)
  eden space 61952K, 100% used [0x00000007aab00000,0x00000007ae780000,0x00000007ae780000)
  from space 6656K, 62% used [0x00000007af600000,0x00000007afa14540,0x00000007afc80000)
  to   space 10752K, 0% used [0x00000007ae780000,0x00000007ae780000,0x00000007af200000)
 ParOldGen       total 44544K, used 17620K [0x0000000780000000, 0x0000000782b80000, 0x00000007aab00000)
  object space 44544K, 39% used [0x0000000780000000,0x0000000781135158,0x0000000782b80000)
 Metaspace       used 27659K, capacity 27995K, committed 28288K, reserved 1075200K
  class space    used 2230K, capacity 2344K, committed 2432K, reserved 1048576K
Event: 23.198 GC heap after
Heap after GC invocations=8 (full 1):
 PSYoungGen      total 72704K, used 10750K [0x00000007aab00000, 0x00000007b3500000, 0x00000007c0000000)
  eden space 61952K, 0% used [0x00000007aab00000,0x00000007aab00000,0x00000007ae780000)
  from space 10752K, 99% used [0x00000007ae780000,0x00000007af1ff928,0x00000007af200000)
  to   space 13312K, 0% used [0x00000007b2800000,0x00000007b2800000,0x00000007b3500000)
 ParOldGen       total 44544K, used 18959K [0x0000000780000000, 0x0000000782b80000, 0x00000007aab00000)
  object space 44544K, 42% used [0x0000000780000000,0x0000000781283c60,0x0000000782b80000)
 Metaspace       used 27659K, capacity 27995K, committed 28288K, reserved 1075200K
  class space    used 2230K, capacity 2344K, committed 2432K, reserved 1048576K
}
Event: 38.547 GC heap before
{Heap before GC invocations=9 (full 1):
 PSYoungGen      total 72704K, used 72702K [0x00000007aab00000, 0x00000007b3500000, 0x00000007c0000000)
  eden space 61952K, 100% used [0x00000007aab00000,0x00000007ae780000,0x00000007ae780000)
  from space 10752K, 99% used [0x00000007ae780000,0x00000007af1ff928,0x00000007af200000)
  to   space 13312K, 0% used [0x00000007b2800000,0x00000007b2800000,0x00000007b3500000)
 ParOldGen       total 44544K, used 18959K [0x0000000780000000, 0x0000000782b80000, 0x00000007aab00000)
  object space 44544K, 42% used [0x0000000780000000,0x0000000781283c60,0x0000000782b80000)
 Metaspace       used 28016K, capacity 28379K, committed 28800K, reserved 1075200K
  class space    used 2230K, capacity 2344K, committed 2432K, reserved 1048576K
Event: 38.566 GC heap after
Heap after GC invocations=9 (full 1):
 PSYoungGen      total 124928K, used 10829K [0x00000007aab00000, 0x00000007b3480000, 0x00000007c0000000)
  eden space 112128K, 0% used [0x00000007aab00000,0x00000007aab00000,0x00000007b1880000)
  from space 12800K, 84% used [0x00000007b2800000,0x00000007b32937b8,0x00000007b3480000)
  to   space 14336K, 0% used [0x00000007b1880000,0x00000007b1880000,0x00000007b2680000)
 ParOldGen       total 44544K, used 18967K [0x0000000780000000, 0x0000000782b80000, 0x00000007aab00000)
  object space 44544K, 42% used [0x0000000780000000,0x0000000781285c60,0x0000000782b80000)
 Metaspace       used 28016K, capacity 28379K, committed 28800K, reserved 1075200K
  class space    used 2230K, capacity 2344K, committed 2432K, reserved 1048576K
}

